2024-07-20 00:13:15,561 [INFO] McuFinderGlobals:63 - Set McuFinder mode to 2 (CubeIDE integrated)
2024-07-20 00:13:15,588 [INFO] MainUpdater:2873 - connection check result : 10
2024-07-20 00:13:15,589 [INFO] MainUpdater:2873 - connection check result : 10
2024-07-20 00:13:15,642 [INFO] MicroXplorer:468 - Change Database Path : 
2024-07-20 00:13:15,642 [INFO] MicroXplorer:498 - Change Database Version : DB.6.0.110
2024-07-20 00:13:15,653 [WARN] ThirdParty:871 - waiting for thirdparty lock release [close project]
2024-07-20 00:13:15,653 [INFO] ThirdParty:873 - entering critical section [close project]
2024-07-20 00:13:15,656 [INFO] ThirdParty:883 - exiting critical section [close project]
2024-07-20 00:13:15,660 [INFO] PinOutPanel:1561 - setPackage(No Configuration,No Configuration)
2024-07-20 00:13:15,669 [INFO] UtilMem:75 - Begin LoadConfig() Used Memory: 889045136 Bytes (1073741824)
2024-07-20 00:13:15,671 [INFO] MicroXplorer:468 - Change Database Path : 
2024-07-20 00:13:15,671 [INFO] MicroXplorer:498 - Change Database Version : DB.6.0.110
2024-07-20 00:13:15,671 [INFO] OpenFileManager:312 - Change cursor
2024-07-20 00:13:15,726 [INFO] Mcu:2021 - Initializing MCU STM32F411R(C-E)Tx STM32F411RETx STM32F411RET6
2024-07-20 00:13:17,697 [INFO] Context:663 - Trying to add GPIOservice into a context  which must be forbidden
2024-07-20 00:13:18,419 [INFO] RtosManager:555 - Registered RTOS mode: class=CMSIS, group=RTOS, mode=CMSIS_V1, owner=FREERTOS
2024-07-20 00:13:18,419 [INFO] RtosManager:555 - Registered RTOS mode: class=CMSIS, group=RTOS2, mode=CMSIS_V2, owner=FREERTOS
2024-07-20 00:13:18,419 [INFO] RtosManager:555 - Registered RTOS mode: class=RTOS, group=Core, mode=CMSIS_V1, owner=FREERTOS
2024-07-20 00:13:18,420 [INFO] RtosManager:555 - Registered RTOS mode: class=RTOS, group=Core, mode=CMSIS_V2, owner=FREERTOS
2024-07-20 00:13:18,420 [WARN] ModelIntegratedComponent:184 - Missing modes for component STMicroelectronics:FreeRTOS:0.0.1:STMicroelectronics:RTOS:FreeRTOS:Core:::10.2.0:
2024-07-20 00:13:18,442 [WARN] ModelIntegratedComponent:182 - Modes not found for component STMicroelectronics:USB_HOST:1.0.0:STMicroelectronics:USB::USB Host:Audio HS::1.0:USB_HOST_1_0_RESTRICTED_HS
2024-07-20 00:13:18,443 [WARN] ModelIntegratedComponent:188 - Modes not found for component STMicroelectronics:USB_HOST:1.0.0:STMicroelectronics:USB::USB Host:Audio HS::1.0:USB_HOST_1_0_RESTRICTED_HS
2024-07-20 00:13:18,443 [WARN] ModelIntegratedComponent:182 - Modes not found for component STMicroelectronics:USB_HOST:1.0.0:STMicroelectronics:USB::USB Host:CDC HS::1.0:USB_HOST_1_0_RESTRICTED_HS
2024-07-20 00:13:18,443 [WARN] ModelIntegratedComponent:188 - Modes not found for component STMicroelectronics:USB_HOST:1.0.0:STMicroelectronics:USB::USB Host:CDC HS::1.0:USB_HOST_1_0_RESTRICTED_HS
2024-07-20 00:13:18,443 [WARN] ModelIntegratedComponent:182 - Modes not found for component STMicroelectronics:USB_HOST:1.0.0:STMicroelectronics:USB::USB Host:MSC HS::1.0:USB_HOST_1_0_RESTRICTED_HS
2024-07-20 00:13:18,443 [WARN] ModelIntegratedComponent:188 - Modes not found for component STMicroelectronics:USB_HOST:1.0.0:STMicroelectronics:USB::USB Host:MSC HS::1.0:USB_HOST_1_0_RESTRICTED_HS
2024-07-20 00:13:18,443 [WARN] ModelIntegratedComponent:182 - Modes not found for component STMicroelectronics:USB_HOST:1.0.0:STMicroelectronics:USB::USB Host:HID HS::1.0:USB_HOST_1_0_RESTRICTED_HS
2024-07-20 00:13:18,444 [WARN] ModelIntegratedComponent:188 - Modes not found for component STMicroelectronics:USB_HOST:1.0.0:STMicroelectronics:USB::USB Host:HID HS::1.0:USB_HOST_1_0_RESTRICTED_HS
2024-07-20 00:13:18,444 [WARN] ModelIntegratedComponent:182 - Modes not found for component STMicroelectronics:USB_HOST:1.0.0:STMicroelectronics:USB::USB Host:MTP HS::1.0:USB_HOST_1_0_RESTRICTED_HS
2024-07-20 00:13:18,444 [WARN] ModelIntegratedComponent:188 - Modes not found for component STMicroelectronics:USB_HOST:1.0.0:STMicroelectronics:USB::USB Host:MTP HS::1.0:USB_HOST_1_0_RESTRICTED_HS
2024-07-20 00:13:18,458 [WARN] ModelIntegratedComponent:63 - No mode defined for component null
2024-07-20 00:13:18,458 [WARN] ModelIntegratedComponent:63 - No mode defined for component null
2024-07-20 00:13:18,458 [WARN] ModelIntegratedComponent:63 - No mode defined for component null
2024-07-20 00:13:18,458 [WARN] ModelIntegratedComponent:63 - No mode defined for component null
2024-07-20 00:13:18,458 [WARN] ModelIntegratedComponent:63 - No mode defined for component null
2024-07-20 00:13:18,459 [WARN] ModelIntegratedComponent:63 - No mode defined for component null
2024-07-20 00:13:18,459 [WARN] ModelIntegratedComponent:63 - No mode defined for component null
2024-07-20 00:13:18,459 [WARN] ModelIntegratedComponent:63 - No mode defined for component null
2024-07-20 00:13:18,459 [WARN] ModelIntegratedComponent:63 - No mode defined for component null
2024-07-20 00:13:18,459 [WARN] ModelIntegratedComponent:63 - No mode defined for component null
2024-07-20 00:13:18,459 [WARN] ModelIntegratedComponent:63 - No mode defined for component null
2024-07-20 00:13:18,459 [WARN] ModelIntegratedComponent:63 - No mode defined for component null
2024-07-20 00:13:18,459 [WARN] ModelIntegratedComponent:63 - No mode defined for component null
2024-07-20 00:13:18,459 [WARN] ModelIntegratedComponent:63 - No mode defined for component null
2024-07-20 00:13:18,460 [WARN] ModelIntegratedComponent:63 - No mode defined for component null
2024-07-20 00:13:18,460 [WARN] ModelIntegratedComponent:63 - No mode defined for component null
2024-07-20 00:13:18,460 [WARN] ModelIntegratedComponent:63 - No mode defined for component null
2024-07-20 00:13:18,460 [WARN] ModelIntegratedComponent:63 - No mode defined for component null
2024-07-20 00:13:18,460 [WARN] ModelIntegratedComponent:63 - No mode defined for component null
2024-07-20 00:13:18,460 [WARN] ModelIntegratedComponent:63 - No mode defined for component null
2024-07-20 00:13:18,461 [WARN] ModelIntegratedComponent:63 - No mode defined for component null
2024-07-20 00:13:18,461 [WARN] ModelIntegratedComponent:63 - No mode defined for component null
2024-07-20 00:13:18,461 [WARN] ModelIntegratedComponent:63 - No mode defined for component null
2024-07-20 00:13:18,461 [WARN] ModelIntegratedComponent:63 - No mode defined for component null
2024-07-20 00:13:18,461 [WARN] ModelIntegratedComponent:63 - No mode defined for component null
2024-07-20 00:13:18,461 [WARN] ModelIntegratedComponent:63 - No mode defined for component null
2024-07-20 00:13:18,461 [WARN] ModelIntegratedComponent:63 - No mode defined for component null
2024-07-20 00:13:18,461 [WARN] ModelIntegratedComponent:63 - No mode defined for component null
2024-07-20 00:13:18,461 [WARN] ModelIntegratedComponent:63 - No mode defined for component null
2024-07-20 00:13:18,462 [WARN] ModelIntegratedComponent:63 - No mode defined for component null
2024-07-20 00:13:18,462 [WARN] ModelIntegratedComponent:63 - No mode defined for component null
2024-07-20 00:13:18,462 [WARN] ModelIntegratedComponent:63 - No mode defined for component null
2024-07-20 00:13:18,462 [WARN] ModelIntegratedComponent:63 - No mode defined for component null
2024-07-20 00:13:18,462 [WARN] ModelIntegratedComponent:63 - No mode defined for component null
2024-07-20 00:13:18,729 [WARN] ModelIntegratedComponent:182 - Modes not found for component STMicroelectronics:USB_DEVICE:1.0.0:STMicroelectronics:USB::USB Device:Audio HS::1.0:USB_DEVICE_1_0_RESTRICTED_HS
2024-07-20 00:13:18,730 [WARN] ModelIntegratedComponent:188 - Modes not found for component STMicroelectronics:USB_DEVICE:1.0.0:STMicroelectronics:USB::USB Device:Audio HS::1.0:USB_DEVICE_1_0_RESTRICTED_HS
2024-07-20 00:13:18,730 [WARN] ModelIntegratedComponent:182 - Modes not found for component STMicroelectronics:USB_DEVICE:1.0.0:STMicroelectronics:USB::USB Device:CDC HS::1.0:USB_DEVICE_1_0_RESTRICTED_HS
2024-07-20 00:13:18,730 [WARN] ModelIntegratedComponent:188 - Modes not found for component STMicroelectronics:USB_DEVICE:1.0.0:STMicroelectronics:USB::USB Device:CDC HS::1.0:USB_DEVICE_1_0_RESTRICTED_HS
2024-07-20 00:13:18,730 [WARN] ModelIntegratedComponent:182 - Modes not found for component STMicroelectronics:USB_DEVICE:1.0.0:STMicroelectronics:USB::USB Device:DFU HS::1.0:USB_DEVICE_1_0_RESTRICTED_HS
2024-07-20 00:13:18,730 [WARN] ModelIntegratedComponent:188 - Modes not found for component STMicroelectronics:USB_DEVICE:1.0.0:STMicroelectronics:USB::USB Device:DFU HS::1.0:USB_DEVICE_1_0_RESTRICTED_HS
2024-07-20 00:13:18,730 [WARN] ModelIntegratedComponent:182 - Modes not found for component STMicroelectronics:USB_DEVICE:1.0.0:STMicroelectronics:USB::USB Device:HID HS::1.0:USB_DEVICE_1_0_RESTRICTED_HS
2024-07-20 00:13:18,730 [WARN] ModelIntegratedComponent:188 - Modes not found for component STMicroelectronics:USB_DEVICE:1.0.0:STMicroelectronics:USB::USB Device:HID HS::1.0:USB_DEVICE_1_0_RESTRICTED_HS
2024-07-20 00:13:18,730 [WARN] ModelIntegratedComponent:182 - Modes not found for component STMicroelectronics:USB_DEVICE:1.0.0:STMicroelectronics:USB::USB Device:Custom HID HS::1.0:USB_DEVICE_1_0_RESTRICTED_HS
2024-07-20 00:13:18,730 [WARN] ModelIntegratedComponent:188 - Modes not found for component STMicroelectronics:USB_DEVICE:1.0.0:STMicroelectronics:USB::USB Device:Custom HID HS::1.0:USB_DEVICE_1_0_RESTRICTED_HS
2024-07-20 00:13:18,731 [WARN] ModelIntegratedComponent:182 - Modes not found for component STMicroelectronics:USB_DEVICE:1.0.0:STMicroelectronics:USB::USB Device:MSC HS::1.0:USB_DEVICE_1_0_RESTRICTED_HS
2024-07-20 00:13:18,731 [WARN] ModelIntegratedComponent:188 - Modes not found for component STMicroelectronics:USB_DEVICE:1.0.0:STMicroelectronics:USB::USB Device:MSC HS::1.0:USB_DEVICE_1_0_RESTRICTED_HS
2024-07-20 00:13:18,768 [INFO] ThirdPartyModel:298 - Start build external matchings
2024-07-20 00:13:19,279 [INFO] ThirdPartyModel:316 - End build external matchings
2024-07-20 00:13:19,293 [INFO] ImportTextPane:194 - (OptionalMessage_ERROR) IP (RCC) : Parameter (FLatency) has Id (AdvancedSettings) currently not set
2024-07-20 00:13:19,294 [INFO] ImportTextPane:194 - (OptionalMessage_ERROR) IP (RCC) : Parameter (RTCHSEDivFreq_Value) has invalid value (4000000)
2024-07-20 00:13:19,739 [INFO] ApiDb:581 - Connected to CubeFinder SQLite database (C:\Users\Sandip\.stmcufinder\plugins\mcufinder\mcu\cube-finder-db.db)
2024-07-20 00:13:19,832 [INFO] ApiDb:668 - CubeFinder database Data Model version=2.1
2024-07-20 00:13:19,832 [INFO] ApiDb:669 - CubeFinder database Configuration version=3.0.39
2024-07-20 00:13:19,833 [INFO] ApiDb:670 - CubeFinder database generation date=2024-06-20 (1718880634)
2024-07-20 00:13:19,833 [INFO] ApiDb:671 - CubeFinder database FW Pack versions=[FP-ATR-ASTRA1_V2.0.0, FP-SNS-FLIGHT1_V5.0.2, FP-SNS-MOTENV1_V5.0.0, FP-SNS-MOTENVWB1_V1.4.0, FP-SNS-SMARTAG2_V1.2.0, STM32Cube_FW_C0_V1.2.0, STM32Cube_FW_F4_V1.28.0, STM32Cube_FW_F7_V1.17.2, STM32Cube_FW_G0_V1.6.2, STM32Cube_FW_G4_V1.6.0, STM32Cube_FW_H5_V1.3.0, STM32Cube_FW_H7RS_V1.1.0, STM32Cube_FW_H7_V1.11.2, STM32Cube_FW_L0_V1.12.2, STM32Cube_FW_L5_V1.5.1, STM32Cube_FW_U0_V1.1.0, STM32Cube_FW_U5_V1.6.0, STM32Cube_FW_WB0_V1.0.0, STM32Cube_FW_WBA_V1.4.0, STM32Cube_FW_WB_V1.20.0, STM32Cube_FW_WL_V1.3.0, X-CUBE-ALGOBUILD_V1.4.0, X-CUBE-ALS_V1.0.2, X-CUBE-AZRTOS-F4_V1.1.0, X-CUBE-AZRTOS-F7_V1.1.0, X-CUBE-AZRTOS-G0_V1.1.0, X-CUBE-AZRTOS-G4_V2.0.0, X-CUBE-AZRTOS-H7RS_V1.0.0, X-CUBE-AZRTOS-H7_V3.2.0, X-CUBE-AZRTOS-L4_V2.0.0, X-CUBE-AZRTOS-L5_V1.1.0, X-CUBE-AZRTOS-WB_V2.0.0, X-CUBE-AZRTOS-WL_V2.0.0, X-CUBE-BLE1_V7.0.0, X-CUBE-BLE2_V3.3.0, X-CUBE-BLEMGR_V3.1.0, X-CUBE-EEPRMA1_V5.1.0, X-CUBE-FREERTOS_V1.2.0, X-CUBE-GNSS1_V6.0.0, X-CUBE-MEMS1_V10.0.0, X-CUBE-NFC4_V3.0.0, X-CUBE-NFC7_V1.0.1, X-CUBE-SFXS2LP1_V4.0.0, X-CUBE-SUBG2_V5.0.0, X-CUBE-TOF1_V3.4.1]
2024-07-20 00:13:19,923 [INFO] DbBoardsSqlite:226 - include board P-NUCLEO-WB55-NUCLEO as a kit item of type 'Nucleo-64'
2024-07-20 00:13:19,923 [INFO] DbBoardsSqlite:226 - include board P-NUCLEO-WB55-USBDONGLE as a kit item of type 'Nucleo USB Dongle'
2024-07-20 00:13:19,924 [INFO] DbBoardsSqlite:226 - include board STEVAL-IDP005V1 as a kit item of type 'Evaluation Board'
2024-07-20 00:13:19,924 [INFO] DbBoardsSqlite:226 - include board STEVAL-IDP005V2 as a kit item of type 'Evaluation Board'
2024-07-20 00:13:19,992 [INFO] ApiDb:240 - Found 483 in-development CPN: [B-G473E-ZEST1S, B-WB1M-WPAN1, B-WL5M-SUBG1, NUCLEO-C031C6, NUCLEO-H503RB, NUCLEO-H533RE, NUCLEO-H563ZI, NUCLEO-H7S3L8, NUCLEO-U031R8, NUCLEO-U083RC, NUCLEO-U545RE-Q, NUCLEO-U5A5ZJ-Q, NUCLEO-WBA52CG, NUCLEO-WBA55CG, STEVAL-PROTEUS1, STEVAL-SMARTAG2, STEVAL-STWINBX1, STM320518-EVAL, STM32C0116-DK, STM32C011D6Y3TR, STM32C011D6Y6TR, STM32C011F4P3, STM32C011F4P6, STM32C011F4U3, STM32C011F4U6TR, STM32C011F6P3, STM32C011F6P6, STM32C011F6U3, STM32C011F6U6TR, STM32C011J4M3, STM32C011J4M6, STM32C011J6M3, STM32C011J6M6, STM32C0316-DK, STM32C031C4T3, STM32C031C4T6, STM32C031C4U3, STM32C031C4U6, STM32C031C6T3, STM32C031C6T6, STM32C031C6U3, STM32C031C6U6, STM32C031F4P3, STM32C031F4P6, STM32C031F6P3, STM32C031F6P6, STM32C031G4U3, STM32C031G4U6, STM32C031G6U3, STM32C031G6U6, STM32C031K4T3, STM32C031K4T6, STM32C031K4U3, STM32C031K4U6, STM32C031K6T3, STM32C031K6T6, STM32C031K6U3, STM32C031K6U6, STM32G071K8TXN, STM32G071K8UXN, STM32G081GBU6N, STM32G081KBT6N, STM32G081KBUXN, STM32G0B1CCT6N, STM32G0B1KCT6, STM32G0B1NEY6TR, STM32G0B1RCT6N, STM32G0C1CCT6, STM32G0C1CCT6N, STM32G0C1CCU6N, STM32G0C1CET6N, STM32G0C1CEU6N, STM32G0C1KCT6, STM32G0C1NEY6TR, STM32G0C1RCI6N, STM32G0C1RCT6N, STM32G0C1REI6N, STM32G0C1RET6N, STM32G0C1VCI6, STM32G0C1VEI6, STM32G471CCT6, STM32G471CCU6, STM32G471CET3, STM32G471CET6, STM32G471CEU3, STM32G471CEU6, STM32G471MCT6, STM32G471MET3, STM32G471MET6, STM32G471MEY6TR, STM32G471QCT6, STM32G471QET3, STM32G471RCT6, STM32G471RET3, STM32G471RET6, STM32G471VCH6, STM32G471VCI6, STM32G471VCT6, STM32G471VEH3, STM32G471VEH6, STM32G471VEI3, STM32G471VEI6, STM32G471VET3, STM32G471VET6, STM32G474CCT6, STM32H503CBT6, STM32H503CBU6, STM32H503EBY6TR, STM32H503KBU6, STM32H503RBT6, STM32H523CCT6, STM32H523CCU6, STM32H523CET6, STM32H523CEU6, STM32H523HEY6TR, STM32H523RCT6, STM32H523RET6, STM32H523VCI6, STM32H523VCT6, STM32H523VEI6, STM32H523VET6, STM32H523ZCJ6, STM32H523ZCT6, STM32H523ZEJ6, STM32H523ZET6, STM32H533CET6, STM32H533CEU6, STM32H533HEY6TR, STM32H533RET6, STM32H533VEI6, STM32H533VET6, STM32H533ZEJ6, STM32H533ZET6, STM32H562AGI6, STM32H562AII6, STM32H562IGK6, STM32H562IGT6, STM32H562IIK6, STM32H562IIT6, STM32H562RGT6, STM32H562RGV6, STM32H562RIT6, STM32H562RIV6, STM32H562VGT6, STM32H562VIT6, STM32H562ZGT6, STM32H562ZIT6, STM32H563AGI6, STM32H563AII3Q, STM32H563AII6, STM32H563IGK6, STM32H563IGT6, STM32H563IIK3Q, STM32H563IIK6, STM32H563IIT3Q, STM32H563IIT6, STM32H563MIY3QTR, STM32H563RGT6, STM32H563RGV6, STM32H563RIT6, STM32H563RIV6, STM32H563VGT6, STM32H563VIT3Q, STM32H563VIT6, STM32H563ZGT6, STM32H563ZIT3Q, STM32H563ZIT6, STM32H573AII3Q, STM32H573AII6, STM32H573I-DK, STM32H573IIK3Q, STM32H573IIK6, STM32H573IIT3Q, STM32H573IIT6, STM32H573MIY3QTR, STM32H573RIT6, STM32H573RIV6, STM32H573VIT3Q, STM32H573VIT6, STM32H573ZIT3Q, STM32H573ZIT6, STM32H7R3A8I6, STM32H7R3I8K6, STM32H7R3I8T6, STM32H7R3L8H6, STM32H7R3L8H6H, STM32H7R3R8V6, STM32H7R3V8H6, STM32H7R3V8T6, STM32H7R3V8Y6, STM32H7R3Z8J6, STM32H7R3Z8T6, STM32H7R7A8I6, STM32H7R7I8K6, STM32H7R7I8T6, STM32H7R7L8H6, STM32H7R7L8H6H, STM32H7R7Z8J6, STM32H7S3A8I6, STM32H7S3I8K6, STM32H7S3I8T6, STM32H7S3L8H6, STM32H7S3L8H6H, STM32H7S3R8V6, STM32H7S3V8H6, STM32H7S3V8T6, STM32H7S3V8Y6, STM32H7S3Z8J6, STM32H7S3Z8T6, STM32H7S78-DK, STM32H7S7A8I6, STM32H7S7I8K6, STM32H7S7I8T6, STM32H7S7L8H6, STM32H7S7L8H6H, STM32H7S7Z8J6, STM32L4R5QGI6STR, STM32MP131AAE3, STM32MP131AAF3, STM32MP131AAG3, STM32MP131CAE3, STM32MP131CAF3, STM32MP131CAG3, STM32MP131DAE7, STM32MP131DAF7, STM32MP131DAG7, STM32MP131FAE7, STM32MP131FAF7, STM32MP131FAG7, STM32MP133AAE3, STM32MP133AAF3, STM32MP133AAG3, STM32MP133CAE3, STM32MP133CAF3, STM32MP133CAG3, STM32MP133DAE7, STM32MP133DAF7, STM32MP133DAG7, STM32MP133FAE7, STM32MP133FAF7, STM32MP133FAG7, STM32MP135AAE3, STM32MP135AAF3, STM32MP135AAG3, STM32MP135CAE3, STM32MP135CAF3, STM32MP135CAG3, STM32MP135DAE7, STM32MP135DAF7, STM32MP135DAG7, STM32MP135F-DK, STM32MP135FAE7, STM32MP135FAF7, STM32MP135FAF7T, STM32MP135FAF7U, STM32MP135FAG7, STM32U031C6T6, STM32U031C6U6, STM32U031C8T6, STM32U031C8U6, STM32U031F4P6, STM32U031F6P6, STM32U031F8P6, STM32U031G6Y6TR, STM32U031G8Y6TR, STM32U031K4U6, STM32U031K6U6, STM32U031K8U6, STM32U031R6I6, STM32U031R6T6, STM32U031R8I6, STM32U031R8T6, STM32U073C8T6, STM32U073C8U6, STM32U073CBT6, STM32U073CBU6, STM32U073CCT6, STM32U073CCU6, STM32U073H8Y6TR, STM32U073HBY6TR, STM32U073HCY6TR, STM32U073K8U6, STM32U073KBU6, STM32U073KCU6, STM32U073M8I6, STM32U073M8T6, STM32U073MBI6, STM32U073MBT6, STM32U073MCI6, STM32U073MCT6, STM32U073R8I6, STM32U073R8T6, STM32U073RBI6, STM32U073RBT6, STM32U073RCI6, STM32U073RCT6, STM32U083C-DK, STM32U083CCT6, STM32U083CCU6, STM32U083HCY6TR, STM32U083KCU6, STM32U083MCI6, STM32U083MCT6, STM32U083RCI6, STM32U083RCT6, STM32U535CBT6, STM32U535CBT6Q, STM32U535CBU6, STM32U535CBU6Q, STM32U535CCT6, STM32U535CCT6Q, STM32U535CCU6, STM32U535CCU6Q, STM32U535CET6, STM32U535CET6Q, STM32U535CEU6, STM32U535CEU6Q, STM32U535JEY6QTR, STM32U535NCY6QTR, STM32U535NEY6QTR, STM32U535RBI6, STM32U535RBI6Q, STM32U535RBT6, STM32U535RBT6Q, STM32U535RCI6, STM32U535RCI6Q, STM32U535RCT6, STM32U535RCT6Q, STM32U535REI6, STM32U535REI6Q, STM32U535RET6, STM32U535RET6Q, STM32U535VCI6, STM32U535VCI6Q, STM32U535VCT6, STM32U535VCT6Q, STM32U535VEI6, STM32U535VEI6Q, STM32U535VET6, STM32U535VET6Q, STM32U545CET6, STM32U545CET6Q, STM32U545CEU6, STM32U545CEU6Q, STM32U545JEY6QTR, STM32U545NEY6QTR, STM32U545REI6, STM32U545REI6Q, STM32U545RET6, STM32U545RET6Q, STM32U545VEI6, STM32U545VEI6Q, STM32U545VET6, STM32U545VET6Q, STM32U595AIH6, STM32U595AIH6Q, STM32U595AJH6, STM32U595AJH6Q, STM32U595QII6, STM32U595QII6Q, STM32U595QJI6, STM32U595QJI6Q, STM32U595RIT6, STM32U595RIT6Q, STM32U595RJT6, STM32U595RJT6Q, STM32U595VIT6, STM32U595VIT6Q, STM32U595VJT6, STM32U595VJT6Q, STM32U595ZIT6, STM32U595ZIT6Q, STM32U595ZIY6QTR, STM32U595ZJT6, STM32U595ZJT6Q, STM32U595ZJY6QTR, STM32U599BJY6QTR, STM32U599NIH6Q, STM32U599NJH6Q, STM32U599VIT6Q, STM32U599VJT6, STM32U599VJT6Q, STM32U599ZIT6Q, STM32U599ZIY6QTR, STM32U599ZJT6Q, STM32U599ZJY6QTR, STM32U5A5AJH6, STM32U5A5AJH6Q, STM32U5A5QII3Q , STM32U5A5QJI6, STM32U5A5QJI6Q, STM32U5A5RJT6, STM32U5A5RJT6Q, STM32U5A5VJT6, STM32U5A5VJT6Q, STM32U5A5ZJT6, STM32U5A5ZJT6Q, STM32U5A5ZJY6QTR, STM32U5A9BJY6QTR, STM32U5A9J-DK, STM32U5A9NJH6Q, STM32U5A9VJT6Q, STM32U5A9ZJT6Q, STM32U5A9ZJY6QTR, STM32U5F7VIT6, STM32U5F7VIT6Q, STM32U5F7VJT6, STM32U5F7VJT6Q, STM32U5F9BJY6QTR, STM32U5F9NJH6Q, STM32U5F9VIT6Q, STM32U5F9VJT6Q, STM32U5F9ZIJ6QTR, STM32U5F9ZIT6Q, STM32U5F9ZJJ6QTR, STM32U5F9ZJT6Q, STM32U5G7VJT6, STM32U5G7VJT6Q, STM32U5G9BJY6QTR, STM32U5G9J-DK1, STM32U5G9J-DK2, STM32U5G9NJH6Q, STM32U5G9VJT6Q, STM32U5G9ZJJ6QTR, STM32U5G9ZJT6Q, STM32WB1MMCH6, STM32WBA50KEU6, STM32WBA50KEU6TR, STM32WBA50KGU6, STM32WBA50KGU6TR, STM32WBA52CEU6, STM32WBA52CEU6TR, STM32WBA52CEU7, STM32WBA52CEU7TR, STM32WBA52CGU6, STM32WBA52CGU6TR, STM32WBA52CGU6U, STM32WBA52CGU7, STM32WBA52CGU7TR, STM32WBA52KEU6, STM32WBA52KEU6TR, STM32WBA52KGU6, STM32WBA52KGU6TR, STM32WBA54CEU6, STM32WBA54CEU6TR, STM32WBA54CEU7, STM32WBA54CEU7TR, STM32WBA54CGU6, STM32WBA54CGU6TR, STM32WBA54CGU7, STM32WBA54CGU7TR, STM32WBA54KEU6, STM32WBA54KEU6TR, STM32WBA54KEU7, STM32WBA54KEU7TR, STM32WBA54KGU6, STM32WBA54KGU6TR, STM32WBA54KGU7, STM32WBA54KGU7TR, STM32WBA55CEU6, STM32WBA55CEU6TR, STM32WBA55CEU7, STM32WBA55CEU7TR, STM32WBA55CGU6, STM32WBA55CGU6TR, STM32WBA55CGU6U, STM32WBA55CGU7, STM32WBA55CGU7TR, STM32WBA55G-DK1, STM32WBA55HEF6, STM32WBA55HEF7, STM32WBA55HGF6, STM32WBA55HGF7, STM32WBA55UEI6, STM32WBA55UEI6TR, STM32WBA55UEI7, STM32WBA55UEI7TR, STM32WBA55UGI6, STM32WBA55UGI6TR, STM32WBA55UGI7, STM32WBA55UGI7TR, STM32WL5MOCH6, STM32WL5MOCH6TR]
2024-07-20 00:13:19,996 [INFO] ApiDb:668 - CubeFinder database Data Model version=2.1
2024-07-20 00:13:19,996 [INFO] ApiDb:669 - CubeFinder database Configuration version=3.0.39
2024-07-20 00:13:19,996 [INFO] ApiDb:670 - CubeFinder database generation date=2024-06-20 (1718880634)
2024-07-20 00:13:19,996 [INFO] ApiDb:671 - CubeFinder database FW Pack versions=[FP-ATR-ASTRA1_V2.0.0, FP-SNS-FLIGHT1_V5.0.2, FP-SNS-MOTENV1_V5.0.0, FP-SNS-MOTENVWB1_V1.4.0, FP-SNS-SMARTAG2_V1.2.0, STM32Cube_FW_C0_V1.2.0, STM32Cube_FW_F4_V1.28.0, STM32Cube_FW_F7_V1.17.2, STM32Cube_FW_G0_V1.6.2, STM32Cube_FW_G4_V1.6.0, STM32Cube_FW_H5_V1.3.0, STM32Cube_FW_H7RS_V1.1.0, STM32Cube_FW_H7_V1.11.2, STM32Cube_FW_L0_V1.12.2, STM32Cube_FW_L5_V1.5.1, STM32Cube_FW_U0_V1.1.0, STM32Cube_FW_U5_V1.6.0, STM32Cube_FW_WB0_V1.0.0, STM32Cube_FW_WBA_V1.4.0, STM32Cube_FW_WB_V1.20.0, STM32Cube_FW_WL_V1.3.0, X-CUBE-ALGOBUILD_V1.4.0, X-CUBE-ALS_V1.0.2, X-CUBE-AZRTOS-F4_V1.1.0, X-CUBE-AZRTOS-F7_V1.1.0, X-CUBE-AZRTOS-G0_V1.1.0, X-CUBE-AZRTOS-G4_V2.0.0, X-CUBE-AZRTOS-H7RS_V1.0.0, X-CUBE-AZRTOS-H7_V3.2.0, X-CUBE-AZRTOS-L4_V2.0.0, X-CUBE-AZRTOS-L5_V1.1.0, X-CUBE-AZRTOS-WB_V2.0.0, X-CUBE-AZRTOS-WL_V2.0.0, X-CUBE-BLE1_V7.0.0, X-CUBE-BLE2_V3.3.0, X-CUBE-BLEMGR_V3.1.0, X-CUBE-EEPRMA1_V5.1.0, X-CUBE-FREERTOS_V1.2.0, X-CUBE-GNSS1_V6.0.0, X-CUBE-MEMS1_V10.0.0, X-CUBE-NFC4_V3.0.0, X-CUBE-NFC7_V1.0.1, X-CUBE-SFXS2LP1_V4.0.0, X-CUBE-SUBG2_V5.0.0, X-CUBE-TOF1_V3.4.1]
2024-07-20 00:13:22,668 [INFO] ApiDb:240 - Found 483 in-development CPN: [B-G473E-ZEST1S, B-WB1M-WPAN1, B-WL5M-SUBG1, NUCLEO-C031C6, NUCLEO-H503RB, NUCLEO-H533RE, NUCLEO-H563ZI, NUCLEO-H7S3L8, NUCLEO-U031R8, NUCLEO-U083RC, NUCLEO-U545RE-Q, NUCLEO-U5A5ZJ-Q, NUCLEO-WBA52CG, NUCLEO-WBA55CG, STEVAL-PROTEUS1, STEVAL-SMARTAG2, STEVAL-STWINBX1, STM320518-EVAL, STM32C0116-DK, STM32C011D6Y3TR, STM32C011D6Y6TR, STM32C011F4P3, STM32C011F4P6, STM32C011F4U3, STM32C011F4U6TR, STM32C011F6P3, STM32C011F6P6, STM32C011F6U3, STM32C011F6U6TR, STM32C011J4M3, STM32C011J4M6, STM32C011J6M3, STM32C011J6M6, STM32C0316-DK, STM32C031C4T3, STM32C031C4T6, STM32C031C4U3, STM32C031C4U6, STM32C031C6T3, STM32C031C6T6, STM32C031C6U3, STM32C031C6U6, STM32C031F4P3, STM32C031F4P6, STM32C031F6P3, STM32C031F6P6, STM32C031G4U3, STM32C031G4U6, STM32C031G6U3, STM32C031G6U6, STM32C031K4T3, STM32C031K4T6, STM32C031K4U3, STM32C031K4U6, STM32C031K6T3, STM32C031K6T6, STM32C031K6U3, STM32C031K6U6, STM32G071K8TXN, STM32G071K8UXN, STM32G081GBU6N, STM32G081KBT6N, STM32G081KBUXN, STM32G0B1CCT6N, STM32G0B1KCT6, STM32G0B1NEY6TR, STM32G0B1RCT6N, STM32G0C1CCT6, STM32G0C1CCT6N, STM32G0C1CCU6N, STM32G0C1CET6N, STM32G0C1CEU6N, STM32G0C1KCT6, STM32G0C1NEY6TR, STM32G0C1RCI6N, STM32G0C1RCT6N, STM32G0C1REI6N, STM32G0C1RET6N, STM32G0C1VCI6, STM32G0C1VEI6, STM32G471CCT6, STM32G471CCU6, STM32G471CET3, STM32G471CET6, STM32G471CEU3, STM32G471CEU6, STM32G471MCT6, STM32G471MET3, STM32G471MET6, STM32G471MEY6TR, STM32G471QCT6, STM32G471QET3, STM32G471RCT6, STM32G471RET3, STM32G471RET6, STM32G471VCH6, STM32G471VCI6, STM32G471VCT6, STM32G471VEH3, STM32G471VEH6, STM32G471VEI3, STM32G471VEI6, STM32G471VET3, STM32G471VET6, STM32G474CCT6, STM32H503CBT6, STM32H503CBU6, STM32H503EBY6TR, STM32H503KBU6, STM32H503RBT6, STM32H523CCT6, STM32H523CCU6, STM32H523CET6, STM32H523CEU6, STM32H523HEY6TR, STM32H523RCT6, STM32H523RET6, STM32H523VCI6, STM32H523VCT6, STM32H523VEI6, STM32H523VET6, STM32H523ZCJ6, STM32H523ZCT6, STM32H523ZEJ6, STM32H523ZET6, STM32H533CET6, STM32H533CEU6, STM32H533HEY6TR, STM32H533RET6, STM32H533VEI6, STM32H533VET6, STM32H533ZEJ6, STM32H533ZET6, STM32H562AGI6, STM32H562AII6, STM32H562IGK6, STM32H562IGT6, STM32H562IIK6, STM32H562IIT6, STM32H562RGT6, STM32H562RGV6, STM32H562RIT6, STM32H562RIV6, STM32H562VGT6, STM32H562VIT6, STM32H562ZGT6, STM32H562ZIT6, STM32H563AGI6, STM32H563AII3Q, STM32H563AII6, STM32H563IGK6, STM32H563IGT6, STM32H563IIK3Q, STM32H563IIK6, STM32H563IIT3Q, STM32H563IIT6, STM32H563MIY3QTR, STM32H563RGT6, STM32H563RGV6, STM32H563RIT6, STM32H563RIV6, STM32H563VGT6, STM32H563VIT3Q, STM32H563VIT6, STM32H563ZGT6, STM32H563ZIT3Q, STM32H563ZIT6, STM32H573AII3Q, STM32H573AII6, STM32H573I-DK, STM32H573IIK3Q, STM32H573IIK6, STM32H573IIT3Q, STM32H573IIT6, STM32H573MIY3QTR, STM32H573RIT6, STM32H573RIV6, STM32H573VIT3Q, STM32H573VIT6, STM32H573ZIT3Q, STM32H573ZIT6, STM32H7R3A8I6, STM32H7R3I8K6, STM32H7R3I8T6, STM32H7R3L8H6, STM32H7R3L8H6H, STM32H7R3R8V6, STM32H7R3V8H6, STM32H7R3V8T6, STM32H7R3V8Y6, STM32H7R3Z8J6, STM32H7R3Z8T6, STM32H7R7A8I6, STM32H7R7I8K6, STM32H7R7I8T6, STM32H7R7L8H6, STM32H7R7L8H6H, STM32H7R7Z8J6, STM32H7S3A8I6, STM32H7S3I8K6, STM32H7S3I8T6, STM32H7S3L8H6, STM32H7S3L8H6H, STM32H7S3R8V6, STM32H7S3V8H6, STM32H7S3V8T6, STM32H7S3V8Y6, STM32H7S3Z8J6, STM32H7S3Z8T6, STM32H7S78-DK, STM32H7S7A8I6, STM32H7S7I8K6, STM32H7S7I8T6, STM32H7S7L8H6, STM32H7S7L8H6H, STM32H7S7Z8J6, STM32L4R5QGI6STR, STM32MP131AAE3, STM32MP131AAF3, STM32MP131AAG3, STM32MP131CAE3, STM32MP131CAF3, STM32MP131CAG3, STM32MP131DAE7, STM32MP131DAF7, STM32MP131DAG7, STM32MP131FAE7, STM32MP131FAF7, STM32MP131FAG7, STM32MP133AAE3, STM32MP133AAF3, STM32MP133AAG3, STM32MP133CAE3, STM32MP133CAF3, STM32MP133CAG3, STM32MP133DAE7, STM32MP133DAF7, STM32MP133DAG7, STM32MP133FAE7, STM32MP133FAF7, STM32MP133FAG7, STM32MP135AAE3, STM32MP135AAF3, STM32MP135AAG3, STM32MP135CAE3, STM32MP135CAF3, STM32MP135CAG3, STM32MP135DAE7, STM32MP135DAF7, STM32MP135DAG7, STM32MP135F-DK, STM32MP135FAE7, STM32MP135FAF7, STM32MP135FAF7T, STM32MP135FAF7U, STM32MP135FAG7, STM32U031C6T6, STM32U031C6U6, STM32U031C8T6, STM32U031C8U6, STM32U031F4P6, STM32U031F6P6, STM32U031F8P6, STM32U031G6Y6TR, STM32U031G8Y6TR, STM32U031K4U6, STM32U031K6U6, STM32U031K8U6, STM32U031R6I6, STM32U031R6T6, STM32U031R8I6, STM32U031R8T6, STM32U073C8T6, STM32U073C8U6, STM32U073CBT6, STM32U073CBU6, STM32U073CCT6, STM32U073CCU6, STM32U073H8Y6TR, STM32U073HBY6TR, STM32U073HCY6TR, STM32U073K8U6, STM32U073KBU6, STM32U073KCU6, STM32U073M8I6, STM32U073M8T6, STM32U073MBI6, STM32U073MBT6, STM32U073MCI6, STM32U073MCT6, STM32U073R8I6, STM32U073R8T6, STM32U073RBI6, STM32U073RBT6, STM32U073RCI6, STM32U073RCT6, STM32U083C-DK, STM32U083CCT6, STM32U083CCU6, STM32U083HCY6TR, STM32U083KCU6, STM32U083MCI6, STM32U083MCT6, STM32U083RCI6, STM32U083RCT6, STM32U535CBT6, STM32U535CBT6Q, STM32U535CBU6, STM32U535CBU6Q, STM32U535CCT6, STM32U535CCT6Q, STM32U535CCU6, STM32U535CCU6Q, STM32U535CET6, STM32U535CET6Q, STM32U535CEU6, STM32U535CEU6Q, STM32U535JEY6QTR, STM32U535NCY6QTR, STM32U535NEY6QTR, STM32U535RBI6, STM32U535RBI6Q, STM32U535RBT6, STM32U535RBT6Q, STM32U535RCI6, STM32U535RCI6Q, STM32U535RCT6, STM32U535RCT6Q, STM32U535REI6, STM32U535REI6Q, STM32U535RET6, STM32U535RET6Q, STM32U535VCI6, STM32U535VCI6Q, STM32U535VCT6, STM32U535VCT6Q, STM32U535VEI6, STM32U535VEI6Q, STM32U535VET6, STM32U535VET6Q, STM32U545CET6, STM32U545CET6Q, STM32U545CEU6, STM32U545CEU6Q, STM32U545JEY6QTR, STM32U545NEY6QTR, STM32U545REI6, STM32U545REI6Q, STM32U545RET6, STM32U545RET6Q, STM32U545VEI6, STM32U545VEI6Q, STM32U545VET6, STM32U545VET6Q, STM32U595AIH6, STM32U595AIH6Q, STM32U595AJH6, STM32U595AJH6Q, STM32U595QII6, STM32U595QII6Q, STM32U595QJI6, STM32U595QJI6Q, STM32U595RIT6, STM32U595RIT6Q, STM32U595RJT6, STM32U595RJT6Q, STM32U595VIT6, STM32U595VIT6Q, STM32U595VJT6, STM32U595VJT6Q, STM32U595ZIT6, STM32U595ZIT6Q, STM32U595ZIY6QTR, STM32U595ZJT6, STM32U595ZJT6Q, STM32U595ZJY6QTR, STM32U599BJY6QTR, STM32U599NIH6Q, STM32U599NJH6Q, STM32U599VIT6Q, STM32U599VJT6, STM32U599VJT6Q, STM32U599ZIT6Q, STM32U599ZIY6QTR, STM32U599ZJT6Q, STM32U599ZJY6QTR, STM32U5A5AJH6, STM32U5A5AJH6Q, STM32U5A5QII3Q , STM32U5A5QJI6, STM32U5A5QJI6Q, STM32U5A5RJT6, STM32U5A5RJT6Q, STM32U5A5VJT6, STM32U5A5VJT6Q, STM32U5A5ZJT6, STM32U5A5ZJT6Q, STM32U5A5ZJY6QTR, STM32U5A9BJY6QTR, STM32U5A9J-DK, STM32U5A9NJH6Q, STM32U5A9VJT6Q, STM32U5A9ZJT6Q, STM32U5A9ZJY6QTR, STM32U5F7VIT6, STM32U5F7VIT6Q, STM32U5F7VJT6, STM32U5F7VJT6Q, STM32U5F9BJY6QTR, STM32U5F9NJH6Q, STM32U5F9VIT6Q, STM32U5F9VJT6Q, STM32U5F9ZIJ6QTR, STM32U5F9ZIT6Q, STM32U5F9ZJJ6QTR, STM32U5F9ZJT6Q, STM32U5G7VJT6, STM32U5G7VJT6Q, STM32U5G9BJY6QTR, STM32U5G9J-DK1, STM32U5G9J-DK2, STM32U5G9NJH6Q, STM32U5G9VJT6Q, STM32U5G9ZJJ6QTR, STM32U5G9ZJT6Q, STM32WB1MMCH6, STM32WBA50KEU6, STM32WBA50KEU6TR, STM32WBA50KGU6, STM32WBA50KGU6TR, STM32WBA52CEU6, STM32WBA52CEU6TR, STM32WBA52CEU7, STM32WBA52CEU7TR, STM32WBA52CGU6, STM32WBA52CGU6TR, STM32WBA52CGU6U, STM32WBA52CGU7, STM32WBA52CGU7TR, STM32WBA52KEU6, STM32WBA52KEU6TR, STM32WBA52KGU6, STM32WBA52KGU6TR, STM32WBA54CEU6, STM32WBA54CEU6TR, STM32WBA54CEU7, STM32WBA54CEU7TR, STM32WBA54CGU6, STM32WBA54CGU6TR, STM32WBA54CGU7, STM32WBA54CGU7TR, STM32WBA54KEU6, STM32WBA54KEU6TR, STM32WBA54KEU7, STM32WBA54KEU7TR, STM32WBA54KGU6, STM32WBA54KGU6TR, STM32WBA54KGU7, STM32WBA54KGU7TR, STM32WBA55CEU6, STM32WBA55CEU6TR, STM32WBA55CEU7, STM32WBA55CEU7TR, STM32WBA55CGU6, STM32WBA55CGU6TR, STM32WBA55CGU6U, STM32WBA55CGU7, STM32WBA55CGU7TR, STM32WBA55G-DK1, STM32WBA55HEF6, STM32WBA55HEF7, STM32WBA55HGF6, STM32WBA55HGF7, STM32WBA55UEI6, STM32WBA55UEI6TR, STM32WBA55UEI7, STM32WBA55UEI7TR, STM32WBA55UGI6, STM32WBA55UGI6TR, STM32WBA55UGI7, STM32WBA55UGI7TR, STM32WL5MOCH6, STM32WL5MOCH6TR]
2024-07-20 00:13:22,673 [INFO] DbMcus:218 - Found 4203 MCUs, 4203 are supported
2024-07-20 00:13:22,674 [INFO] ApiDb:423 - Load user favorites file C:\Users\Sandip/.stm32cubeide/favorites.mcus.txt: 0 item(s)
2024-07-20 00:13:22,674 [INFO] ApiDb:427 - User favorites MCUs=[]
2024-07-20 00:13:22,674 [INFO] DbMcus:224 - Set 0 / 0 favorites MCUs
2024-07-20 00:13:23,318 [INFO] BoardInfo:889 - No configuration file found for board P-NUCLEO-WB55
2024-07-20 00:13:23,319 [INFO] DbBoards:161 - Kit is not supported: P-NUCLEO-WB55
2024-07-20 00:13:23,328 [INFO] BoardInfo:889 - No configuration file found for board STEVAL-BFA001V1B
2024-07-20 00:13:23,328 [INFO] DbBoards:161 - Kit is not supported: STEVAL-BFA001V1B
2024-07-20 00:13:23,329 [INFO] BoardInfo:889 - No configuration file found for board STEVAL-BFA001V2B
2024-07-20 00:13:23,329 [INFO] DbBoards:161 - Kit is not supported: STEVAL-BFA001V2B
2024-07-20 00:13:23,491 [INFO] DbBoards:168 - Found 195 boards, 192 are supported
2024-07-20 00:13:23,491 [INFO] DbBoards:169 - Found 195 boards, 8 of them is supported for  Bsp
2024-07-20 00:13:23,493 [INFO] ApiDb:423 - Load user favorites file C:\Users\Sandip/.stm32cubeide/favorites.boards.txt: 0 item(s)
2024-07-20 00:13:23,493 [INFO] ApiDb:427 - User favorites Boards=[]
2024-07-20 00:13:23,493 [INFO] DbBoards:198 - Set 0 / 0 favorites Boards
2024-07-20 00:13:23,590 [INFO] UtilMem:75 - End LoadConfig() Used Memory: 768291016 Bytes (1073741824)
2024-07-20 00:13:23,774 [WARN] ThirdParty:833 - waiting for thirdparty lock release [change project]
2024-07-20 00:13:23,775 [INFO] ThirdParty:835 - entering critical section [change project]
2024-07-20 00:13:23,775 [INFO] ThirdParty:1030 - CMSIS Pack Vendor :STMicroelectronics USBPD 4.1
2024-07-20 00:13:23,775 [INFO] ThirdParty:1030 - CMSIS Pack Vendor :STMicroelectronics X-CUBE-GNSS1 6.0.0
2024-07-20 00:13:23,775 [INFO] ThirdParty:1030 - CMSIS Pack Vendor :STMicroelectronics USB_HOST 2.0.0
2024-07-20 00:13:23,775 [INFO] ThirdParty:1030 - CMSIS Pack Vendor :STMicroelectronics FP-SNS-MOTENVWB1 1.4.0
2024-07-20 00:13:23,775 [INFO] ThirdParty:1030 - CMSIS Pack Vendor :STMicroelectronics X-CUBE-AZRTOS-F4 1.1.0
2024-07-20 00:13:23,775 [INFO] ThirdParty:1030 - CMSIS Pack Vendor :STMicroelectronics LIBJPEG 8.0.0
2024-07-20 00:13:23,775 [INFO] ThirdParty:1030 - CMSIS Pack Vendor :STMicroelectronics X-CUBE-SMBUS 2.1.0
2024-07-20 00:13:23,775 [INFO] ThirdParty:1030 - CMSIS Pack Vendor :STMicroelectronics USB_DEVICE 3.0.0
2024-07-20 00:13:23,775 [INFO] ThirdParty:1030 - CMSIS Pack Vendor :STMicroelectronics X-CUBE-FREERTOS 1.2.0
2024-07-20 00:13:23,775 [INFO] ThirdParty:1030 - CMSIS Pack Vendor :STMicroelectronics X-CUBE-AZRTOS-WB 2.0.0
2024-07-20 00:13:23,775 [INFO] ThirdParty:1030 - CMSIS Pack Vendor :STMicroelectronics X-CUBE-TOUCHGFX 4.23.2
2024-07-20 00:13:23,775 [INFO] ThirdParty:1030 - CMSIS Pack Vendor :STMicroelectronics X-CUBE-AZRTOS-F7 1.1.0
2024-07-20 00:13:23,777 [INFO] ThirdParty:1030 - CMSIS Pack Vendor :STMicroelectronics X-CUBE-AZRTOS-L5 2.0.0
2024-07-20 00:13:23,777 [INFO] ThirdParty:1030 - CMSIS Pack Vendor :STMicroelectronics USB_DEVICE 2.0.0
2024-07-20 00:13:23,777 [INFO] ThirdParty:1030 - CMSIS Pack Vendor :STMicroelectronics X-CUBE-ALGOBUILD 1.3.0
2024-07-20 00:13:23,777 [INFO] ThirdParty:1030 - CMSIS Pack Vendor :STMicroelectronics FreeRTOS 0.0.1
2024-07-20 00:13:23,777 [INFO] ThirdParty:1030 - CMSIS Pack Vendor :STMicroelectronics X-CUBE-AZRTOS-G0 1.1.0
2024-07-20 00:13:23,777 [INFO] ThirdParty:1030 - CMSIS Pack Vendor :STMicroelectronics X-CUBE-NFC4 3.0.0
2024-07-20 00:13:23,777 [INFO] ThirdParty:1030 - CMSIS Pack Vendor :STMicroelectronics X-CUBE-DPower 1.2.0
2024-07-20 00:13:23,777 [INFO] ThirdParty:1030 - CMSIS Pack Vendor :STMicroelectronics X-CUBE-SUBG2 5.0.0
2024-07-20 00:13:23,777 [INFO] ThirdParty:1030 - CMSIS Pack Vendor :STMicroelectronics STM32_WPAN 1.0.0
2024-07-20 00:13:23,777 [INFO] ThirdParty:1030 - CMSIS Pack Vendor :EmbeddedOffice I-CUBE-FS-RTOS 1.0.1
2024-07-20 00:13:23,777 [INFO] ThirdParty:1030 - CMSIS Pack Vendor :STMicroelectronics lwIP 2.0.3
2024-07-20 00:13:23,777 [INFO] ThirdParty:1030 - CMSIS Pack Vendor :STMicroelectronics FP-SNS-FLIGHT1 5.0.2
2024-07-20 00:13:23,777 [INFO] ThirdParty:1030 - CMSIS Pack Vendor :Cesanta I-CUBE-Mongoose 7.13.0
2024-07-20 00:13:23,777 [INFO] ThirdParty:1030 - CMSIS Pack Vendor :STMicroelectronics USB_HOST 1.0.0
2024-07-20 00:13:23,777 [INFO] ThirdParty:1030 - CMSIS Pack Vendor :STMicroelectronics X-CUBE-AI 9.0.0
2024-07-20 00:13:23,777 [INFO] ThirdParty:1030 - CMSIS Pack Vendor :STMicroelectronics X-CUBE-AZRTOS-G4 2.0.0
2024-07-20 00:13:23,777 [INFO] ThirdParty:1030 - CMSIS Pack Vendor :STMicroelectronics PDM2PCM 3.1.0
2024-07-20 00:13:23,778 [INFO] ThirdParty:1030 - CMSIS Pack Vendor :STMicroelectronics PDM2PCM 3.3.0
2024-07-20 00:13:23,778 [INFO] ThirdParty:1030 - CMSIS Pack Vendor :STMicroelectronics X-CUBE-DISPLAY 3.0.0
2024-07-20 00:13:23,778 [INFO] ThirdParty:1030 - CMSIS Pack Vendor :RealThread X-CUBE-RT-Thread_Nano 4.1.1
2024-07-20 00:13:23,778 [INFO] ThirdParty:1030 - CMSIS Pack Vendor :STMicroelectronics FP-SNS-MOTENVWB1 1.3.1
2024-07-20 00:13:23,778 [INFO] ThirdParty:1030 - CMSIS Pack Vendor :STMicroelectronics X-CUBE-BLE1 7.0.0
2024-07-20 00:13:23,778 [INFO] ThirdParty:1030 - CMSIS Pack Vendor :STMicroelectronics FP-ATR-SIGFOX1 3.2.0
2024-07-20 00:13:23,778 [INFO] ThirdParty:1030 - CMSIS Pack Vendor :STMicroelectronics X-CUBE-ISPU 2.0.0
2024-07-20 00:13:23,778 [INFO] ThirdParty:1030 - CMSIS Pack Vendor :STMicroelectronics X-CUBE-EEPRMA1 5.1.0
2024-07-20 00:13:23,778 [INFO] ThirdParty:1030 - CMSIS Pack Vendor :STMicroelectronics HAL Drivers 0.0.0
2024-07-20 00:13:23,778 [INFO] ThirdParty:1030 - CMSIS Pack Vendor :STMicroelectronics MBEDTLS 2.16.2
2024-07-20 00:13:23,778 [INFO] ThirdParty:1030 - CMSIS Pack Vendor :STMicroelectronics X-CUBE-ALS 1.0.2
2024-07-20 00:13:23,778 [INFO] ThirdParty:1030 - CMSIS Pack Vendor :emotas I-CUBE-CANOPEN 1.3.0
2024-07-20 00:13:23,778 [INFO] ThirdParty:1030 - CMSIS Pack Vendor :STMicroelectronics X-CUBE-MEMS1 10.0.0
2024-07-20 00:13:23,778 [INFO] ThirdParty:1030 - CMSIS Pack Vendor :STMicroelectronics X-CUBE-FREERTOS 1.1.0
2024-07-20 00:13:23,778 [INFO] ThirdParty:1030 - CMSIS Pack Vendor :STMicroelectronics X-CUBE-NFC7 1.0.1
2024-07-20 00:13:23,779 [INFO] ThirdParty:1030 - CMSIS Pack Vendor :STMicroelectronics MBEDTLS 2.14.1
2024-07-20 00:13:23,779 [INFO] ThirdParty:1030 - CMSIS Pack Vendor :STMicroelectronics X-CUBE-TOUCHGFX 4.24.0
2024-07-20 00:13:23,779 [INFO] ThirdParty:1030 - CMSIS Pack Vendor :ITTIA_DB I-CUBE-ITTIADB 8.9.0
2024-07-20 00:13:23,779 [INFO] ThirdParty:1030 - CMSIS Pack Vendor :wolfSSL I-CUBE-wolfTPM 3.2.0
2024-07-20 00:13:23,779 [INFO] ThirdParty:1030 - CMSIS Pack Vendor :portGmbH I-Cube-SoM-uGOAL 1.1.0
2024-07-20 00:13:23,779 [INFO] ThirdParty:1030 - CMSIS Pack Vendor :STMicroelectronics X-CUBE-ALS 1.0.1
2024-07-20 00:13:23,779 [INFO] ThirdParty:1030 - CMSIS Pack Vendor :STMicroelectronics X-CUBE-BLEMGR 3.1.0
2024-07-20 00:13:23,779 [INFO] ThirdParty:1030 - CMSIS Pack Vendor :STMicroelectronics ThreadX 1.0.0
2024-07-20 00:13:23,779 [INFO] ThirdParty:1030 - CMSIS Pack Vendor :STMicroelectronics FP-SNS-SMARTAG2 1.2.0
2024-07-20 00:13:23,779 [INFO] ThirdParty:1030 - CMSIS Pack Vendor :STMicroelectronics X-CUBE-AZRTOS-WL 2.0.0
2024-07-20 00:13:23,779 [INFO] ThirdParty:1030 - CMSIS Pack Vendor :SEGGER I-CUBE-embOS 1.3.1
2024-07-20 00:13:23,779 [INFO] ThirdParty:1030 - CMSIS Pack Vendor :STMicroelectronics X-CUBE-ALGOBUILD 1.4.0
2024-07-20 00:13:23,779 [INFO] ThirdParty:1030 - CMSIS Pack Vendor :STMicroelectronics USB_DEVICE 1.0.0
2024-07-20 00:13:23,779 [INFO] ThirdParty:1030 - CMSIS Pack Vendor :STMicroelectronics X-CUBE-AI 8.1.0
2024-07-20 00:13:23,779 [INFO] ThirdParty:1030 - CMSIS Pack Vendor :STMicroelectronics X-CUBE-AZRTOS-H7RS 1.0.0
2024-07-20 00:13:23,779 [INFO] ThirdParty:1030 - CMSIS Pack Vendor :wolfSSL I-CUBE-wolfMQTT 1.19.0
2024-07-20 00:13:23,779 [INFO] ThirdParty:1030 - CMSIS Pack Vendor :STMicroelectronics X-CUBE-AZRTOS-L4 2.0.0
2024-07-20 00:13:23,779 [INFO] ThirdParty:1030 - CMSIS Pack Vendor :STMicroelectronics ThreadX 0.0.2
2024-07-20 00:13:23,779 [INFO] ThirdParty:1030 - CMSIS Pack Vendor :WES I-CUBE-Cesium 1.3.0
2024-07-20 00:13:23,780 [INFO] ThirdParty:1030 - CMSIS Pack Vendor :STMicroelectronics FP-ATR-ASTRA1 2.0.0
2024-07-20 00:13:23,780 [INFO] ThirdParty:1030 - CMSIS Pack Vendor :STMicroelectronics lwIP 2.1.2
2024-07-20 00:13:23,780 [INFO] ThirdParty:1030 - CMSIS Pack Vendor :STMicroelectronics X-CUBE-SFXS2LP1 4.0.0
2024-07-20 00:13:23,780 [INFO] ThirdParty:1030 - CMSIS Pack Vendor :STMicroelectronics X-CUBE-BLE2 3.3.0
2024-07-20 00:13:23,780 [INFO] ThirdParty:1030 - CMSIS Pack Vendor :STMicroelectronics X-CUBE-TOF1 3.4.1
2024-07-20 00:13:23,780 [INFO] ThirdParty:1030 - CMSIS Pack Vendor :STMicroelectronics X-CUBE-AZRTOS-H7 3.2.0
2024-07-20 00:13:23,780 [INFO] ThirdParty:1030 - CMSIS Pack Vendor :Infineon AIROC-Wi-Fi-Bluetooth-STM32 1.6.0
2024-07-20 00:13:23,780 [INFO] ThirdParty:1030 - CMSIS Pack Vendor :STMicroelectronics PDM2PCM 3.2.0
2024-07-20 00:13:23,780 [INFO] ThirdParty:1030 - CMSIS Pack Vendor :wolfSSL I-CUBE-wolfSSH 1.4.17
2024-07-20 00:13:23,781 [INFO] ThirdParty:841 - exiting critical section [change project]
2024-07-20 00:13:24,313 [INFO] PinOutPanel:1561 - setPackage(No Configuration,No Configuration)
2024-07-20 00:13:24,314 [INFO] PinOutPanel:1561 - setPackage(STM32F411RETx,LQFP64)
2024-07-20 00:13:25,028 [INFO] UtilMem:75 - Before build in PCC Used Memory: 599435408 Bytes (1073741824)
2024-07-20 00:13:26,315 [INFO] UtilMem:75 - After build in PCC Used Memory: 668789864 Bytes (1073741824)
2024-07-20 00:13:26,360 [INFO] IPUIPlugin:80 - create IPUIPlugin
2024-07-20 00:13:26,360 [INFO] IPUIPlugin:80 - create IPUIPlugin
2024-07-20 00:13:26,360 [INFO] IPUIPlugin:80 - create IPUIPlugin
2024-07-20 00:13:26,361 [INFO] IPUIPlugin:80 - create IPUIPlugin
2024-07-20 00:13:26,361 [INFO] IPUIPlugin:80 - create IPUIPlugin
2024-07-20 00:13:26,361 [INFO] IPUIPlugin:80 - create IPUIPlugin
2024-07-20 00:13:26,361 [INFO] IPUIPlugin:80 - create IPUIPlugin
2024-07-20 00:13:26,361 [INFO] IPUIPlugin:80 - create IPUIPlugin
2024-07-20 00:13:26,362 [INFO] IPUIPlugin:80 - create IPUIPlugin
2024-07-20 00:13:26,362 [INFO] IPUIPlugin:80 - create IPUIPlugin
2024-07-20 00:13:26,362 [INFO] IPUIPlugin:80 - create IPUIPlugin
2024-07-20 00:13:26,362 [INFO] IPUIPlugin:80 - create IPUIPlugin
2024-07-20 00:13:26,362 [INFO] IPUIPlugin:80 - create IPUIPlugin
2024-07-20 00:13:26,363 [INFO] IPUIPlugin:80 - create IPUIPlugin
2024-07-20 00:13:26,363 [INFO] IPUIPlugin:80 - create IPUIPlugin
2024-07-20 00:13:26,363 [INFO] IPUIPlugin:80 - create IPUIPlugin
2024-07-20 00:13:26,364 [INFO] IPUIPlugin:80 - create IPUIPlugin
2024-07-20 00:13:26,364 [INFO] IPUIPlugin:80 - create IPUIPlugin
2024-07-20 00:13:26,364 [INFO] IPUIPlugin:80 - create IPUIPlugin
2024-07-20 00:13:26,365 [INFO] IPUIPlugin:80 - create IPUIPlugin
2024-07-20 00:13:26,365 [INFO] IPUIPlugin:80 - create IPUIPlugin
2024-07-20 00:13:26,366 [INFO] IPUIPlugin:80 - create IPUIPlugin
2024-07-20 00:13:26,366 [INFO] IPUIPlugin:80 - create IPUIPlugin
2024-07-20 00:13:26,367 [INFO] IPUIPlugin:80 - create IPUIPlugin
2024-07-20 00:13:26,367 [INFO] IPUIPlugin:80 - create IPUIPlugin
2024-07-20 00:13:26,367 [INFO] IPUIPlugin:80 - create IPUIPlugin
2024-07-20 00:13:26,368 [INFO] IPUIPlugin:80 - create IPUIPlugin
2024-07-20 00:13:26,368 [INFO] IPUIPlugin:80 - create IPUIPlugin
2024-07-20 00:13:26,369 [INFO] IPUIPlugin:80 - create IPUIPlugin
2024-07-20 00:13:26,369 [INFO] IPUIPlugin:80 - create IPUIPlugin
2024-07-20 00:13:26,369 [INFO] IPUIPlugin:80 - create IPUIPlugin
2024-07-20 00:13:26,370 [INFO] IPUIPlugin:80 - create IPUIPlugin
2024-07-20 00:13:26,370 [INFO] IPUIPlugin:80 - create IPUIPlugin
2024-07-20 00:13:26,371 [INFO] IPUIPlugin:80 - create IPUIPlugin
2024-07-20 00:13:26,371 [INFO] IPUIPlugin:80 - create IPUIPlugin
2024-07-20 00:13:26,372 [INFO] IPUIPlugin:80 - create IPUIPlugin
2024-07-20 00:13:26,372 [INFO] IPUIPlugin:80 - create IPUIPlugin
2024-07-20 00:13:26,373 [INFO] IPUIPlugin:80 - create IPUIPlugin
2024-07-20 00:13:26,374 [INFO] IPUIPlugin:80 - create IPUIPlugin
2024-07-20 00:13:26,375 [INFO] IPUIPlugin:80 - create IPUIPlugin
2024-07-20 00:13:26,375 [INFO] IPUIPlugin:80 - create IPUIPlugin
2024-07-20 00:13:26,375 [INFO] IPUIPlugin:80 - create IPUIPlugin
2024-07-20 00:13:26,377 [INFO] IPUIPlugin:80 - create IPUIPlugin
2024-07-20 00:13:26,573 [INFO] ApiDbMcu:508 - Load IP Config File for PDM2PCM
2024-07-20 00:13:26,897 [INFO] CADModel:165 - CPN selected for project levelSTM32F411RET6
2024-07-20 00:13:26,898 [INFO] CADModel:114 - Register for checkConnection events
2024-07-20 00:13:26,958 [INFO] OpenFileManager:343 - Restore cursor
2024-07-20 00:13:39,556 [INFO] ADCParametersView:116 -                Rank 1 : false
2024-07-20 00:13:39,728 [INFO] ADCParametersView:116 -                Rank 1 : false
2024-07-20 00:13:39,729 [INFO] ADCParametersView:116 -                Rank 1 : false
2024-07-20 00:13:39,729 [INFO] ADCParametersView:116 -                Rank 1 : false
2024-07-20 00:13:39,729 [INFO] ADCParametersView:116 -                Rank 1 : false
2024-07-20 00:13:39,730 [INFO] ADCParametersView:116 -                Rank 1 : false
2024-07-20 00:13:39,730 [INFO] ADCParametersView:116 -                Rank 1 : false
2024-07-20 00:13:39,730 [INFO] ADCParametersView:116 -                Rank 1 : false
2024-07-20 00:13:39,730 [INFO] ADCParametersView:116 -                Rank 1 : false
2024-07-20 00:13:39,730 [INFO] ADCParametersView:116 -                Rank 1 : false
2024-07-20 00:13:39,731 [INFO] ADCParametersView:116 -                Rank 1 : false
2024-07-20 00:13:39,731 [INFO] ADCParametersView:116 -                Rank 1 : false
2024-07-20 00:13:39,731 [INFO] ADCParametersView:116 -                Rank 1 : false
2024-07-20 00:13:39,731 [INFO] ADCParametersView:116 -                Rank 1 : false
2024-07-20 00:13:39,731 [INFO] ADCParametersView:116 -                Rank 1 : false
2024-07-20 00:13:39,775 [INFO] ADCParametersView:116 -                Rank 1 : false
2024-07-20 00:13:51,760 [INFO] ADCParametersView:116 -                Rank 1 : true
2024-07-20 00:14:03,042 [INFO] NvicIntPanel:101 - NVIC parent = com.st.microxplorer.plugins.ip.nvic.MultiNvicIntPanel[,0,0,0x0,invalid,layout=javax.swing.BoxLayout,alignmentX=0.0,alignmentY=0.0,border=,flags=9,maximumSize=,minimumSize=,preferredSize=]
2024-07-20 00:14:03,152 [INFO] ADCParametersView:116 -                Rank 1 : true
2024-07-20 00:14:03,157 [INFO] ADCParametersView:116 -                Rank 1 : true
2024-07-20 00:14:03,158 [INFO] ADCParametersView:116 -                Rank 1 : true
2024-07-20 00:14:03,158 [INFO] ADCParametersView:116 -                Rank 1 : true
2024-07-20 00:14:03,158 [INFO] ADCParametersView:116 -                Rank 1 : true
2024-07-20 00:14:03,158 [INFO] ADCParametersView:116 -                Rank 1 : true
2024-07-20 00:14:03,159 [INFO] ADCParametersView:116 -                Rank 1 : true
2024-07-20 00:14:03,159 [INFO] ADCParametersView:116 -                Rank 1 : true
2024-07-20 00:14:03,159 [INFO] ADCParametersView:116 -                Rank 1 : true
2024-07-20 00:14:03,159 [INFO] ADCParametersView:116 -                Rank 1 : true
2024-07-20 00:14:03,160 [INFO] ADCParametersView:116 -                Rank 1 : true
2024-07-20 00:14:03,160 [INFO] ADCParametersView:116 -                Rank 1 : true
2024-07-20 00:14:03,160 [INFO] ADCParametersView:116 -                Rank 1 : true
2024-07-20 00:14:03,160 [INFO] ADCParametersView:116 -                Rank 1 : true
2024-07-20 00:14:03,200 [INFO] ADCParametersView:116 -                Rank 1 : true
2024-07-20 00:14:06,211 [INFO] UtilMem:75 - End SaveConfig() Used Memory: 844044752 Bytes (1073741824)
2024-07-20 00:14:07,786 [INFO] UtilMem:75 - End SaveConfig() Used Memory: 864958976 Bytes (1073741824)
2024-07-20 00:14:10,647 [INFO] UtilMem:75 - End SaveConfig() Used Memory: 708457552 Bytes (1073741824)
2024-07-20 00:14:11,616 [INFO] BlockDiagram:2759 - set Specific Code input for plugin: NVIC
2024-07-20 00:14:11,616 [INFO] BlockDiagram:2759 - set Specific Code input for plugin: USART
2024-07-20 00:14:11,616 [INFO] BlockDiagram:2759 - set Specific Code input for plugin: SYS
2024-07-20 00:14:11,616 [INFO] BlockDiagram:2759 - set Specific Code input for plugin: GPIO
2024-07-20 00:14:11,617 [INFO] BlockDiagram:2759 - set Specific Code input for plugin: ADC
2024-07-20 00:14:11,617 [INFO] BlockDiagram:2759 - set Specific Code input for plugin: RCC
2024-07-20 00:14:11,619 [INFO] CodeGenerator:807 - code generatio: config db path: C:\ST\STM32CubeIDE_1.15.0\STM32CubeIDE\plugins\com.st.stm32cube.common.mx_6.11.0.202403141607\\db\
2024-07-20 00:14:12,082 [INFO] CodeEngine:255 - oldGeneratedFile, C:\Users\Sandip\STM32CubeIDE\Pre_videos\ADC_Interrupt\MXTmpFiles\license.tmp_save
2024-07-20 00:14:12,811 [INFO] CodeEngine:279 - Generated code: C:\Users\Sandip\STM32CubeIDE\Pre_videos\ADC_Interrupt\MXTmpFiles\license.tmp
2024-07-20 00:14:12,884 [INFO] CodeEngine:255 - oldGeneratedFile, C:\Users\Sandip\STM32CubeIDE\Pre_videos\ADC_Interrupt\MXTmpFiles\gpio.tmp_save
2024-07-20 00:14:13,159 [INFO] CodeEngine:279 - Generated code: C:\Users\Sandip\STM32CubeIDE\Pre_videos\ADC_Interrupt\MXTmpFiles\gpio.tmp
2024-07-20 00:14:13,348 [INFO] CodeEngine:255 - oldGeneratedFile, C:\Users\Sandip\STM32CubeIDE\Pre_videos\ADC_Interrupt\Core\Src\stm32f4xx_it.c_save
2024-07-20 00:14:13,573 [INFO] CodeEngine:279 - Generated code: C:\Users\Sandip\STM32CubeIDE\Pre_videos\ADC_Interrupt\Core\Src\stm32f4xx_it.c
2024-07-20 00:14:13,584 [INFO] CodeEngine:255 - oldGeneratedFile, C:\Users\Sandip\STM32CubeIDE\Pre_videos\ADC_Interrupt\Core\Inc\stm32f4xx_it.h_save
2024-07-20 00:14:13,700 [INFO] CodeEngine:279 - Generated code: C:\Users\Sandip\STM32CubeIDE\Pre_videos\ADC_Interrupt\Core\Inc\stm32f4xx_it.h
2024-07-20 00:14:13,739 [INFO] CodeEngine:255 - oldGeneratedFile, C:\Users\Sandip\STM32CubeIDE\Pre_videos\ADC_Interrupt\Core\Src\stm32f4xx_hal_msp.c_save
2024-07-20 00:14:13,987 [INFO] CodeEngine:279 - Generated code: C:\Users\Sandip\STM32CubeIDE\Pre_videos\ADC_Interrupt\Core\Src\stm32f4xx_hal_msp.c
2024-07-20 00:14:13,994 [INFO] CodeEngine:255 - oldGeneratedFile, C:\Users\Sandip\STM32CubeIDE\Pre_videos\ADC_Interrupt\MXTmpFiles\system.tmp_save
2024-07-20 00:14:14,119 [INFO] CodeEngine:279 - Generated code: C:\Users\Sandip\STM32CubeIDE\Pre_videos\ADC_Interrupt\MXTmpFiles\system.tmp
2024-07-20 00:14:14,149 [INFO] CodeEngine:311 - oldGeneratedFile, C:\Users\Sandip\STM32CubeIDE\Pre_videos\ADC_Interrupt\Core\Inc\stm32f4xx_hal_conf.h_save
2024-07-20 00:14:14,382 [INFO] CodeEngine:335 - Generated code: C:\Users\Sandip\STM32CubeIDE\Pre_videos\ADC_Interrupt\Core\Inc\stm32f4xx_hal_conf.h
2024-07-20 00:14:14,471 [INFO] CodeEngine:255 - oldGeneratedFile, C:\Users\Sandip\STM32CubeIDE\Pre_videos\ADC_Interrupt\Core\Inc\main.h_save
2024-07-20 00:14:14,668 [INFO] CodeEngine:279 - Generated code: C:\Users\Sandip\STM32CubeIDE\Pre_videos\ADC_Interrupt\Core\Inc\main.h
2024-07-20 00:14:14,688 [INFO] CodeEngine:255 - oldGeneratedFile, C:\Users\Sandip\STM32CubeIDE\Pre_videos\ADC_Interrupt\Core\Src\main.c_save
2024-07-20 00:14:14,966 [INFO] CodeEngine:279 - Generated code: C:\Users\Sandip\STM32CubeIDE\Pre_videos\ADC_Interrupt\Core\Src\main.c
2024-07-20 00:14:15,630 [INFO] ProjectBuilder:3163 - Time for Copy HAL[1] : 324mS.
2024-07-20 00:14:15,643 [INFO] ProjectBuilder:4736 - Project Generator version: 4.3.0-B58
2024-07-20 00:14:15,790 [INFO] ConfigFileManager:1503 - The Die is : DIE431
2024-07-20 00:14:15,804 [INFO] ApiDbMcu:508 - Load IP Config File for FATFS
2024-07-20 00:14:15,888 [INFO] ApiDbMcu:508 - Load IP Config File for FREERTOS
2024-07-20 00:14:15,897 [INFO] ApiDbMcu:508 - Load IP Config File for LIBJPEG
2024-07-20 00:14:15,916 [INFO] ApiDbMcu:508 - Load IP Config File for MBEDTLS
2024-07-20 00:14:15,928 [INFO] ApiDbMcu:508 - Load IP Config File for USB_DEVICE
2024-07-20 00:14:15,933 [INFO] ApiDbMcu:508 - Load IP Config File for USB_HOST
