2024-04-28 14:30:06,426 [INFO] Activator:176 - 


2024-04-28 14:30:06,436 [INFO] Activator:177 - !SESSION log4j initialized
2024-04-28 14:30:15,586 [INFO] LogOutputStream:77 - [STDOUT_REDIRECT] 
2024-04-28 14:34:06,761 [INFO] ApplicationProperties:184 - Using Application install path: C:\ST\STM32CubeIDE_1.15.0\STM32CubeIDE\plugins\com.st.stm32cube.common.mx_6.11.0.202403141607
2024-04-28 14:34:06,785 [INFO] DbMcusXml:78 - Set database path to: C:\ST\STM32CubeIDE_1.15.0\STM32CubeIDE\plugins\com.st.stm32cube.common.mx_6.11.0.202403141607\\db\/mcu/
2024-04-28 14:34:06,786 [INFO] ApiDb:274 - Set plugin database path to: C:\ST\STM32CubeIDE_1.15.0\STM32CubeIDE\plugins\com.st.stm32cube.common.mx_6.11.0.202403141607\\db\/plugins/boardmanager/
2024-04-28 14:34:06,786 [WARN] ApiDb:259 - Overriding images path with different value:  => C:\ST\STM32CubeIDE_1.15.0\STM32CubeIDE\plugins\com.st.stm32cube.common.mx_6.11.0.202403141607\\db\/plugins/mcufinder/images/
2024-04-28 14:34:06,802 [INFO] ApiDb:250 - Set database path to: C:\Users\Sandip\.stmcufinder\plugins\mcufinder//mcu/
2024-04-28 14:34:06,804 [INFO] DbMcusAds:125 - Set database path to: C:\Users\Sandip\.stmcufinder\plugins\mcufinder//mcu/
2024-04-28 14:34:06,825 [INFO] CrossReferenceDbSqlite:203 - Set database path to: C:\Users\Sandip\.stmcufinder\plugins\mcufinder//mcu/cs/
2024-04-28 14:34:07,021 [INFO] RulesReader:64 - Compatibility file has been processed (297 Rules)
2024-04-28 14:34:07,173 [INFO] DbMcusXml:78 - Set database path to: C:\ST\STM32CubeIDE_1.15.0\STM32CubeIDE\plugins\com.st.stm32cube.common.mx_6.11.0.202403141607\\db\/mcu/
2024-04-28 14:34:07,173 [INFO] ApiDb:274 - Set plugin database path to: C:\ST\STM32CubeIDE_1.15.0\STM32CubeIDE\plugins\com.st.stm32cube.common.mx_6.11.0.202403141607\\db\/plugins/boardmanager/
2024-04-28 14:34:07,173 [INFO] ApiDb:261 - Set plugin images path to: C:\ST\STM32CubeIDE_1.15.0\STM32CubeIDE\plugins\com.st.stm32cube.common.mx_6.11.0.202403141607\\db\/plugins/mcufinder/images/
2024-04-28 14:34:07,174 [WARN] DbFile:41 - Overriding database path with different value: C:\Users\Sandip\.stmcufinder\plugins\mcufinder/ => C:\Users\Sandip\.stmcufinder\plugins\mcufinder
2024-04-28 14:34:07,174 [INFO] ApiDb:250 - Set database path to: C:\Users\Sandip\.stmcufinder\plugins\mcufinder//mcu/
2024-04-28 14:34:07,174 [WARN] DbFile:41 - Overriding database path with different value: C:\Users\Sandip\.stmcufinder\plugins\mcufinder/ => C:\Users\Sandip\.stmcufinder\plugins\mcufinder
2024-04-28 14:34:07,175 [INFO] DbMcusAds:125 - Set database path to: C:\Users\Sandip\.stmcufinder\plugins\mcufinder//mcu/
2024-04-28 14:34:07,175 [WARN] DbFile:41 - Overriding database path with different value: C:\Users\Sandip\.stmcufinder\plugins\mcufinder/ => C:\Users\Sandip\.stmcufinder\plugins\mcufinder
2024-04-28 14:34:07,175 [WARN] DbFile:41 - Overriding database path with different value: C:\Users\Sandip\.stmcufinder\plugins\mcufinder/ => C:\Users\Sandip\.stmcufinder\plugins\mcufinder
2024-04-28 14:34:07,175 [INFO] CrossReferenceDbSqlite:203 - Set database path to: C:\Users\Sandip\.stmcufinder\plugins\mcufinder//mcu/cs/
2024-04-28 14:34:07,299 [INFO] MainPanel:264 - HeapMemory: 469762048
2024-04-28 14:34:07,434 [INFO] DbMcusXml:78 - Set database path to: C:\ST\STM32CubeIDE_1.15.0\STM32CubeIDE\plugins\com.st.stm32cube.common.mx_6.11.0.202403141607\\db\/mcu/
2024-04-28 14:34:07,434 [INFO] ApiDb:274 - Set plugin database path to: C:\ST\STM32CubeIDE_1.15.0\STM32CubeIDE\plugins\com.st.stm32cube.common.mx_6.11.0.202403141607\\db\/plugins/boardmanager/
2024-04-28 14:34:07,435 [INFO] ApiDb:261 - Set plugin images path to: C:\ST\STM32CubeIDE_1.15.0\STM32CubeIDE\plugins\com.st.stm32cube.common.mx_6.11.0.202403141607\\db\/plugins/mcufinder/images/
2024-04-28 14:34:07,435 [WARN] DbFile:41 - Overriding database path with different value: C:\Users\Sandip\.stmcufinder\plugins\mcufinder/ => C:\Users\Sandip\.stmcufinder\plugins\mcufinder
2024-04-28 14:34:07,435 [INFO] ApiDb:250 - Set database path to: C:\Users\Sandip\.stmcufinder\plugins\mcufinder//mcu/
2024-04-28 14:34:07,435 [WARN] DbFile:41 - Overriding database path with different value: C:\Users\Sandip\.stmcufinder\plugins\mcufinder/ => C:\Users\Sandip\.stmcufinder\plugins\mcufinder
2024-04-28 14:34:07,436 [INFO] DbMcusAds:125 - Set database path to: C:\Users\Sandip\.stmcufinder\plugins\mcufinder//mcu/
2024-04-28 14:34:07,436 [WARN] DbFile:41 - Overriding database path with different value: C:\Users\Sandip\.stmcufinder\plugins\mcufinder/ => C:\Users\Sandip\.stmcufinder\plugins\mcufinder
2024-04-28 14:34:07,436 [WARN] DbFile:41 - Overriding database path with different value: C:\Users\Sandip\.stmcufinder\plugins\mcufinder/ => C:\Users\Sandip\.stmcufinder\plugins\mcufinder
2024-04-28 14:34:07,436 [INFO] CrossReferenceDbSqlite:203 - Set database path to: C:\Users\Sandip\.stmcufinder\plugins\mcufinder//mcu/cs/
2024-04-28 14:34:07,458 [INFO] ApplicationProperties:184 - Using Application install path: C:\ST\STM32CubeIDE_1.15.0\STM32CubeIDE\plugins\com.st.stm32cube.common.mx_6.11.0.202403141607
2024-04-28 14:34:07,460 [INFO] PluginManage:196 - Search for loadable plugins [exclusion list=, ]
2024-04-28 14:34:07,462 [INFO] PluginManage:310 - Check plugin analytics
2024-04-28 14:34:07,740 [INFO] AnalyticsPlugin:253 - Accepted Software Licenses: STM32CubeMX.6.11.0
2024-04-28 14:34:07,741 [INFO] AnalyticsPlugin:255 - Accepted CMSIS Pack Licenses: 
2024-04-28 14:34:07,741 [INFO] AnalyticsPlugin:257 - Accepted Firmware Licenses: FW.F4.1.28.0
2024-04-28 14:34:07,745 [INFO] PluginManage:359 - Loaded plugin analytics (category:tool,tabindex:-1)
2024-04-28 14:34:07,745 [INFO] PluginManage:310 - Check plugin cadmodel
2024-04-28 14:34:07,766 [INFO] CADModel:105 - Init CAD model plugin
2024-04-28 14:34:07,767 [INFO] PluginManage:359 - Loaded plugin cadmodel (category:power,tabindex:5)
2024-04-28 14:34:07,767 [INFO] PluginManage:310 - Check plugin clock
2024-04-28 14:34:07,812 [INFO] PluginManage:359 - Loaded plugin clock (category:base,tabindex:2)
2024-04-28 14:34:07,812 [INFO] PluginManage:310 - Check plugin ddr
2024-04-28 14:34:07,816 [INFO] PluginManage:359 - Loaded plugin ddr (category:tool,tabindex:6)
2024-04-28 14:34:07,816 [INFO] PluginManage:310 - Check plugin filemanager
2024-04-28 14:34:08,021 [INFO] PluginManage:359 - Loaded plugin filemanager (category:base,tabindex:10)
2024-04-28 14:34:08,021 [INFO] PluginManage:310 - Check plugin ipmanager
2024-04-28 14:34:08,033 [INFO] PluginManage:359 - Loaded plugin ipmanager (category:base,tabindex:5)
2024-04-28 14:34:08,033 [INFO] PluginManage:310 - Check plugin lpbam
2024-04-28 14:34:08,061 [INFO] PluginManage:359 - Loaded plugin lpbam (category:base,tabindex:0)
2024-04-28 14:34:08,061 [INFO] PluginManage:310 - Check plugin memorymap
2024-04-28 14:34:08,092 [INFO] PluginManage:359 - Loaded plugin memorymap (category:base,tabindex:4)
2024-04-28 14:34:08,092 [INFO] PluginManage:310 - Check plugin pinoutandconfiguration
2024-04-28 14:34:08,116 [INFO] PluginManage:359 - Loaded plugin pinoutandconfiguration (category:base,tabindex:1)
2024-04-28 14:34:08,116 [INFO] PluginManage:310 - Check plugin pinoutconfig
2024-04-28 14:34:08,253 [WARN] SupportedApi:132 - Cannot load RTOS API schema: s4s-elt-must-match.1: The content of 'definitions' must match (annotation?, (simpleType | complexType)?, (unique | key | keyref)*)). A problem was found starting at: attribute.
2024-04-28 14:34:08,459 [INFO] PluginManage:359 - Loaded plugin pinoutconfig (category:base,tabindex:0)
2024-04-28 14:34:08,459 [INFO] PluginManage:310 - Check plugin power
2024-04-28 14:34:08,489 [INFO] PluginManage:359 - Loaded plugin power (category:power,tabindex:4)
2024-04-28 14:34:08,489 [INFO] PluginManage:310 - Check plugin projectmanager
2024-04-28 14:34:08,512 [INFO] PluginManage:359 - Loaded plugin projectmanager (category:projectmanager,tabindex:3)
2024-04-28 14:34:08,512 [INFO] PluginManage:310 - Check plugin thirdparty
2024-04-28 14:34:08,887 [INFO] PluginManage:359 - Loaded plugin thirdparty (category:base,tabindex:-1)
2024-04-28 14:34:08,887 [WARN] IntegrityCheckThread:84 - waiting for thirdparty lock release [integrity check]
2024-04-28 14:34:08,887 [INFO] PluginManage:310 - Check plugin tools
2024-04-28 14:34:08,888 [INFO] IntegrityCheckThread:86 - entering critical section [integrity check]
2024-04-28 14:34:08,888 [INFO] ThirdPartyUpdaterWithRetryManager:70 - Updater plugin not ready yet. [1/15]
2024-04-28 14:34:08,933 [INFO] PluginManage:359 - Loaded plugin tools (category:base,tabindex:7)
2024-04-28 14:34:08,934 [INFO] PluginManage:310 - Check plugin tutovideos
2024-04-28 14:34:09,205 [INFO] PluginManage:359 - Loaded plugin tutovideos (category:base,tabindex:-1)
2024-04-28 14:34:09,205 [INFO] PluginManage:310 - Check plugin updater
2024-04-28 14:34:09,221 [INFO] PluginManage:359 - Loaded plugin updater (category:base,tabindex:12)
2024-04-28 14:34:09,221 [INFO] PluginManage:310 - Check plugin userauth
2024-04-28 14:34:09,229 [INFO] UserAuth:114 - Init User Auth plugin
2024-04-28 14:34:09,230 [INFO] PluginManage:359 - Loaded plugin userauth (category:base,tabindex:14)
2024-04-28 14:34:09,230 [INFO] PluginManage:283 - PluginManage : Loaded plugins [17]
2024-04-28 14:34:09,575 [INFO] PinOutPanel:1561 - setPackage(No Configuration,No Configuration)
2024-04-28 14:34:09,680 [INFO] CADModel:165 - CPN selected for project level
2024-04-28 14:34:09,680 [INFO] CADModel:114 - Register for checkConnection events
2024-04-28 14:34:09,707 [INFO] IPUIPlugin:80 - create IPUIPlugin
2024-04-28 14:34:09,708 [INFO] PluginManager:220 - loadIPPluginJar : add adc
2024-04-28 14:34:09,745 [INFO] IPUIPlugin:80 - create IPUIPlugin
2024-04-28 14:34:09,745 [INFO] PluginManager:220 - loadIPPluginJar : add aes
2024-04-28 14:34:09,791 [INFO] IPUIPlugin:80 - create IPUIPlugin
2024-04-28 14:34:09,791 [INFO] PluginManager:220 - loadIPPluginJar : add can
2024-04-28 14:34:09,816 [INFO] IPUIPlugin:80 - create IPUIPlugin
2024-04-28 14:34:09,816 [INFO] PluginManager:220 - loadIPPluginJar : add comp
2024-04-28 14:34:09,850 [INFO] IPUIPlugin:80 - create IPUIPlugin
2024-04-28 14:34:09,851 [INFO] PluginManager:220 - loadIPPluginJar : add cryp
2024-04-28 14:34:09,883 [INFO] IPUIPlugin:80 - create IPUIPlugin
2024-04-28 14:34:09,883 [INFO] PluginManager:220 - loadIPPluginJar : add dfsdm
2024-04-28 14:34:09,907 [INFO] IPUIPlugin:80 - create IPUIPlugin
2024-04-28 14:34:09,907 [INFO] PluginManager:220 - loadIPPluginJar : add dma
2024-04-28 14:34:09,955 [INFO] IPUIPlugin:80 - create IPUIPlugin
2024-04-28 14:34:09,956 [INFO] PluginManager:220 - loadIPPluginJar : add dma3
2024-04-28 14:34:10,004 [INFO] IPUIPlugin:80 - create IPUIPlugin
2024-04-28 14:34:10,005 [INFO] PluginManager:220 - loadIPPluginJar : add extmemmanager
2024-04-28 14:34:10,035 [INFO] IPUIPlugin:80 - create IPUIPlugin
2024-04-28 14:34:10,036 [INFO] PluginManager:220 - loadIPPluginJar : add fatfs
2024-04-28 14:34:10,100 [INFO] IPUIPlugin:80 - create IPUIPlugin
2024-04-28 14:34:10,101 [INFO] PluginManager:220 - loadIPPluginJar : add fmc
2024-04-28 14:34:10,119 [INFO] IPUIPlugin:80 - create IPUIPlugin
2024-04-28 14:34:10,120 [INFO] PluginManager:220 - loadIPPluginJar : add freertos
2024-04-28 14:34:10,147 [INFO] IPUIPlugin:80 - create IPUIPlugin
2024-04-28 14:34:10,147 [INFO] PluginManager:220 - loadIPPluginJar : add genericplugin
2024-04-28 14:34:10,272 [INFO] IPUIPlugin:80 - create IPUIPlugin
2024-04-28 14:34:10,272 [INFO] PluginManager:220 - loadIPPluginJar : add gfxmmu
2024-04-28 14:34:10,451 [INFO] IPUIPlugin:80 - create IPUIPlugin
2024-04-28 14:34:10,451 [INFO] PluginManager:220 - loadIPPluginJar : add gic
2024-04-28 14:34:10,468 [INFO] IPUIPlugin:80 - create IPUIPlugin
2024-04-28 14:34:10,469 [INFO] PluginManager:220 - loadIPPluginJar : add gpio
2024-04-28 14:34:10,590 [INFO] IPUIPlugin:80 - create IPUIPlugin
2024-04-28 14:34:10,591 [INFO] PluginManager:220 - loadIPPluginJar : add gtzc
2024-04-28 14:34:10,652 [INFO] IPUIPlugin:80 - create IPUIPlugin
2024-04-28 14:34:10,652 [INFO] PluginManager:220 - loadIPPluginJar : add hash
2024-04-28 14:34:10,785 [INFO] IPUIPlugin:80 - create IPUIPlugin
2024-04-28 14:34:10,785 [INFO] PluginManager:220 - loadIPPluginJar : add i2c
2024-04-28 14:34:10,840 [INFO] IPUIPlugin:80 - create IPUIPlugin
2024-04-28 14:34:10,841 [INFO] PluginManager:220 - loadIPPluginJar : add i2s
2024-04-28 14:34:10,904 [INFO] IPUIPlugin:80 - create IPUIPlugin
2024-04-28 14:34:10,904 [INFO] PluginManager:220 - loadIPPluginJar : add i3c
2024-04-28 14:34:11,044 [INFO] IPUIPlugin:80 - create IPUIPlugin
2024-04-28 14:34:11,044 [INFO] PluginManager:220 - loadIPPluginJar : add ipddr
2024-04-28 14:34:11,180 [INFO] IPUIPlugin:80 - create IPUIPlugin
2024-04-28 14:34:11,180 [INFO] PluginManager:220 - loadIPPluginJar : add linkedlist
2024-04-28 14:34:11,228 [INFO] IPUIPlugin:80 - create IPUIPlugin
2024-04-28 14:34:11,228 [INFO] PluginManager:220 - loadIPPluginJar : add lorawan
2024-04-28 14:34:11,282 [INFO] IPUIPlugin:80 - create IPUIPlugin
2024-04-28 14:34:11,282 [INFO] PluginManager:220 - loadIPPluginJar : add ltdc
2024-04-28 14:34:11,302 [INFO] IPUIPlugin:80 - create IPUIPlugin
2024-04-28 14:34:11,302 [INFO] PluginManager:220 - loadIPPluginJar : add mdma
2024-04-28 14:34:11,318 [INFO] IPUIPlugin:80 - create IPUIPlugin
2024-04-28 14:34:11,318 [INFO] PluginManager:220 - loadIPPluginJar : add nvic
2024-04-28 14:34:11,370 [INFO] IPUIPlugin:80 - create IPUIPlugin
2024-04-28 14:34:11,370 [INFO] PluginManager:220 - loadIPPluginJar : add opamp
2024-04-28 14:34:11,455 [INFO] IPUIPlugin:80 - create IPUIPlugin
2024-04-28 14:34:11,456 [INFO] PluginManager:220 - loadIPPluginJar : add openamp
2024-04-28 14:34:11,514 [INFO] IPUIPlugin:80 - create IPUIPlugin
2024-04-28 14:34:11,514 [INFO] PluginManager:220 - loadIPPluginJar : add pdm2pcm
2024-04-28 14:34:11,534 [INFO] IPUIPlugin:80 - create IPUIPlugin
2024-04-28 14:34:11,538 [INFO] PluginManager:220 - loadIPPluginJar : add plateformsettings
2024-04-28 14:34:11,568 [INFO] IPUIPlugin:80 - create IPUIPlugin
2024-04-28 14:34:11,568 [INFO] PluginManager:220 - loadIPPluginJar : add quadspi
2024-04-28 14:34:11,583 [INFO] IPUIPlugin:80 - create IPUIPlugin
2024-04-28 14:34:11,583 [INFO] PluginManager:220 - loadIPPluginJar : add resmgrutility
2024-04-28 14:34:11,668 [INFO] IPUIPlugin:80 - create IPUIPlugin
2024-04-28 14:34:11,668 [INFO] PluginManager:220 - loadIPPluginJar : add sai
2024-04-28 14:34:11,722 [INFO] IPUIPlugin:80 - create IPUIPlugin
2024-04-28 14:34:11,722 [INFO] PluginManager:220 - loadIPPluginJar : add spi
2024-04-28 14:34:11,802 [INFO] IPUIPlugin:80 - create IPUIPlugin
2024-04-28 14:34:11,802 [INFO] PluginManager:220 - loadIPPluginJar : add stm32_wpan
2024-04-28 14:34:11,828 [INFO] IPUIPlugin:80 - create IPUIPlugin
2024-04-28 14:34:11,828 [INFO] PluginManager:220 - loadIPPluginJar : add tim
2024-04-28 14:34:11,891 [INFO] ThirdPartyUpdaterWithRetryManager:70 - Updater plugin not ready yet. [2/15]
2024-04-28 14:34:11,902 [INFO] IPUIPlugin:80 - create IPUIPlugin
2024-04-28 14:34:11,902 [INFO] PluginManager:220 - loadIPPluginJar : add touchsensing
2024-04-28 14:34:11,947 [INFO] IPUIPlugin:80 - create IPUIPlugin
2024-04-28 14:34:11,947 [INFO] PluginManager:220 - loadIPPluginJar : add tracer_emb
2024-04-28 14:34:11,972 [INFO] IPUIPlugin:80 - create IPUIPlugin
2024-04-28 14:34:11,972 [INFO] PluginManager:220 - loadIPPluginJar : add ts
2024-04-28 14:34:11,997 [INFO] IPUIPlugin:80 - create IPUIPlugin
2024-04-28 14:34:11,998 [INFO] PluginManager:220 - loadIPPluginJar : add tsc
2024-04-28 14:34:12,025 [INFO] IPUIPlugin:80 - create IPUIPlugin
2024-04-28 14:34:12,025 [INFO] PluginManager:220 - loadIPPluginJar : add ucpd
2024-04-28 14:34:12,076 [INFO] IPUIPlugin:80 - create IPUIPlugin
2024-04-28 14:34:12,076 [INFO] PluginManager:220 - loadIPPluginJar : add usart
2024-04-28 14:34:12,132 [INFO] IPUIPlugin:80 - create IPUIPlugin
2024-04-28 14:34:12,132 [INFO] PluginManager:220 - loadIPPluginJar : add usbx
2024-04-28 14:34:12,307 [INFO] CADModel:165 - CPN selected for project level
2024-04-28 14:34:12,307 [INFO] CADModel:114 - Register for checkConnection events
2024-04-28 14:34:12,307 [FATAL] Updater:308 - Updater called before beeing initialized
2024-04-28 14:34:12,307 [ERROR] CADModel:125 - Updater not yet initialized, retry later 
2024-04-28 14:34:12,495 [INFO] CADModel:165 - CPN selected for project level
2024-04-28 14:34:12,495 [INFO] CADModel:114 - Register for checkConnection events
2024-04-28 14:34:12,495 [FATAL] Updater:308 - Updater called before beeing initialized
2024-04-28 14:34:12,495 [ERROR] CADModel:125 - Updater not yet initialized, retry later 
2024-04-28 14:34:12,499 [FATAL] Updater:308 - Updater called before beeing initialized
2024-04-28 14:34:12,682 [FATAL] Updater:308 - Updater called before beeing initialized
2024-04-28 14:34:12,699 [INFO] DbMcusAds:53 - JSON generation date=Wed Nov 29 16:22:27 IST 2023 (1701255147349)
2024-04-28 14:34:12,699 [FATAL] Updater:308 - Updater called before beeing initialized
2024-04-28 14:34:12,759 [WARN] DetailPanel:346 - Failed to get advertising image, set to default
2024-04-28 14:34:12,880 [FATAL] Updater:308 - Updater called before beeing initialized
2024-04-28 14:34:12,882 [FATAL] Updater:308 - Updater called before beeing initialized
2024-04-28 14:34:12,882 [FATAL] Updater:308 - Updater called before beeing initialized
2024-04-28 14:34:12,882 [WARN] DetailPanel:346 - Failed to get advertising image, set to default
2024-04-28 14:34:12,883 [FATAL] Updater:308 - Updater called before beeing initialized
2024-04-28 14:34:12,971 [ERROR] Updater:1120 - MainUpdater not yet initialized. External WinMGr cannot be set.
2024-04-28 14:34:12,983 [INFO] Updater:1056 - Updater Version found : 6.11.0
2024-04-28 14:34:13,008 [INFO] ApplicationProperties:184 - Using Application install path: C:\ST\STM32CubeIDE_1.15.0\STM32CubeIDE\plugins\com.st.stm32cube.common.mx_6.11.0.202403141607
2024-04-28 14:34:13,437 [INFO] MainUpdater:2873 - connection check result : 10
2024-04-28 14:34:13,438 [INFO] MainUpdater:290 - Updater Check For Update Now.
2024-04-28 14:34:13,439 [INFO] MicroXplorer:498 - Change Database Version : DB.6.0.110
2024-04-28 14:34:13,467 [INFO] McuFinderGlobals:63 - Set McuFinder mode to 2 (CubeIDE integrated)
2024-04-28 14:34:13,467 [INFO] UserAuth:179 - activating auth plugin
2024-04-28 14:34:13,471 [INFO] UserAuth:415 - Internet connection configuration mode: 1
2024-04-28 14:34:13,508 [INFO] JxBrowserEngine:152 - Initiate JxBrowser Engine with user profile folder
2024-04-28 14:34:13,709 [INFO] CheckServerUpdateThread:120 - End of CheckServer Thread
2024-04-28 14:34:15,137 [WARN] PackLoader:240 - Cannot read IP mode file for STMicroelectronics.FP-SNS-MOTENVWB1.1.4.0
2024-04-28 14:34:15,160 [WARN] PackLoader:240 - Cannot read IP mode file for STMicroelectronics.X-CUBE-SMBUS.2.1.0
2024-04-28 14:34:15,218 [WARN] PackLoader:240 - Cannot read IP mode file for STMicroelectronics.X-CUBE-AZRTOS-F7.1.1.0
2024-04-28 14:34:15,246 [WARN] PackLoader:240 - Cannot read IP mode file for STMicroelectronics.FP-SNS-FLIGHT1.5.0.2
2024-04-28 14:34:15,269 [WARN] PackLoader:240 - Cannot read IP mode file for STMicroelectronics.X-CUBE-DISPLAY.3.0.0
2024-04-28 14:34:15,305 [WARN] PackLoader:240 - Cannot read IP mode file for STMicroelectronics.X-CUBE-BLE1.7.0.0
2024-04-28 14:34:15,327 [WARN] PackLoader:240 - Cannot read IP mode file for emotas.I-CUBE-CANOPEN.1.3.0
2024-04-28 14:34:15,365 [WARN] PackLoader:240 - Cannot read IP mode file for STMicroelectronics.X-CUBE-BLEMGR.3.1.0
2024-04-28 14:34:15,396 [WARN] PackLoader:240 - Cannot read IP mode file for STMicroelectronics.FP-SNS-SMARTAG2.1.2.0
2024-04-28 14:34:15,437 [INFO] LogOutputStream:77 - [STDOUT_REDIRECT] 1 : Invalid condition id : UX_CORESTACK_Condition cause : null
2024-04-28 14:34:15,439 [INFO] LogOutputStream:77 - [STDOUT_REDIRECT] 1 : Invalid condition id : UX_CORESTACK_Condition cause : null
2024-04-28 14:34:15,442 [INFO] LogOutputStream:77 - [STDOUT_REDIRECT] 1 : Invalid condition id : UX_CORESTACK_Condition cause : null
2024-04-28 14:34:15,445 [INFO] LogOutputStream:77 - [STDOUT_REDIRECT] 1 : Invalid condition id : UX_CORESTACK_Condition cause : null
2024-04-28 14:34:15,448 [INFO] LogOutputStream:77 - [STDOUT_REDIRECT] 1 : Invalid condition id : UX_CORESTACK_Condition cause : null
2024-04-28 14:34:15,457 [WARN] PackLoader:240 - Cannot read IP mode file for STMicroelectronics.X-CUBE-AZRTOS-WL.2.0.0
2024-04-28 14:34:15,487 [WARN] PackLoader:240 - Cannot read IP mode file for WES.I-CUBE-Cesium.1.3.0
2024-04-28 14:34:15,503 [WARN] PackLoader:240 - Cannot read IP mode file for STMicroelectronics.X-CUBE-BLE2.3.3.0
2024-04-28 14:34:15,525 [WARN] PackLoader:240 - Cannot read IP mode file for STMicroelectronics.X-CUBE-ALGOBUILD.1.3.0
2024-04-28 14:34:15,572 [WARN] PackLoader:240 - Cannot read IP mode file for STMicroelectronics.X-CUBE-AZRTOS-G0.1.1.0
2024-04-28 14:34:15,596 [WARN] PackLoader:240 - Cannot read IP mode file for STMicroelectronics.X-CUBE-NFC4.3.0.0
2024-04-28 14:34:15,616 [WARN] PackLoader:240 - Cannot read IP mode file for STMicroelectronics.FP-ATR-SIGFOX1.3.2.0
2024-04-28 14:34:15,631 [WARN] PackLoader:240 - Cannot read IP mode file for STMicroelectronics.X-CUBE-EEPRMA1.5.1.0
2024-04-28 14:34:15,652 [WARN] PackLoader:240 - Cannot read IP mode file for ITTIA_DB.I-CUBE-ITTIADB.8.9.0
2024-04-28 14:34:15,705 [WARN] PackLoader:240 - Cannot read IP mode file for SEGGER.I-CUBE-embOS.1.3.1
2024-04-28 14:34:15,790 [WARN] PackLoader:240 - Cannot read IP mode file for STMicroelectronics.X-CUBE-GNSS1.6.0.0
2024-04-28 14:34:15,830 [WARN] PackLoader:240 - Cannot read IP mode file for STMicroelectronics.X-CUBE-AZRTOS-F4.1.1.0
2024-04-28 14:34:15,851 [WARN] PackLoader:240 - Cannot read IP mode file for STMicroelectronics.X-CUBE-FREERTOS.1.2.0
2024-04-28 14:34:15,895 [WARN] PackLoader:240 - Cannot read IP mode file for STMicroelectronics.X-CUBE-AZRTOS-L5.2.0.0
2024-04-28 14:34:15,921 [WARN] PackLoader:240 - Cannot read IP mode file for STMicroelectronics.X-CUBE-AI.9.0.0
2024-04-28 14:34:15,939 [WARN] PackLoader:240 - Cannot read IP mode file for STMicroelectronics.X-CUBE-NFC7.1.0.1
2024-04-28 14:34:15,956 [WARN] PackLoader:240 - Cannot read IP mode file for STMicroelectronics.X-CUBE-AI.8.1.0
2024-04-28 14:34:16,000 [WARN] ConditionMgr:438 - getConditionDescription Invalid condition id : LAN8742 Phy interface Condition cause : null
2024-04-28 14:34:16,001 [WARN] PackLoader:240 - Cannot read IP mode file for STMicroelectronics.X-CUBE-AZRTOS-L4.2.0.0
2024-04-28 14:34:16,003 [WARN] ConditionMgr:1039 - genDependencies : Invalid condition id : LAN8742 Phy interface Condition cause : null
2024-04-28 14:34:16,003 [WARN] ConditionMgr:1039 - genDependencies : Invalid condition id : LAN8742 Phy interface Condition cause : null
2024-04-28 14:34:16,004 [WARN] ConditionMgr:1039 - genDependencies : Invalid condition id : LAN8742 Phy interface Condition cause : null
2024-04-28 14:34:16,030 [WARN] PackLoader:240 - Cannot read IP mode file for STMicroelectronics.X-CUBE-SFXS2LP1.4.0.0
2024-04-28 14:34:16,070 [WARN] ConditionMgr:438 - getConditionDescription Invalid condition id : UX DEVICE CLASS RTOS Condition cause : null
2024-04-28 14:34:16,070 [WARN] ConditionMgr:438 - getConditionDescription Invalid condition id : UX DEVICE CLASS RTOS Condition cause : null
2024-04-28 14:34:16,072 [WARN] PackLoader:240 - Cannot read IP mode file for STMicroelectronics.X-CUBE-AZRTOS-WB.2.0.0
2024-04-28 14:34:16,074 [WARN] ConditionMgr:1039 - genDependencies : Invalid condition id : UX DEVICE CLASS RTOS Condition cause : null
2024-04-28 14:34:16,074 [WARN] ConditionMgr:1039 - genDependencies : Invalid condition id : UX DEVICE CLASS RTOS Condition cause : null
2024-04-28 14:34:16,074 [WARN] ConditionMgr:1039 - genDependencies : Invalid condition id : UX DEVICE CLASS RTOS Condition cause : null
2024-04-28 14:34:16,075 [WARN] ConditionMgr:1039 - genDependencies : Invalid condition id : UX DEVICE CLASS RTOS Condition cause : null
2024-04-28 14:34:16,075 [WARN] ConditionMgr:1039 - genDependencies : Invalid condition id : UX DEVICE CLASS RTOS Condition cause : null
2024-04-28 14:34:16,124 [WARN] PackLoader:240 - Cannot read IP mode file for STMicroelectronics.X-CUBE-SUBG2.5.0.0
2024-04-28 14:34:16,178 [WARN] PackLoader:240 - Cannot read IP mode file for STMicroelectronics.X-CUBE-AZRTOS-G4.2.0.0
2024-04-28 14:34:16,200 [WARN] PackLoader:240 - Cannot read IP mode file for STMicroelectronics.FP-SNS-MOTENVWB1.1.3.1
2024-04-28 14:34:16,216 [WARN] PackLoader:240 - Cannot read IP mode file for STMicroelectronics.X-CUBE-ISPU.2.0.0
2024-04-28 14:34:16,318 [WARN] PackLoader:240 - Cannot read IP mode file for STMicroelectronics.X-CUBE-MEMS1.10.0.0
2024-04-28 14:34:16,574 [WARN] PackLoader:240 - Cannot read IP mode file for STMicroelectronics.X-CUBE-FREERTOS.1.1.0
2024-04-28 14:34:16,593 [WARN] PackLoader:240 - Cannot read IP mode file for portGmbH.I-Cube-SoM-uGOAL.1.1.0
2024-04-28 14:34:16,607 [WARN] PackLoader:240 - Cannot read IP mode file for STMicroelectronics.X-CUBE-ALS.1.0.1
2024-04-28 14:34:16,649 [WARN] PackLoader:240 - Cannot read IP mode file for STMicroelectronics.X-CUBE-AZRTOS-H7RS.1.0.0
2024-04-28 14:34:16,667 [WARN] PackLoader:240 - Cannot read IP mode file for STMicroelectronics.FP-ATR-ASTRA1.2.0.0
2024-04-28 14:34:16,695 [WARN] PackLoader:240 - Cannot read IP mode file for STMicroelectronics.X-CUBE-TOF1.3.4.1
2024-04-28 14:34:16,753 [WARN] PackLoader:240 - Cannot read IP mode file for STMicroelectronics.X-CUBE-AZRTOS-H7.3.2.0
2024-04-28 14:34:16,785 [WARN] PackLoader:240 - Cannot read IP mode file for Infineon.AIROC-Wi-Fi-Bluetooth-STM32.1.6.0
2024-04-28 14:34:16,790 [INFO] ThirdParty:978 - Integrity check success = true
2024-04-28 14:34:16,790 [INFO] IntegrityCheckThread:100 - exiting critical section [integrity check]
2024-04-28 14:34:16,790 [INFO] IntegrityCheckThread:103 - End integrity checks thread
2024-04-28 14:34:21,693 [INFO] WebApp:161 - Instantiating new browser for Auth
2024-04-28 14:34:23,152 [INFO] WebApp:779 - Register for checkConnection events
2024-04-28 14:34:23,152 [INFO] WebApp:414 - Apply proxy settings
2024-04-28 14:34:23,153 [INFO] WebApp:499 - Chromium requires no authentication
2024-04-28 14:34:23,166 [INFO] WebApp:442 - Direct internet connection detected
2024-04-28 14:34:23,720 [INFO] WebApp:192 - Starting web application
2024-04-28 14:34:23,721 [INFO] WebApp:544 - Web application path used C:\ST\STM32CubeIDE_1.15.0\STM32CubeIDE\plugins\com.st.stm32cube.common.mx_6.11.0.202403141607\db\plugins\mcufinder\reactClient1\index.html
2024-04-28 16:20:53,170 [ERROR] LogOutputStream:75 - [STDERR_REDIRECT] 
