2024-09-13 21:57:20,351 [INFO] Activator:176 - 


2024-09-13 21:57:20,359 [INFO] Activator:177 - !SESSION log4j initialized
2024-09-13 21:57:29,807 [INFO] LogOutputStream:77 - [STDOUT_REDIRECT] 
2024-09-13 21:57:44,248 [INFO] ApplicationProperties:184 - Using Application install path: C:\ST\STM32CubeIDE_1.15.0\STM32CubeIDE\plugins\com.st.stm32cube.common.mx_6.11.0.202403141607
2024-09-13 21:57:44,287 [INFO] DbMcusXml:78 - Set database path to: C:\ST\STM32CubeIDE_1.15.0\STM32CubeIDE\plugins\com.st.stm32cube.common.mx_6.11.0.202403141607\\db\/mcu/
2024-09-13 21:57:44,288 [INFO] ApiDb:274 - Set plugin database path to: C:\ST\STM32CubeIDE_1.15.0\STM32CubeIDE\plugins\com.st.stm32cube.common.mx_6.11.0.202403141607\\db\/plugins/boardmanager/
2024-09-13 21:57:44,289 [WARN] ApiDb:259 - Overriding images path with different value:  => C:\ST\STM32CubeIDE_1.15.0\STM32CubeIDE\plugins\com.st.stm32cube.common.mx_6.11.0.202403141607\\db\/plugins/mcufinder/images/
2024-09-13 21:57:44,304 [INFO] ApiDb:250 - Set database path to: C:\Users\Sandip\.stmcufinder\plugins\mcufinder//mcu/
2024-09-13 21:57:44,306 [INFO] DbMcusAds:125 - Set database path to: C:\Users\Sandip\.stmcufinder\plugins\mcufinder//mcu/
2024-09-13 21:57:44,325 [INFO] CrossReferenceDbSqlite:203 - Set database path to: C:\Users\Sandip\.stmcufinder\plugins\mcufinder//mcu/cs/
2024-09-13 21:57:44,603 [INFO] RulesReader:64 - Compatibility file has been processed (297 Rules)
2024-09-13 21:57:44,778 [INFO] DbMcusXml:78 - Set database path to: C:\ST\STM32CubeIDE_1.15.0\STM32CubeIDE\plugins\com.st.stm32cube.common.mx_6.11.0.202403141607\\db\/mcu/
2024-09-13 21:57:44,778 [INFO] ApiDb:274 - Set plugin database path to: C:\ST\STM32CubeIDE_1.15.0\STM32CubeIDE\plugins\com.st.stm32cube.common.mx_6.11.0.202403141607\\db\/plugins/boardmanager/
2024-09-13 21:57:44,778 [INFO] ApiDb:261 - Set plugin images path to: C:\ST\STM32CubeIDE_1.15.0\STM32CubeIDE\plugins\com.st.stm32cube.common.mx_6.11.0.202403141607\\db\/plugins/mcufinder/images/
2024-09-13 21:57:44,779 [WARN] DbFile:41 - Overriding database path with different value: C:\Users\Sandip\.stmcufinder\plugins\mcufinder/ => C:\Users\Sandip\.stmcufinder\plugins\mcufinder
2024-09-13 21:57:44,779 [INFO] ApiDb:250 - Set database path to: C:\Users\Sandip\.stmcufinder\plugins\mcufinder//mcu/
2024-09-13 21:57:44,779 [WARN] DbFile:41 - Overriding database path with different value: C:\Users\Sandip\.stmcufinder\plugins\mcufinder/ => C:\Users\Sandip\.stmcufinder\plugins\mcufinder
2024-09-13 21:57:44,779 [INFO] DbMcusAds:125 - Set database path to: C:\Users\Sandip\.stmcufinder\plugins\mcufinder//mcu/
2024-09-13 21:57:44,780 [WARN] DbFile:41 - Overriding database path with different value: C:\Users\Sandip\.stmcufinder\plugins\mcufinder/ => C:\Users\Sandip\.stmcufinder\plugins\mcufinder
2024-09-13 21:57:44,780 [WARN] DbFile:41 - Overriding database path with different value: C:\Users\Sandip\.stmcufinder\plugins\mcufinder/ => C:\Users\Sandip\.stmcufinder\plugins\mcufinder
2024-09-13 21:57:44,780 [INFO] CrossReferenceDbSqlite:203 - Set database path to: C:\Users\Sandip\.stmcufinder\plugins\mcufinder//mcu/cs/
2024-09-13 21:57:44,945 [INFO] MainPanel:264 - HeapMemory: 591396864
2024-09-13 21:57:45,153 [INFO] DbMcusXml:78 - Set database path to: C:\ST\STM32CubeIDE_1.15.0\STM32CubeIDE\plugins\com.st.stm32cube.common.mx_6.11.0.202403141607\\db\/mcu/
2024-09-13 21:57:45,154 [INFO] ApiDb:274 - Set plugin database path to: C:\ST\STM32CubeIDE_1.15.0\STM32CubeIDE\plugins\com.st.stm32cube.common.mx_6.11.0.202403141607\\db\/plugins/boardmanager/
2024-09-13 21:57:45,154 [INFO] ApiDb:261 - Set plugin images path to: C:\ST\STM32CubeIDE_1.15.0\STM32CubeIDE\plugins\com.st.stm32cube.common.mx_6.11.0.202403141607\\db\/plugins/mcufinder/images/
2024-09-13 21:57:45,155 [WARN] DbFile:41 - Overriding database path with different value: C:\Users\Sandip\.stmcufinder\plugins\mcufinder/ => C:\Users\Sandip\.stmcufinder\plugins\mcufinder
2024-09-13 21:57:45,155 [INFO] ApiDb:250 - Set database path to: C:\Users\Sandip\.stmcufinder\plugins\mcufinder//mcu/
2024-09-13 21:57:45,155 [WARN] DbFile:41 - Overriding database path with different value: C:\Users\Sandip\.stmcufinder\plugins\mcufinder/ => C:\Users\Sandip\.stmcufinder\plugins\mcufinder
2024-09-13 21:57:45,156 [INFO] DbMcusAds:125 - Set database path to: C:\Users\Sandip\.stmcufinder\plugins\mcufinder//mcu/
2024-09-13 21:57:45,156 [WARN] DbFile:41 - Overriding database path with different value: C:\Users\Sandip\.stmcufinder\plugins\mcufinder/ => C:\Users\Sandip\.stmcufinder\plugins\mcufinder
2024-09-13 21:57:45,156 [WARN] DbFile:41 - Overriding database path with different value: C:\Users\Sandip\.stmcufinder\plugins\mcufinder/ => C:\Users\Sandip\.stmcufinder\plugins\mcufinder
2024-09-13 21:57:45,156 [INFO] CrossReferenceDbSqlite:203 - Set database path to: C:\Users\Sandip\.stmcufinder\plugins\mcufinder//mcu/cs/
2024-09-13 21:57:45,197 [INFO] ApplicationProperties:184 - Using Application install path: C:\ST\STM32CubeIDE_1.15.0\STM32CubeIDE\plugins\com.st.stm32cube.common.mx_6.11.0.202403141607
2024-09-13 21:57:45,200 [INFO] PluginManage:196 - Search for loadable plugins [exclusion list=, ]
2024-09-13 21:57:45,211 [INFO] PluginManage:310 - Check plugin analytics
2024-09-13 21:57:45,619 [INFO] AnalyticsPlugin:253 - Accepted Software Licenses: STM32CubeMX.6.11.0
2024-09-13 21:57:45,620 [INFO] AnalyticsPlugin:255 - Accepted CMSIS Pack Licenses: 
2024-09-13 21:57:45,620 [INFO] AnalyticsPlugin:257 - Accepted Firmware Licenses: FW.F4.1.28.0
2024-09-13 21:57:45,625 [INFO] PluginManage:359 - Loaded plugin analytics (category:tool,tabindex:-1)
2024-09-13 21:57:45,625 [INFO] PluginManage:310 - Check plugin cadmodel
2024-09-13 21:57:45,657 [INFO] CADModel:105 - Init CAD model plugin
2024-09-13 21:57:45,657 [INFO] PluginManage:359 - Loaded plugin cadmodel (category:power,tabindex:5)
2024-09-13 21:57:45,658 [INFO] PluginManage:310 - Check plugin clock
2024-09-13 21:57:45,703 [INFO] PluginManage:359 - Loaded plugin clock (category:base,tabindex:2)
2024-09-13 21:57:45,703 [INFO] PluginManage:310 - Check plugin ddr
2024-09-13 21:57:45,710 [INFO] PluginManage:359 - Loaded plugin ddr (category:tool,tabindex:6)
2024-09-13 21:57:45,710 [INFO] PluginManage:310 - Check plugin filemanager
2024-09-13 21:57:46,004 [INFO] PluginManage:359 - Loaded plugin filemanager (category:base,tabindex:10)
2024-09-13 21:57:46,004 [INFO] PluginManage:310 - Check plugin ipmanager
2024-09-13 21:57:46,018 [INFO] PluginManage:359 - Loaded plugin ipmanager (category:base,tabindex:5)
2024-09-13 21:57:46,019 [INFO] PluginManage:310 - Check plugin lpbam
2024-09-13 21:57:46,056 [INFO] PluginManage:359 - Loaded plugin lpbam (category:base,tabindex:0)
2024-09-13 21:57:46,056 [INFO] PluginManage:310 - Check plugin memorymap
2024-09-13 21:57:46,112 [INFO] PluginManage:359 - Loaded plugin memorymap (category:base,tabindex:4)
2024-09-13 21:57:46,112 [INFO] PluginManage:310 - Check plugin pinoutandconfiguration
2024-09-13 21:57:46,147 [INFO] PluginManage:359 - Loaded plugin pinoutandconfiguration (category:base,tabindex:1)
2024-09-13 21:57:46,147 [INFO] PluginManage:310 - Check plugin pinoutconfig
2024-09-13 21:57:46,361 [WARN] SupportedApi:132 - Cannot load RTOS API schema: s4s-elt-must-match.1: The content of 'definitions' must match (annotation?, (simpleType | complexType)?, (unique | key | keyref)*)). A problem was found starting at: attribute.
2024-09-13 21:57:46,670 [INFO] PluginManage:359 - Loaded plugin pinoutconfig (category:base,tabindex:0)
2024-09-13 21:57:46,670 [INFO] PluginManage:310 - Check plugin power
2024-09-13 21:57:46,706 [INFO] PluginManage:359 - Loaded plugin power (category:power,tabindex:4)
2024-09-13 21:57:46,706 [INFO] PluginManage:310 - Check plugin projectmanager
2024-09-13 21:57:46,733 [INFO] PluginManage:359 - Loaded plugin projectmanager (category:projectmanager,tabindex:3)
2024-09-13 21:57:46,734 [INFO] PluginManage:310 - Check plugin thirdparty
2024-09-13 21:57:47,218 [INFO] PluginManage:359 - Loaded plugin thirdparty (category:base,tabindex:-1)
2024-09-13 21:57:47,218 [WARN] IntegrityCheckThread:84 - waiting for thirdparty lock release [integrity check]
2024-09-13 21:57:47,219 [INFO] PluginManage:310 - Check plugin tools
2024-09-13 21:57:47,219 [INFO] IntegrityCheckThread:86 - entering critical section [integrity check]
2024-09-13 21:57:47,219 [INFO] ThirdPartyUpdaterWithRetryManager:70 - Updater plugin not ready yet. [1/15]
2024-09-13 21:57:47,301 [INFO] PluginManage:359 - Loaded plugin tools (category:base,tabindex:7)
2024-09-13 21:57:47,301 [INFO] PluginManage:310 - Check plugin tutovideos
2024-09-13 21:57:47,718 [INFO] PluginManage:359 - Loaded plugin tutovideos (category:base,tabindex:-1)
2024-09-13 21:57:47,718 [INFO] PluginManage:310 - Check plugin updater
2024-09-13 21:57:47,736 [INFO] PluginManage:359 - Loaded plugin updater (category:base,tabindex:12)
2024-09-13 21:57:47,736 [INFO] PluginManage:310 - Check plugin userauth
2024-09-13 21:57:47,744 [INFO] UserAuth:114 - Init User Auth plugin
2024-09-13 21:57:47,744 [INFO] PluginManage:359 - Loaded plugin userauth (category:base,tabindex:14)
2024-09-13 21:57:47,745 [INFO] PluginManage:283 - PluginManage : Loaded plugins [17]
2024-09-13 21:57:48,162 [INFO] PinOutPanel:1561 - setPackage(No Configuration,No Configuration)
2024-09-13 21:57:48,331 [INFO] CADModel:165 - CPN selected for project level
2024-09-13 21:57:48,331 [INFO] CADModel:114 - Register for checkConnection events
2024-09-13 21:57:48,373 [INFO] IPUIPlugin:80 - create IPUIPlugin
2024-09-13 21:57:48,373 [INFO] PluginManager:220 - loadIPPluginJar : add adc
2024-09-13 21:57:48,450 [INFO] IPUIPlugin:80 - create IPUIPlugin
2024-09-13 21:57:48,451 [INFO] PluginManager:220 - loadIPPluginJar : add aes
2024-09-13 21:57:48,528 [INFO] IPUIPlugin:80 - create IPUIPlugin
2024-09-13 21:57:48,528 [INFO] PluginManager:220 - loadIPPluginJar : add can
2024-09-13 21:57:48,532 [INFO] IPUIPlugin:80 - create IPUIPlugin
2024-09-13 21:57:48,533 [INFO] PluginManager:220 - loadIPPluginJar : add comp
2024-09-13 21:57:48,592 [INFO] IPUIPlugin:80 - create IPUIPlugin
2024-09-13 21:57:48,592 [INFO] PluginManager:220 - loadIPPluginJar : add cryp
2024-09-13 21:57:48,663 [INFO] IPUIPlugin:80 - create IPUIPlugin
2024-09-13 21:57:48,663 [INFO] PluginManager:220 - loadIPPluginJar : add dfsdm
2024-09-13 21:57:48,687 [INFO] IPUIPlugin:80 - create IPUIPlugin
2024-09-13 21:57:48,688 [INFO] PluginManager:220 - loadIPPluginJar : add dma
2024-09-13 21:57:48,777 [INFO] IPUIPlugin:80 - create IPUIPlugin
2024-09-13 21:57:48,777 [INFO] PluginManager:220 - loadIPPluginJar : add dma3
2024-09-13 21:57:48,877 [INFO] IPUIPlugin:80 - create IPUIPlugin
2024-09-13 21:57:48,878 [INFO] PluginManager:220 - loadIPPluginJar : add extmemmanager
2024-09-13 21:57:48,932 [INFO] IPUIPlugin:80 - create IPUIPlugin
2024-09-13 21:57:48,933 [INFO] PluginManager:220 - loadIPPluginJar : add fatfs
2024-09-13 21:57:49,038 [INFO] IPUIPlugin:80 - create IPUIPlugin
2024-09-13 21:57:49,039 [INFO] PluginManager:220 - loadIPPluginJar : add fmc
2024-09-13 21:57:49,063 [INFO] IPUIPlugin:80 - create IPUIPlugin
2024-09-13 21:57:49,064 [INFO] PluginManager:220 - loadIPPluginJar : add freertos
2024-09-13 21:57:49,106 [INFO] IPUIPlugin:80 - create IPUIPlugin
2024-09-13 21:57:49,106 [INFO] PluginManager:220 - loadIPPluginJar : add genericplugin
2024-09-13 21:57:49,314 [INFO] IPUIPlugin:80 - create IPUIPlugin
2024-09-13 21:57:49,314 [INFO] PluginManager:220 - loadIPPluginJar : add gfxmmu
2024-09-13 21:57:49,594 [INFO] IPUIPlugin:80 - create IPUIPlugin
2024-09-13 21:57:49,595 [INFO] PluginManager:220 - loadIPPluginJar : add gic
2024-09-13 21:57:49,620 [INFO] IPUIPlugin:80 - create IPUIPlugin
2024-09-13 21:57:49,620 [INFO] PluginManager:220 - loadIPPluginJar : add gpio
2024-09-13 21:57:49,804 [INFO] IPUIPlugin:80 - create IPUIPlugin
2024-09-13 21:57:49,805 [INFO] PluginManager:220 - loadIPPluginJar : add gtzc
2024-09-13 21:57:49,866 [INFO] IPUIPlugin:80 - create IPUIPlugin
2024-09-13 21:57:49,866 [INFO] PluginManager:220 - loadIPPluginJar : add hash
2024-09-13 21:57:49,959 [INFO] IPUIPlugin:80 - create IPUIPlugin
2024-09-13 21:57:49,959 [INFO] PluginManager:220 - loadIPPluginJar : add i2c
2024-09-13 21:57:50,028 [INFO] IPUIPlugin:80 - create IPUIPlugin
2024-09-13 21:57:50,028 [INFO] PluginManager:220 - loadIPPluginJar : add i2s
2024-09-13 21:57:50,095 [INFO] IPUIPlugin:80 - create IPUIPlugin
2024-09-13 21:57:50,095 [INFO] PluginManager:220 - loadIPPluginJar : add i3c
2024-09-13 21:57:50,221 [INFO] ThirdPartyUpdaterWithRetryManager:70 - Updater plugin not ready yet. [2/15]
2024-09-13 21:57:50,310 [INFO] IPUIPlugin:80 - create IPUIPlugin
2024-09-13 21:57:50,310 [INFO] PluginManager:220 - loadIPPluginJar : add ipddr
2024-09-13 21:57:50,499 [INFO] IPUIPlugin:80 - create IPUIPlugin
2024-09-13 21:57:50,500 [INFO] PluginManager:220 - loadIPPluginJar : add linkedlist
2024-09-13 21:57:50,507 [INFO] IPUIPlugin:80 - create IPUIPlugin
2024-09-13 21:57:50,507 [INFO] PluginManager:220 - loadIPPluginJar : add lorawan
2024-09-13 21:57:50,581 [INFO] IPUIPlugin:80 - create IPUIPlugin
2024-09-13 21:57:50,581 [INFO] PluginManager:220 - loadIPPluginJar : add ltdc
2024-09-13 21:57:50,602 [INFO] IPUIPlugin:80 - create IPUIPlugin
2024-09-13 21:57:50,602 [INFO] PluginManager:220 - loadIPPluginJar : add mdma
2024-09-13 21:57:50,620 [INFO] IPUIPlugin:80 - create IPUIPlugin
2024-09-13 21:57:50,620 [INFO] PluginManager:220 - loadIPPluginJar : add nvic
2024-09-13 21:57:50,691 [INFO] IPUIPlugin:80 - create IPUIPlugin
2024-09-13 21:57:50,691 [INFO] PluginManager:220 - loadIPPluginJar : add opamp
2024-09-13 21:57:50,810 [INFO] IPUIPlugin:80 - create IPUIPlugin
2024-09-13 21:57:50,810 [INFO] PluginManager:220 - loadIPPluginJar : add openamp
2024-09-13 21:57:50,913 [INFO] IPUIPlugin:80 - create IPUIPlugin
2024-09-13 21:57:50,913 [INFO] PluginManager:220 - loadIPPluginJar : add pdm2pcm
2024-09-13 21:57:50,938 [INFO] IPUIPlugin:80 - create IPUIPlugin
2024-09-13 21:57:50,944 [INFO] PluginManager:220 - loadIPPluginJar : add plateformsettings
2024-09-13 21:57:50,991 [INFO] IPUIPlugin:80 - create IPUIPlugin
2024-09-13 21:57:50,991 [INFO] PluginManager:220 - loadIPPluginJar : add quadspi
2024-09-13 21:57:51,016 [INFO] IPUIPlugin:80 - create IPUIPlugin
2024-09-13 21:57:51,017 [INFO] PluginManager:220 - loadIPPluginJar : add resmgrutility
2024-09-13 21:57:51,112 [INFO] IPUIPlugin:80 - create IPUIPlugin
2024-09-13 21:57:51,112 [INFO] PluginManager:220 - loadIPPluginJar : add sai
2024-09-13 21:57:51,186 [INFO] IPUIPlugin:80 - create IPUIPlugin
2024-09-13 21:57:51,186 [INFO] PluginManager:220 - loadIPPluginJar : add spi
2024-09-13 21:57:51,303 [INFO] IPUIPlugin:80 - create IPUIPlugin
2024-09-13 21:57:51,303 [INFO] PluginManager:220 - loadIPPluginJar : add stm32_wpan
2024-09-13 21:57:51,308 [INFO] IPUIPlugin:80 - create IPUIPlugin
2024-09-13 21:57:51,308 [INFO] PluginManager:220 - loadIPPluginJar : add tim
2024-09-13 21:57:51,439 [INFO] IPUIPlugin:80 - create IPUIPlugin
2024-09-13 21:57:51,439 [INFO] PluginManager:220 - loadIPPluginJar : add touchsensing
2024-09-13 21:57:51,477 [INFO] IPUIPlugin:80 - create IPUIPlugin
2024-09-13 21:57:51,477 [INFO] PluginManager:220 - loadIPPluginJar : add tracer_emb
2024-09-13 21:57:51,522 [INFO] IPUIPlugin:80 - create IPUIPlugin
2024-09-13 21:57:51,522 [INFO] PluginManager:220 - loadIPPluginJar : add ts
2024-09-13 21:57:51,562 [INFO] IPUIPlugin:80 - create IPUIPlugin
2024-09-13 21:57:51,562 [INFO] PluginManager:220 - loadIPPluginJar : add tsc
2024-09-13 21:57:51,565 [INFO] IPUIPlugin:80 - create IPUIPlugin
2024-09-13 21:57:51,566 [INFO] PluginManager:220 - loadIPPluginJar : add ucpd
2024-09-13 21:57:51,637 [INFO] IPUIPlugin:80 - create IPUIPlugin
2024-09-13 21:57:51,637 [INFO] PluginManager:220 - loadIPPluginJar : add usart
2024-09-13 21:57:51,718 [INFO] IPUIPlugin:80 - create IPUIPlugin
2024-09-13 21:57:51,718 [INFO] PluginManager:220 - loadIPPluginJar : add usbx
2024-09-13 21:57:51,894 [INFO] CADModel:165 - CPN selected for project level
2024-09-13 21:57:51,895 [INFO] CADModel:114 - Register for checkConnection events
2024-09-13 21:57:51,895 [FATAL] Updater:308 - Updater called before beeing initialized
2024-09-13 21:57:51,895 [ERROR] CADModel:125 - Updater not yet initialized, retry later 
2024-09-13 21:57:52,161 [INFO] CADModel:165 - CPN selected for project level
2024-09-13 21:57:52,162 [INFO] CADModel:114 - Register for checkConnection events
2024-09-13 21:57:52,162 [FATAL] Updater:308 - Updater called before beeing initialized
2024-09-13 21:57:52,162 [ERROR] CADModel:125 - Updater not yet initialized, retry later 
2024-09-13 21:57:52,168 [FATAL] Updater:308 - Updater called before beeing initialized
2024-09-13 21:57:52,351 [FATAL] Updater:308 - Updater called before beeing initialized
2024-09-13 21:57:52,373 [INFO] DbMcusAds:53 - JSON generation date=Thu May 16 14:52:00 IST 2024 (1715851320667)
2024-09-13 21:57:52,373 [FATAL] Updater:308 - Updater called before beeing initialized
2024-09-13 21:57:52,453 [WARN] DetailPanel:346 - Failed to get advertising image, set to default
2024-09-13 21:57:52,624 [FATAL] Updater:308 - Updater called before beeing initialized
2024-09-13 21:57:52,626 [FATAL] Updater:308 - Updater called before beeing initialized
2024-09-13 21:57:52,627 [FATAL] Updater:308 - Updater called before beeing initialized
2024-09-13 21:57:52,627 [WARN] DetailPanel:346 - Failed to get advertising image, set to default
2024-09-13 21:57:52,628 [FATAL] Updater:308 - Updater called before beeing initialized
2024-09-13 21:57:52,750 [ERROR] Updater:1120 - MainUpdater not yet initialized. External WinMGr cannot be set.
2024-09-13 21:57:52,771 [INFO] Updater:1056 - Updater Version found : 6.11.0
2024-09-13 21:57:52,802 [INFO] ApplicationProperties:184 - Using Application install path: C:\ST\STM32CubeIDE_1.15.0\STM32CubeIDE\plugins\com.st.stm32cube.common.mx_6.11.0.202403141607
2024-09-13 21:57:53,222 [INFO] ThirdPartyUpdaterWithRetryManager:70 - Updater plugin not ready yet. [3/15]
2024-09-13 21:57:53,304 [INFO] MainUpdater:2873 - connection check result : 10
2024-09-13 21:57:53,305 [INFO] MainUpdater:290 - Updater Check For Update Now.
2024-09-13 21:57:53,306 [INFO] MicroXplorer:498 - Change Database Version : DB.6.0.110
2024-09-13 21:57:53,342 [INFO] McuFinderGlobals:63 - Set McuFinder mode to 2 (CubeIDE integrated)
2024-09-13 21:57:53,363 [INFO] UserAuth:415 - Internet connection configuration mode: 1
2024-09-13 21:57:53,415 [INFO] JxBrowserEngine:152 - Initiate JxBrowser Engine with user profile folder
2024-09-13 21:57:53,624 [INFO] CheckServerUpdateThread:120 - End of CheckServer Thread
2024-09-13 21:57:56,554 [WARN] PackLoader:240 - Cannot read IP mode file for STMicroelectronics.FP-SNS-MOTENVWB1.1.4.0
2024-09-13 21:57:56,588 [WARN] PackLoader:240 - Cannot read IP mode file for STMicroelectronics.X-CUBE-SMBUS.2.1.0
2024-09-13 21:57:56,612 [WARN] PackLoader:240 - Cannot read IP mode file for STMicroelectronics.X-CUBE-TOUCHGFX.4.23.2
2024-09-13 21:57:56,727 [WARN] PackLoader:240 - Cannot read IP mode file for STMicroelectronics.X-CUBE-AZRTOS-F7.1.1.0
2024-09-13 21:57:56,907 [WARN] PackLoader:240 - Cannot read IP mode file for STMicroelectronics.X-CUBE-MEMS1.11.0.0
2024-09-13 21:57:57,259 [WARN] PackLoader:240 - Cannot read IP mode file for STMicroelectronics.FP-SNS-FLIGHT1.5.0.2
2024-09-13 21:57:57,288 [WARN] PackLoader:240 - Cannot read IP mode file for STMicroelectronics.X-CUBE-DISPLAY.3.0.0
2024-09-13 21:57:57,321 [WARN] PackLoader:240 - Cannot read IP mode file for STMicroelectronics.X-CUBE-BLE1.7.0.0
2024-09-13 21:57:57,347 [WARN] PackLoader:240 - Cannot read IP mode file for emotas.I-CUBE-CANOPEN.1.3.0
2024-09-13 21:57:57,384 [WARN] PackLoader:240 - Cannot read IP mode file for STMicroelectronics.X-CUBE-BLEMGR.3.1.0
2024-09-13 21:57:57,413 [WARN] PackLoader:240 - Cannot read IP mode file for STMicroelectronics.FP-SNS-SMARTAG2.1.2.0
2024-09-13 21:57:57,456 [INFO] LogOutputStream:77 - [STDOUT_REDIRECT] 1 : Invalid condition id : UX_CORESTACK_Condition cause : null
2024-09-13 21:57:57,457 [INFO] LogOutputStream:77 - [STDOUT_REDIRECT] 1 : Invalid condition id : UX_CORESTACK_Condition cause : null
2024-09-13 21:57:57,458 [INFO] LogOutputStream:77 - [STDOUT_REDIRECT] 1 : Invalid condition id : UX_CORESTACK_Condition cause : null
2024-09-13 21:57:57,461 [INFO] LogOutputStream:77 - [STDOUT_REDIRECT] 1 : Invalid condition id : UX_CORESTACK_Condition cause : null
2024-09-13 21:57:57,464 [INFO] LogOutputStream:77 - [STDOUT_REDIRECT] 1 : Invalid condition id : UX_CORESTACK_Condition cause : null
2024-09-13 21:57:57,469 [WARN] PackLoader:240 - Cannot read IP mode file for STMicroelectronics.X-CUBE-AZRTOS-WL.2.0.0
2024-09-13 21:57:57,495 [WARN] PackLoader:240 - Cannot read IP mode file for wolfSSL.I-CUBE-wolfMQTT.1.19.0
2024-09-13 21:57:57,518 [WARN] PackLoader:240 - Cannot read IP mode file for WES.I-CUBE-Cesium.1.3.0
2024-09-13 21:57:57,543 [WARN] PackLoader:240 - Cannot read IP mode file for STMicroelectronics.X-CUBE-BLE2.3.3.0
2024-09-13 21:57:57,566 [WARN] PackLoader:240 - Cannot read IP mode file for STMicroelectronics.X-CUBE-ALGOBUILD.1.3.0
2024-09-13 21:57:57,621 [WARN] PackLoader:240 - Cannot read IP mode file for STMicroelectronics.X-CUBE-AZRTOS-G0.1.1.0
2024-09-13 21:57:57,649 [WARN] PackLoader:240 - Cannot read IP mode file for STMicroelectronics.X-CUBE-NFC4.3.0.0
2024-09-13 21:57:57,680 [WARN] PackLoader:240 - Cannot read IP mode file for EmbeddedOffice.I-CUBE-FS-RTOS.1.0.1
2024-09-13 21:57:57,680 [ERROR] ConditionMgr:805 - Attr not supported : Dmpu
2024-09-13 21:57:57,680 [ERROR] ConditionMgr:805 - Attr not supported : Dmpu
2024-09-13 21:57:57,680 [ERROR] ConditionMgr:805 - Attr not supported : Dmpu
2024-09-13 21:57:57,681 [ERROR] ConditionMgr:805 - Attr not supported : Dmpu
2024-09-13 21:57:57,681 [ERROR] ConditionMgr:805 - Attr not supported : Dmpu
2024-09-13 21:57:57,681 [ERROR] ConditionMgr:805 - Attr not supported : Dmpu
2024-09-13 21:57:57,681 [ERROR] ConditionMgr:805 - Attr not supported : Dmpu
2024-09-13 21:57:57,681 [ERROR] ConditionMgr:805 - Attr not supported : Dmpu
2024-09-13 21:57:57,681 [ERROR] ConditionMgr:805 - Attr not supported : Dmpu
2024-09-13 21:57:57,681 [ERROR] ConditionMgr:805 - Attr not supported : Dmpu
2024-09-13 21:57:57,681 [ERROR] ConditionMgr:805 - Attr not supported : Dmpu
2024-09-13 21:57:57,681 [ERROR] ConditionMgr:805 - Attr not supported : Dmpu
2024-09-13 21:57:57,681 [ERROR] ConditionMgr:805 - Attr not supported : Dmpu
2024-09-13 21:57:57,681 [ERROR] ConditionMgr:805 - Attr not supported : Dmpu
2024-09-13 21:57:57,681 [ERROR] ConditionMgr:805 - Attr not supported : Dmpu
2024-09-13 21:57:57,682 [ERROR] ConditionMgr:805 - Attr not supported : Dmpu
2024-09-13 21:57:57,682 [ERROR] ConditionMgr:805 - Attr not supported : Dmpu
2024-09-13 21:57:57,682 [ERROR] ConditionMgr:805 - Attr not supported : Dmpu
2024-09-13 21:57:57,682 [ERROR] ConditionMgr:805 - Attr not supported : Dmpu
2024-09-13 21:57:57,682 [ERROR] ConditionMgr:805 - Attr not supported : Dmpu
2024-09-13 21:57:57,682 [ERROR] ConditionMgr:805 - Attr not supported : Dmpu
2024-09-13 21:57:57,682 [ERROR] ConditionMgr:805 - Attr not supported : Dmpu
2024-09-13 21:57:57,682 [ERROR] ConditionMgr:805 - Attr not supported : Dmpu
2024-09-13 21:57:57,682 [ERROR] ConditionMgr:805 - Attr not supported : Dmpu
2024-09-13 21:57:57,682 [ERROR] ConditionMgr:805 - Attr not supported : Dmpu
2024-09-13 21:57:57,683 [ERROR] ConditionMgr:805 - Attr not supported : Dmpu
2024-09-13 21:57:57,683 [ERROR] ConditionMgr:805 - Attr not supported : Dmpu
2024-09-13 21:57:57,683 [ERROR] ConditionMgr:805 - Attr not supported : Dmpu
2024-09-13 21:57:57,683 [ERROR] ConditionMgr:805 - Attr not supported : Dmpu
2024-09-13 21:57:57,683 [ERROR] ConditionMgr:805 - Attr not supported : Dmpu
2024-09-13 21:57:57,683 [ERROR] ConditionMgr:805 - Attr not supported : Dmpu
2024-09-13 21:57:57,683 [ERROR] ConditionMgr:805 - Attr not supported : Dmpu
2024-09-13 21:57:57,683 [ERROR] ConditionMgr:805 - Attr not supported : Dmpu
2024-09-13 21:57:57,683 [ERROR] ConditionMgr:805 - Attr not supported : Dmpu
2024-09-13 21:57:57,683 [ERROR] ConditionMgr:805 - Attr not supported : Dmpu
2024-09-13 21:57:57,684 [ERROR] ConditionMgr:805 - Attr not supported : Dmpu
2024-09-13 21:57:57,684 [ERROR] ConditionMgr:805 - Attr not supported : Dmpu
2024-09-13 21:57:57,684 [ERROR] ConditionMgr:805 - Attr not supported : Dmpu
2024-09-13 21:57:57,684 [ERROR] ConditionMgr:805 - Attr not supported : Dmpu
2024-09-13 21:57:57,684 [ERROR] ConditionMgr:805 - Attr not supported : Dmpu
2024-09-13 21:57:57,684 [ERROR] ConditionMgr:805 - Attr not supported : Dmpu
2024-09-13 21:57:57,685 [ERROR] ConditionMgr:805 - Attr not supported : Dmpu
2024-09-13 21:57:57,685 [ERROR] ConditionMgr:805 - Attr not supported : Dmpu
2024-09-13 21:57:57,685 [ERROR] ConditionMgr:805 - Attr not supported : Dmpu
2024-09-13 21:57:57,685 [ERROR] ConditionMgr:805 - Attr not supported : Dmpu
2024-09-13 21:57:57,685 [ERROR] ConditionMgr:805 - Attr not supported : Dmpu
2024-09-13 21:57:57,685 [ERROR] ConditionMgr:805 - Attr not supported : Dmpu
2024-09-13 21:57:57,685 [ERROR] ConditionMgr:805 - Attr not supported : Dmpu
2024-09-13 21:57:57,686 [ERROR] ConditionMgr:805 - Attr not supported : Dmpu
2024-09-13 21:57:57,686 [ERROR] ConditionMgr:805 - Attr not supported : Dmpu
2024-09-13 21:57:57,686 [ERROR] ConditionMgr:805 - Attr not supported : Dmpu
2024-09-13 21:57:57,686 [ERROR] ConditionMgr:805 - Attr not supported : Dmpu
2024-09-13 21:57:57,686 [ERROR] ConditionMgr:805 - Attr not supported : Dmpu
2024-09-13 21:57:57,686 [ERROR] ConditionMgr:805 - Attr not supported : Dmpu
2024-09-13 21:57:57,686 [ERROR] ConditionMgr:805 - Attr not supported : Dmpu
2024-09-13 21:57:57,686 [ERROR] ConditionMgr:805 - Attr not supported : Dmpu
2024-09-13 21:57:57,687 [ERROR] ConditionMgr:805 - Attr not supported : Dmpu
2024-09-13 21:57:57,687 [ERROR] ConditionMgr:805 - Attr not supported : Dmpu
2024-09-13 21:57:57,687 [ERROR] ConditionMgr:805 - Attr not supported : Dmpu
2024-09-13 21:57:57,687 [ERROR] ConditionMgr:805 - Attr not supported : Dmpu
2024-09-13 21:57:57,687 [ERROR] ConditionMgr:805 - Attr not supported : Dmpu
2024-09-13 21:57:57,687 [ERROR] ConditionMgr:805 - Attr not supported : Dmpu
2024-09-13 21:57:57,687 [ERROR] ConditionMgr:805 - Attr not supported : Dmpu
2024-09-13 21:57:57,687 [ERROR] ConditionMgr:805 - Attr not supported : Dmpu
2024-09-13 21:57:57,707 [WARN] PackLoader:240 - Cannot read IP mode file for RealThread.X-CUBE-RT-Thread_Nano.4.1.1
2024-09-13 21:57:57,732 [WARN] PackLoader:240 - Cannot read IP mode file for STMicroelectronics.FP-ATR-SIGFOX1.3.2.0
2024-09-13 21:57:57,757 [WARN] PackLoader:240 - Cannot read IP mode file for STMicroelectronics.X-CUBE-EEPRMA1.5.1.0
2024-09-13 21:57:57,788 [WARN] PackLoader:240 - Cannot read IP mode file for ITTIA_DB.I-CUBE-ITTIADB.8.9.0
2024-09-13 21:57:57,888 [WARN] PackLoader:240 - Cannot read IP mode file for SEGGER.I-CUBE-embOS.1.3.1
2024-09-13 21:57:57,977 [WARN] PackLoader:240 - Cannot read IP mode file for STMicroelectronics.X-CUBE-ALGOBUILD.1.4.0
2024-09-13 21:57:58,002 [WARN] PackLoader:240 - Cannot read IP mode file for STMicroelectronics.X-CUBE-GNSS1.6.0.0
2024-09-13 21:57:58,056 [WARN] PackLoader:240 - Cannot read IP mode file for STMicroelectronics.X-CUBE-AZRTOS-F4.1.1.0
2024-09-13 21:57:58,085 [WARN] PackLoader:240 - Cannot read IP mode file for STMicroelectronics.X-CUBE-FREERTOS.1.2.0
2024-09-13 21:57:58,141 [WARN] PackLoader:240 - Cannot read IP mode file for STMicroelectronics.X-CUBE-AZRTOS-L5.2.0.0
2024-09-13 21:57:58,173 [WARN] PackLoader:240 - Cannot read IP mode file for STMicroelectronics.X-CUBE-DPower.1.2.0
2024-09-13 21:57:58,197 [WARN] PackLoader:240 - Cannot read IP mode file for STMicroelectronics.X-CUBE-AI.9.0.0
2024-09-13 21:57:58,222 [WARN] PackLoader:240 - Cannot read IP mode file for STMicroelectronics.X-CUBE-NFC7.1.0.1
2024-09-13 21:57:58,242 [WARN] PackLoader:240 - Cannot read IP mode file for wolfSSL.I-CUBE-wolfTPM.3.2.0
2024-09-13 21:57:58,262 [WARN] PackLoader:240 - Cannot read IP mode file for STMicroelectronics.X-CUBE-AI.8.1.0
2024-09-13 21:57:58,328 [WARN] ConditionMgr:438 - getConditionDescription Invalid condition id : LAN8742 Phy interface Condition cause : null
2024-09-13 21:57:58,329 [WARN] PackLoader:240 - Cannot read IP mode file for STMicroelectronics.X-CUBE-AZRTOS-L4.2.0.0
2024-09-13 21:57:58,331 [WARN] ConditionMgr:1039 - genDependencies : Invalid condition id : LAN8742 Phy interface Condition cause : null
2024-09-13 21:57:58,332 [WARN] ConditionMgr:1039 - genDependencies : Invalid condition id : LAN8742 Phy interface Condition cause : null
2024-09-13 21:57:58,332 [WARN] ConditionMgr:1039 - genDependencies : Invalid condition id : LAN8742 Phy interface Condition cause : null
2024-09-13 21:57:58,362 [WARN] PackLoader:240 - Cannot read IP mode file for STMicroelectronics.X-CUBE-SFXS2LP1.4.0.0
2024-09-13 21:57:58,431 [WARN] PackLoader:240 - Cannot read IP mode file for STMicroelectronics.X-CUBE-AZRTOS-H7.3.3.0
2024-09-13 21:57:58,475 [WARN] ConditionMgr:438 - getConditionDescription Invalid condition id : UX DEVICE CLASS RTOS Condition cause : null
2024-09-13 21:57:58,476 [WARN] ConditionMgr:438 - getConditionDescription Invalid condition id : UX DEVICE CLASS RTOS Condition cause : null
2024-09-13 21:57:58,479 [WARN] PackLoader:240 - Cannot read IP mode file for STMicroelectronics.X-CUBE-AZRTOS-WB.2.0.0
2024-09-13 21:57:58,480 [WARN] ConditionMgr:1039 - genDependencies : Invalid condition id : UX DEVICE CLASS RTOS Condition cause : null
2024-09-13 21:57:58,481 [WARN] ConditionMgr:1039 - genDependencies : Invalid condition id : UX DEVICE CLASS RTOS Condition cause : null
2024-09-13 21:57:58,482 [WARN] ConditionMgr:1039 - genDependencies : Invalid condition id : UX DEVICE CLASS RTOS Condition cause : null
2024-09-13 21:57:58,483 [WARN] ConditionMgr:1039 - genDependencies : Invalid condition id : UX DEVICE CLASS RTOS Condition cause : null
2024-09-13 21:57:58,483 [WARN] ConditionMgr:1039 - genDependencies : Invalid condition id : UX DEVICE CLASS RTOS Condition cause : null
2024-09-13 21:57:58,505 [WARN] PackLoader:240 - Cannot read IP mode file for STMicroelectronics.X-CUBE-GNSS1.7.0.0
2024-09-13 21:57:58,531 [WARN] PackLoader:240 - Cannot read IP mode file for STMicroelectronics.FP-SNS-STBOX1.2.0.0
2024-09-13 21:57:58,573 [WARN] PackLoader:240 - Cannot read IP mode file for STMicroelectronics.X-CUBE-SUBG2.5.0.0
2024-09-13 21:57:58,612 [WARN] PackLoader:240 - Cannot read IP mode file for Cesanta.I-CUBE-Mongoose.7.13.0
2024-09-13 21:57:58,664 [WARN] PackLoader:240 - Cannot read IP mode file for STMicroelectronics.X-CUBE-AZRTOS-G4.2.0.0
2024-09-13 21:57:58,691 [WARN] PackLoader:240 - Cannot read IP mode file for STMicroelectronics.FP-SNS-MOTENVWB1.1.3.1
2024-09-13 21:57:58,717 [WARN] PackLoader:240 - Cannot read IP mode file for STMicroelectronics.X-CUBE-ISPU.2.0.0
2024-09-13 21:57:58,743 [WARN] PackLoader:240 - Cannot read IP mode file for STMicroelectronics.X-CUBE-ALS.1.0.2
2024-09-13 21:57:58,849 [WARN] PackLoader:240 - Cannot read IP mode file for STMicroelectronics.X-CUBE-MEMS1.10.0.0
2024-09-13 21:57:59,046 [WARN] PackLoader:240 - Cannot read IP mode file for STMicroelectronics.X-CUBE-FREERTOS.1.1.0
2024-09-13 21:57:59,068 [WARN] PackLoader:240 - Cannot read IP mode file for STMicroelectronics.X-CUBE-TOUCHGFX.4.24.0
2024-09-13 21:57:59,091 [WARN] PackLoader:240 - Cannot read IP mode file for portGmbH.I-Cube-SoM-uGOAL.1.1.0
2024-09-13 21:57:59,108 [WARN] PackLoader:240 - Cannot read IP mode file for STMicroelectronics.X-CUBE-ALS.1.0.1
2024-09-13 21:57:59,186 [WARN] PackLoader:240 - Cannot read IP mode file for STMicroelectronics.X-CUBE-AZRTOS-H7RS.1.0.0
2024-09-13 21:57:59,214 [WARN] PackLoader:240 - Cannot read IP mode file for STMicroelectronics.FP-ATR-ASTRA1.2.0.0
2024-09-13 21:57:59,250 [WARN] PackLoader:240 - Cannot read IP mode file for STMicroelectronics.X-CUBE-TOF1.3.4.2
2024-09-13 21:57:59,307 [WARN] PackLoader:240 - Cannot read IP mode file for STMicroelectronics.X-CUBE-TOF1.3.4.1
2024-09-13 21:57:59,380 [WARN] PackLoader:240 - Cannot read IP mode file for STMicroelectronics.X-CUBE-AZRTOS-H7.3.2.0
2024-09-13 21:57:59,424 [WARN] PackLoader:240 - Cannot read IP mode file for Infineon.AIROC-Wi-Fi-Bluetooth-STM32.1.6.0
2024-09-13 21:57:59,433 [WARN] PackLoader:240 - Cannot read IP mode file for wolfSSL.I-CUBE-wolfSSH.1.4.17
2024-09-13 21:57:59,434 [INFO] ThirdParty:978 - Integrity check success = true
2024-09-13 21:57:59,434 [INFO] IntegrityCheckThread:100 - exiting critical section [integrity check]
2024-09-13 21:57:59,435 [INFO] IntegrityCheckThread:103 - End integrity checks thread
2024-09-13 21:58:01,420 [INFO] WebApp:161 - Instantiating new browser for Auth
2024-09-13 21:58:02,618 [INFO] WebApp:779 - Register for checkConnection events
2024-09-13 21:58:02,618 [INFO] WebApp:414 - Apply proxy settings
2024-09-13 21:58:02,619 [INFO] WebApp:499 - Chromium requires no authentication
2024-09-13 21:58:02,645 [INFO] WebApp:442 - Direct internet connection detected
2024-09-13 21:58:03,068 [INFO] WebApp:192 - Starting web application
2024-09-13 21:58:03,069 [INFO] WebApp:544 - Web application path used C:\ST\STM32CubeIDE_1.15.0\STM32CubeIDE\plugins\com.st.stm32cube.common.mx_6.11.0.202403141607\db\plugins\mcufinder\reactClient1\index.html
2024-09-13 22:00:02,580 [ERROR] LogOutputStream:75 - [STDERR_REDIRECT] 
