2024-04-27 00:07:30,178 [ERROR] LogOutputStream:75 - [STDERR_REDIRECT] 
2024-04-27 22:06:20,685 [INFO] Activator:176 - 


2024-04-27 22:06:20,689 [INFO] Activator:177 - !SESSION log4j initialized
2024-04-27 22:06:30,411 [INFO] LogOutputStream:77 - [STDOUT_REDIRECT] 
2024-04-27 22:06:32,417 [INFO] ApplicationProperties:184 - Using Application install path: C:\ST\STM32CubeIDE_1.15.0\STM32CubeIDE\plugins\com.st.stm32cube.common.mx_6.11.0.202403141607
2024-04-27 22:06:32,461 [INFO] DbMcusXml:78 - Set database path to: C:\ST\STM32CubeIDE_1.15.0\STM32CubeIDE\plugins\com.st.stm32cube.common.mx_6.11.0.202403141607\\db\/mcu/
2024-04-27 22:06:32,462 [INFO] ApiDb:274 - Set plugin database path to: C:\ST\STM32CubeIDE_1.15.0\STM32CubeIDE\plugins\com.st.stm32cube.common.mx_6.11.0.202403141607\\db\/plugins/boardmanager/
2024-04-27 22:06:32,463 [WARN] ApiDb:259 - Overriding images path with different value:  => C:\ST\STM32CubeIDE_1.15.0\STM32CubeIDE\plugins\com.st.stm32cube.common.mx_6.11.0.202403141607\\db\/plugins/mcufinder/images/
2024-04-27 22:06:32,488 [INFO] ApiDb:250 - Set database path to: C:\Users\Sandip\.stmcufinder\plugins\mcufinder//mcu/
2024-04-27 22:06:32,490 [INFO] DbMcusAds:125 - Set database path to: C:\Users\Sandip\.stmcufinder\plugins\mcufinder//mcu/
2024-04-27 22:06:32,495 [INFO] CrossReferenceDbSqlite:203 - Set database path to: C:\Users\Sandip\.stmcufinder\plugins\mcufinder//mcu/cs/
2024-04-27 22:06:32,760 [INFO] RulesReader:64 - Compatibility file has been processed (297 Rules)
2024-04-27 22:06:32,917 [INFO] DbMcusXml:78 - Set database path to: C:\ST\STM32CubeIDE_1.15.0\STM32CubeIDE\plugins\com.st.stm32cube.common.mx_6.11.0.202403141607\\db\/mcu/
2024-04-27 22:06:32,917 [INFO] ApiDb:274 - Set plugin database path to: C:\ST\STM32CubeIDE_1.15.0\STM32CubeIDE\plugins\com.st.stm32cube.common.mx_6.11.0.202403141607\\db\/plugins/boardmanager/
2024-04-27 22:06:32,918 [INFO] ApiDb:261 - Set plugin images path to: C:\ST\STM32CubeIDE_1.15.0\STM32CubeIDE\plugins\com.st.stm32cube.common.mx_6.11.0.202403141607\\db\/plugins/mcufinder/images/
2024-04-27 22:06:32,918 [WARN] DbFile:41 - Overriding database path with different value: C:\Users\Sandip\.stmcufinder\plugins\mcufinder/ => C:\Users\Sandip\.stmcufinder\plugins\mcufinder
2024-04-27 22:06:32,919 [INFO] ApiDb:250 - Set database path to: C:\Users\Sandip\.stmcufinder\plugins\mcufinder//mcu/
2024-04-27 22:06:32,919 [WARN] DbFile:41 - Overriding database path with different value: C:\Users\Sandip\.stmcufinder\plugins\mcufinder/ => C:\Users\Sandip\.stmcufinder\plugins\mcufinder
2024-04-27 22:06:32,919 [INFO] DbMcusAds:125 - Set database path to: C:\Users\Sandip\.stmcufinder\plugins\mcufinder//mcu/
2024-04-27 22:06:32,920 [WARN] DbFile:41 - Overriding database path with different value: C:\Users\Sandip\.stmcufinder\plugins\mcufinder/ => C:\Users\Sandip\.stmcufinder\plugins\mcufinder
2024-04-27 22:06:32,920 [WARN] DbFile:41 - Overriding database path with different value: C:\Users\Sandip\.stmcufinder\plugins\mcufinder/ => C:\Users\Sandip\.stmcufinder\plugins\mcufinder
2024-04-27 22:06:32,920 [INFO] CrossReferenceDbSqlite:203 - Set database path to: C:\Users\Sandip\.stmcufinder\plugins\mcufinder//mcu/cs/
2024-04-27 22:06:33,064 [INFO] MainPanel:264 - HeapMemory: 268435456
2024-04-27 22:06:33,247 [INFO] DbMcusXml:78 - Set database path to: C:\ST\STM32CubeIDE_1.15.0\STM32CubeIDE\plugins\com.st.stm32cube.common.mx_6.11.0.202403141607\\db\/mcu/
2024-04-27 22:06:33,247 [INFO] ApiDb:274 - Set plugin database path to: C:\ST\STM32CubeIDE_1.15.0\STM32CubeIDE\plugins\com.st.stm32cube.common.mx_6.11.0.202403141607\\db\/plugins/boardmanager/
2024-04-27 22:06:33,247 [INFO] ApiDb:261 - Set plugin images path to: C:\ST\STM32CubeIDE_1.15.0\STM32CubeIDE\plugins\com.st.stm32cube.common.mx_6.11.0.202403141607\\db\/plugins/mcufinder/images/
2024-04-27 22:06:33,248 [WARN] DbFile:41 - Overriding database path with different value: C:\Users\Sandip\.stmcufinder\plugins\mcufinder/ => C:\Users\Sandip\.stmcufinder\plugins\mcufinder
2024-04-27 22:06:33,248 [INFO] ApiDb:250 - Set database path to: C:\Users\Sandip\.stmcufinder\plugins\mcufinder//mcu/
2024-04-27 22:06:33,249 [WARN] DbFile:41 - Overriding database path with different value: C:\Users\Sandip\.stmcufinder\plugins\mcufinder/ => C:\Users\Sandip\.stmcufinder\plugins\mcufinder
2024-04-27 22:06:33,249 [INFO] DbMcusAds:125 - Set database path to: C:\Users\Sandip\.stmcufinder\plugins\mcufinder//mcu/
2024-04-27 22:06:33,249 [WARN] DbFile:41 - Overriding database path with different value: C:\Users\Sandip\.stmcufinder\plugins\mcufinder/ => C:\Users\Sandip\.stmcufinder\plugins\mcufinder
2024-04-27 22:06:33,249 [WARN] DbFile:41 - Overriding database path with different value: C:\Users\Sandip\.stmcufinder\plugins\mcufinder/ => C:\Users\Sandip\.stmcufinder\plugins\mcufinder
2024-04-27 22:06:33,249 [INFO] CrossReferenceDbSqlite:203 - Set database path to: C:\Users\Sandip\.stmcufinder\plugins\mcufinder//mcu/cs/
2024-04-27 22:06:33,283 [INFO] ApplicationProperties:184 - Using Application install path: C:\ST\STM32CubeIDE_1.15.0\STM32CubeIDE\plugins\com.st.stm32cube.common.mx_6.11.0.202403141607
2024-04-27 22:06:33,286 [INFO] PluginManage:196 - Search for loadable plugins [exclusion list=, ]
2024-04-27 22:06:33,289 [INFO] PluginManage:310 - Check plugin analytics
2024-04-27 22:06:33,680 [INFO] AnalyticsPlugin:253 - Accepted Software Licenses: STM32CubeMX.6.11.0
2024-04-27 22:06:33,681 [INFO] AnalyticsPlugin:255 - Accepted CMSIS Pack Licenses: 
2024-04-27 22:06:33,682 [INFO] AnalyticsPlugin:257 - Accepted Firmware Licenses: FW.F4.1.28.0
2024-04-27 22:06:33,686 [INFO] PluginManage:359 - Loaded plugin analytics (category:tool,tabindex:-1)
2024-04-27 22:06:33,686 [INFO] PluginManage:310 - Check plugin cadmodel
2024-04-27 22:06:33,711 [INFO] CADModel:105 - Init CAD model plugin
2024-04-27 22:06:33,711 [INFO] PluginManage:359 - Loaded plugin cadmodel (category:power,tabindex:5)
2024-04-27 22:06:33,712 [INFO] PluginManage:310 - Check plugin clock
2024-04-27 22:06:33,747 [INFO] PluginManage:359 - Loaded plugin clock (category:base,tabindex:2)
2024-04-27 22:06:33,747 [INFO] PluginManage:310 - Check plugin ddr
2024-04-27 22:06:33,753 [INFO] PluginManage:359 - Loaded plugin ddr (category:tool,tabindex:6)
2024-04-27 22:06:33,754 [INFO] PluginManage:310 - Check plugin filemanager
2024-04-27 22:06:34,033 [INFO] PluginManage:359 - Loaded plugin filemanager (category:base,tabindex:10)
2024-04-27 22:06:34,033 [INFO] PluginManage:310 - Check plugin ipmanager
2024-04-27 22:06:34,047 [INFO] PluginManage:359 - Loaded plugin ipmanager (category:base,tabindex:5)
2024-04-27 22:06:34,047 [INFO] PluginManage:310 - Check plugin lpbam
2024-04-27 22:06:34,084 [INFO] PluginManage:359 - Loaded plugin lpbam (category:base,tabindex:0)
2024-04-27 22:06:34,084 [INFO] PluginManage:310 - Check plugin memorymap
2024-04-27 22:06:34,129 [INFO] PluginManage:359 - Loaded plugin memorymap (category:base,tabindex:4)
2024-04-27 22:06:34,130 [INFO] PluginManage:310 - Check plugin pinoutandconfiguration
2024-04-27 22:06:34,167 [INFO] PluginManage:359 - Loaded plugin pinoutandconfiguration (category:base,tabindex:1)
2024-04-27 22:06:34,168 [INFO] PluginManage:310 - Check plugin pinoutconfig
2024-04-27 22:06:34,354 [WARN] SupportedApi:132 - Cannot load RTOS API schema: s4s-elt-must-match.1: The content of 'definitions' must match (annotation?, (simpleType | complexType)?, (unique | key | keyref)*)). A problem was found starting at: attribute.
2024-04-27 22:06:34,629 [INFO] PluginManage:359 - Loaded plugin pinoutconfig (category:base,tabindex:0)
2024-04-27 22:06:34,629 [INFO] PluginManage:310 - Check plugin power
2024-04-27 22:06:34,660 [INFO] PluginManage:359 - Loaded plugin power (category:power,tabindex:4)
2024-04-27 22:06:34,661 [INFO] PluginManage:310 - Check plugin projectmanager
2024-04-27 22:06:34,697 [INFO] PluginManage:359 - Loaded plugin projectmanager (category:projectmanager,tabindex:3)
2024-04-27 22:06:34,697 [INFO] PluginManage:310 - Check plugin thirdparty
2024-04-27 22:06:35,206 [INFO] PluginManage:359 - Loaded plugin thirdparty (category:base,tabindex:-1)
2024-04-27 22:06:35,206 [WARN] IntegrityCheckThread:84 - waiting for thirdparty lock release [integrity check]
2024-04-27 22:06:35,206 [INFO] IntegrityCheckThread:86 - entering critical section [integrity check]
2024-04-27 22:06:35,206 [INFO] PluginManage:310 - Check plugin tools
2024-04-27 22:06:35,207 [INFO] ThirdPartyUpdaterWithRetryManager:70 - Updater plugin not ready yet. [1/15]
2024-04-27 22:06:35,281 [INFO] PluginManage:359 - Loaded plugin tools (category:base,tabindex:7)
2024-04-27 22:06:35,281 [INFO] PluginManage:310 - Check plugin tutovideos
2024-04-27 22:06:35,700 [INFO] PluginManage:359 - Loaded plugin tutovideos (category:base,tabindex:-1)
2024-04-27 22:06:35,700 [INFO] PluginManage:310 - Check plugin updater
2024-04-27 22:06:35,718 [INFO] PluginManage:359 - Loaded plugin updater (category:base,tabindex:12)
2024-04-27 22:06:35,719 [INFO] PluginManage:310 - Check plugin userauth
2024-04-27 22:06:35,727 [INFO] UserAuth:114 - Init User Auth plugin
2024-04-27 22:06:35,727 [INFO] PluginManage:359 - Loaded plugin userauth (category:base,tabindex:14)
2024-04-27 22:06:35,729 [INFO] PluginManage:283 - PluginManage : Loaded plugins [17]
2024-04-27 22:06:36,299 [INFO] PinOutPanel:1561 - setPackage(No Configuration,No Configuration)
2024-04-27 22:06:36,454 [INFO] CADModel:165 - CPN selected for project level
2024-04-27 22:06:36,454 [INFO] CADModel:114 - Register for checkConnection events
2024-04-27 22:06:36,501 [INFO] IPUIPlugin:80 - create IPUIPlugin
2024-04-27 22:06:36,501 [INFO] PluginManager:220 - loadIPPluginJar : add adc
2024-04-27 22:06:36,579 [INFO] IPUIPlugin:80 - create IPUIPlugin
2024-04-27 22:06:36,579 [INFO] PluginManager:220 - loadIPPluginJar : add aes
2024-04-27 22:06:36,665 [INFO] IPUIPlugin:80 - create IPUIPlugin
2024-04-27 22:06:36,666 [INFO] PluginManager:220 - loadIPPluginJar : add can
2024-04-27 22:06:36,705 [INFO] IPUIPlugin:80 - create IPUIPlugin
2024-04-27 22:06:36,706 [INFO] PluginManager:220 - loadIPPluginJar : add comp
2024-04-27 22:06:36,769 [INFO] IPUIPlugin:80 - create IPUIPlugin
2024-04-27 22:06:36,769 [INFO] PluginManager:220 - loadIPPluginJar : add cryp
2024-04-27 22:06:36,830 [INFO] IPUIPlugin:80 - create IPUIPlugin
2024-04-27 22:06:36,830 [INFO] PluginManager:220 - loadIPPluginJar : add dfsdm
2024-04-27 22:06:36,858 [INFO] IPUIPlugin:80 - create IPUIPlugin
2024-04-27 22:06:36,859 [INFO] PluginManager:220 - loadIPPluginJar : add dma
2024-04-27 22:06:36,953 [INFO] IPUIPlugin:80 - create IPUIPlugin
2024-04-27 22:06:36,953 [INFO] PluginManager:220 - loadIPPluginJar : add dma3
2024-04-27 22:06:37,031 [INFO] IPUIPlugin:80 - create IPUIPlugin
2024-04-27 22:06:37,032 [INFO] PluginManager:220 - loadIPPluginJar : add extmemmanager
2024-04-27 22:06:37,067 [INFO] IPUIPlugin:80 - create IPUIPlugin
2024-04-27 22:06:37,068 [INFO] PluginManager:220 - loadIPPluginJar : add fatfs
2024-04-27 22:06:37,165 [INFO] IPUIPlugin:80 - create IPUIPlugin
2024-04-27 22:06:37,166 [INFO] PluginManager:220 - loadIPPluginJar : add fmc
2024-04-27 22:06:37,195 [INFO] IPUIPlugin:80 - create IPUIPlugin
2024-04-27 22:06:37,196 [INFO] PluginManager:220 - loadIPPluginJar : add freertos
2024-04-27 22:06:37,228 [INFO] IPUIPlugin:80 - create IPUIPlugin
2024-04-27 22:06:37,228 [INFO] PluginManager:220 - loadIPPluginJar : add genericplugin
2024-04-27 22:06:37,440 [INFO] IPUIPlugin:80 - create IPUIPlugin
2024-04-27 22:06:37,440 [INFO] PluginManager:220 - loadIPPluginJar : add gfxmmu
2024-04-27 22:06:37,688 [INFO] IPUIPlugin:80 - create IPUIPlugin
2024-04-27 22:06:37,690 [INFO] PluginManager:220 - loadIPPluginJar : add gic
2024-04-27 22:06:37,709 [INFO] IPUIPlugin:80 - create IPUIPlugin
2024-04-27 22:06:37,710 [INFO] PluginManager:220 - loadIPPluginJar : add gpio
2024-04-27 22:06:37,863 [INFO] IPUIPlugin:80 - create IPUIPlugin
2024-04-27 22:06:37,864 [INFO] PluginManager:220 - loadIPPluginJar : add gtzc
2024-04-27 22:06:37,916 [INFO] IPUIPlugin:80 - create IPUIPlugin
2024-04-27 22:06:37,917 [INFO] PluginManager:220 - loadIPPluginJar : add hash
2024-04-27 22:06:37,999 [INFO] IPUIPlugin:80 - create IPUIPlugin
2024-04-27 22:06:37,999 [INFO] PluginManager:220 - loadIPPluginJar : add i2c
2024-04-27 22:06:38,058 [INFO] IPUIPlugin:80 - create IPUIPlugin
2024-04-27 22:06:38,058 [INFO] PluginManager:220 - loadIPPluginJar : add i2s
2024-04-27 22:06:38,118 [INFO] IPUIPlugin:80 - create IPUIPlugin
2024-04-27 22:06:38,119 [INFO] PluginManager:220 - loadIPPluginJar : add i3c
2024-04-27 22:06:38,208 [INFO] ThirdPartyUpdaterWithRetryManager:70 - Updater plugin not ready yet. [2/15]
2024-04-27 22:06:38,306 [INFO] IPUIPlugin:80 - create IPUIPlugin
2024-04-27 22:06:38,307 [INFO] PluginManager:220 - loadIPPluginJar : add ipddr
2024-04-27 22:06:38,454 [INFO] IPUIPlugin:80 - create IPUIPlugin
2024-04-27 22:06:38,454 [INFO] PluginManager:220 - loadIPPluginJar : add linkedlist
2024-04-27 22:06:38,507 [INFO] IPUIPlugin:80 - create IPUIPlugin
2024-04-27 22:06:38,507 [INFO] PluginManager:220 - loadIPPluginJar : add lorawan
2024-04-27 22:06:38,559 [INFO] IPUIPlugin:80 - create IPUIPlugin
2024-04-27 22:06:38,559 [INFO] PluginManager:220 - loadIPPluginJar : add ltdc
2024-04-27 22:06:38,582 [INFO] IPUIPlugin:80 - create IPUIPlugin
2024-04-27 22:06:38,582 [INFO] PluginManager:220 - loadIPPluginJar : add mdma
2024-04-27 22:06:38,597 [INFO] IPUIPlugin:80 - create IPUIPlugin
2024-04-27 22:06:38,597 [INFO] PluginManager:220 - loadIPPluginJar : add nvic
2024-04-27 22:06:38,646 [INFO] IPUIPlugin:80 - create IPUIPlugin
2024-04-27 22:06:38,647 [INFO] PluginManager:220 - loadIPPluginJar : add opamp
2024-04-27 22:06:38,735 [INFO] IPUIPlugin:80 - create IPUIPlugin
2024-04-27 22:06:38,735 [INFO] PluginManager:220 - loadIPPluginJar : add openamp
2024-04-27 22:06:38,797 [INFO] IPUIPlugin:80 - create IPUIPlugin
2024-04-27 22:06:38,797 [INFO] PluginManager:220 - loadIPPluginJar : add pdm2pcm
2024-04-27 22:06:38,814 [INFO] IPUIPlugin:80 - create IPUIPlugin
2024-04-27 22:06:38,817 [INFO] PluginManager:220 - loadIPPluginJar : add plateformsettings
2024-04-27 22:06:38,844 [INFO] IPUIPlugin:80 - create IPUIPlugin
2024-04-27 22:06:38,845 [INFO] PluginManager:220 - loadIPPluginJar : add quadspi
2024-04-27 22:06:38,860 [INFO] IPUIPlugin:80 - create IPUIPlugin
2024-04-27 22:06:38,860 [INFO] PluginManager:220 - loadIPPluginJar : add resmgrutility
2024-04-27 22:06:38,919 [INFO] IPUIPlugin:80 - create IPUIPlugin
2024-04-27 22:06:38,919 [INFO] PluginManager:220 - loadIPPluginJar : add sai
2024-04-27 22:06:38,962 [INFO] IPUIPlugin:80 - create IPUIPlugin
2024-04-27 22:06:38,963 [INFO] PluginManager:220 - loadIPPluginJar : add spi
2024-04-27 22:06:39,049 [INFO] IPUIPlugin:80 - create IPUIPlugin
2024-04-27 22:06:39,049 [INFO] PluginManager:220 - loadIPPluginJar : add stm32_wpan
2024-04-27 22:06:39,076 [INFO] IPUIPlugin:80 - create IPUIPlugin
2024-04-27 22:06:39,076 [INFO] PluginManager:220 - loadIPPluginJar : add tim
2024-04-27 22:06:39,153 [INFO] IPUIPlugin:80 - create IPUIPlugin
2024-04-27 22:06:39,154 [INFO] PluginManager:220 - loadIPPluginJar : add touchsensing
2024-04-27 22:06:39,180 [INFO] IPUIPlugin:80 - create IPUIPlugin
2024-04-27 22:06:39,180 [INFO] PluginManager:220 - loadIPPluginJar : add tracer_emb
2024-04-27 22:06:39,206 [INFO] IPUIPlugin:80 - create IPUIPlugin
2024-04-27 22:06:39,206 [INFO] PluginManager:220 - loadIPPluginJar : add ts
2024-04-27 22:06:39,231 [INFO] IPUIPlugin:80 - create IPUIPlugin
2024-04-27 22:06:39,231 [INFO] PluginManager:220 - loadIPPluginJar : add tsc
2024-04-27 22:06:39,263 [INFO] IPUIPlugin:80 - create IPUIPlugin
2024-04-27 22:06:39,263 [INFO] PluginManager:220 - loadIPPluginJar : add ucpd
2024-04-27 22:06:39,323 [INFO] IPUIPlugin:80 - create IPUIPlugin
2024-04-27 22:06:39,323 [INFO] PluginManager:220 - loadIPPluginJar : add usart
2024-04-27 22:06:39,380 [INFO] IPUIPlugin:80 - create IPUIPlugin
2024-04-27 22:06:39,380 [INFO] PluginManager:220 - loadIPPluginJar : add usbx
2024-04-27 22:06:39,544 [INFO] CADModel:165 - CPN selected for project level
2024-04-27 22:06:39,544 [INFO] CADModel:114 - Register for checkConnection events
2024-04-27 22:06:39,545 [FATAL] Updater:308 - Updater called before beeing initialized
2024-04-27 22:06:39,545 [ERROR] CADModel:125 - Updater not yet initialized, retry later 
2024-04-27 22:06:39,766 [INFO] CADModel:165 - CPN selected for project level
2024-04-27 22:06:39,766 [INFO] CADModel:114 - Register for checkConnection events
2024-04-27 22:06:39,766 [FATAL] Updater:308 - Updater called before beeing initialized
2024-04-27 22:06:39,766 [ERROR] CADModel:125 - Updater not yet initialized, retry later 
2024-04-27 22:06:39,770 [FATAL] Updater:308 - Updater called before beeing initialized
2024-04-27 22:06:39,937 [FATAL] Updater:308 - Updater called before beeing initialized
2024-04-27 22:06:39,950 [INFO] DbMcusAds:53 - JSON generation date=Wed Nov 29 16:22:27 IST 2023 (1701255147349)
2024-04-27 22:06:39,951 [FATAL] Updater:308 - Updater called before beeing initialized
2024-04-27 22:06:40,007 [WARN] DetailPanel:346 - Failed to get advertising image, set to default
2024-04-27 22:06:40,152 [FATAL] Updater:308 - Updater called before beeing initialized
2024-04-27 22:06:40,154 [FATAL] Updater:308 - Updater called before beeing initialized
2024-04-27 22:06:40,155 [FATAL] Updater:308 - Updater called before beeing initialized
2024-04-27 22:06:40,155 [WARN] DetailPanel:346 - Failed to get advertising image, set to default
2024-04-27 22:06:40,156 [FATAL] Updater:308 - Updater called before beeing initialized
2024-04-27 22:06:40,291 [ERROR] Updater:1120 - MainUpdater not yet initialized. External WinMGr cannot be set.
2024-04-27 22:06:40,303 [INFO] Updater:1056 - Updater Version found : 6.11.0
2024-04-27 22:06:40,324 [INFO] ApplicationProperties:184 - Using Application install path: C:\ST\STM32CubeIDE_1.15.0\STM32CubeIDE\plugins\com.st.stm32cube.common.mx_6.11.0.202403141607
2024-04-27 22:06:40,758 [INFO] MainUpdater:2873 - connection check result : 10
2024-04-27 22:06:40,760 [INFO] MainUpdater:290 - Updater Check For Update Now.
2024-04-27 22:06:40,760 [INFO] MicroXplorer:498 - Change Database Version : DB.6.0.110
2024-04-27 22:06:40,787 [INFO] McuFinderGlobals:63 - Set McuFinder mode to 2 (CubeIDE integrated)
2024-04-27 22:06:40,787 [INFO] UserAuth:179 - activating auth plugin
2024-04-27 22:06:40,791 [INFO] UserAuth:415 - Internet connection configuration mode: 1
2024-04-27 22:06:40,833 [INFO] JxBrowserEngine:152 - Initiate JxBrowser Engine with user profile folder
2024-04-27 22:06:41,036 [INFO] CheckServerUpdateThread:120 - End of CheckServer Thread
2024-04-27 22:06:41,531 [WARN] PackLoader:240 - Cannot read IP mode file for STMicroelectronics.FP-SNS-MOTENVWB1.1.4.0
2024-04-27 22:06:41,563 [WARN] PackLoader:240 - Cannot read IP mode file for STMicroelectronics.X-CUBE-SMBUS.2.1.0
2024-04-27 22:06:41,648 [WARN] PackLoader:240 - Cannot read IP mode file for STMicroelectronics.X-CUBE-AZRTOS-F7.1.1.0
2024-04-27 22:06:41,676 [WARN] PackLoader:240 - Cannot read IP mode file for STMicroelectronics.FP-SNS-FLIGHT1.5.0.2
2024-04-27 22:06:41,705 [WARN] PackLoader:240 - Cannot read IP mode file for STMicroelectronics.X-CUBE-DISPLAY.3.0.0
2024-04-27 22:06:41,740 [WARN] PackLoader:240 - Cannot read IP mode file for STMicroelectronics.X-CUBE-BLE1.7.0.0
2024-04-27 22:06:41,772 [WARN] PackLoader:240 - Cannot read IP mode file for emotas.I-CUBE-CANOPEN.1.3.0
2024-04-27 22:06:41,812 [WARN] PackLoader:240 - Cannot read IP mode file for STMicroelectronics.X-CUBE-BLEMGR.3.1.0
2024-04-27 22:06:41,842 [WARN] PackLoader:240 - Cannot read IP mode file for STMicroelectronics.FP-SNS-SMARTAG2.1.2.0
2024-04-27 22:06:41,890 [INFO] LogOutputStream:77 - [STDOUT_REDIRECT] 1 : Invalid condition id : UX_CORESTACK_Condition cause : null
2024-04-27 22:06:41,891 [INFO] LogOutputStream:77 - [STDOUT_REDIRECT] 1 : Invalid condition id : UX_CORESTACK_Condition cause : null
2024-04-27 22:06:41,894 [INFO] LogOutputStream:77 - [STDOUT_REDIRECT] 1 : Invalid condition id : UX_CORESTACK_Condition cause : null
2024-04-27 22:06:41,896 [INFO] LogOutputStream:77 - [STDOUT_REDIRECT] 1 : Invalid condition id : UX_CORESTACK_Condition cause : null
2024-04-27 22:06:41,899 [INFO] LogOutputStream:77 - [STDOUT_REDIRECT] 1 : Invalid condition id : UX_CORESTACK_Condition cause : null
2024-04-27 22:06:41,907 [WARN] PackLoader:240 - Cannot read IP mode file for STMicroelectronics.X-CUBE-AZRTOS-WL.2.0.0
2024-04-27 22:06:41,940 [WARN] PackLoader:240 - Cannot read IP mode file for WES.I-CUBE-Cesium.1.3.0
2024-04-27 22:06:41,963 [WARN] PackLoader:240 - Cannot read IP mode file for STMicroelectronics.X-CUBE-BLE2.3.3.0
2024-04-27 22:06:41,986 [WARN] PackLoader:240 - Cannot read IP mode file for STMicroelectronics.X-CUBE-ALGOBUILD.1.3.0
2024-04-27 22:06:42,032 [WARN] PackLoader:240 - Cannot read IP mode file for STMicroelectronics.X-CUBE-AZRTOS-G0.1.1.0
2024-04-27 22:06:42,055 [WARN] PackLoader:240 - Cannot read IP mode file for STMicroelectronics.X-CUBE-NFC4.3.0.0
2024-04-27 22:06:42,074 [WARN] PackLoader:240 - Cannot read IP mode file for STMicroelectronics.FP-ATR-SIGFOX1.3.2.0
2024-04-27 22:06:42,094 [WARN] PackLoader:240 - Cannot read IP mode file for STMicroelectronics.X-CUBE-EEPRMA1.5.1.0
2024-04-27 22:06:42,118 [WARN] PackLoader:240 - Cannot read IP mode file for ITTIA_DB.I-CUBE-ITTIADB.8.9.0
2024-04-27 22:06:42,185 [WARN] PackLoader:240 - Cannot read IP mode file for SEGGER.I-CUBE-embOS.1.3.1
2024-04-27 22:06:42,258 [WARN] PackLoader:240 - Cannot read IP mode file for STMicroelectronics.X-CUBE-GNSS1.6.0.0
2024-04-27 22:06:42,301 [WARN] PackLoader:240 - Cannot read IP mode file for STMicroelectronics.X-CUBE-AZRTOS-F4.1.1.0
2024-04-27 22:06:42,334 [WARN] PackLoader:240 - Cannot read IP mode file for STMicroelectronics.X-CUBE-FREERTOS.1.2.0
2024-04-27 22:06:42,384 [WARN] PackLoader:240 - Cannot read IP mode file for STMicroelectronics.X-CUBE-AZRTOS-L5.2.0.0
2024-04-27 22:06:42,411 [WARN] PackLoader:240 - Cannot read IP mode file for STMicroelectronics.X-CUBE-AI.9.0.0
2024-04-27 22:06:42,433 [WARN] PackLoader:240 - Cannot read IP mode file for STMicroelectronics.X-CUBE-NFC7.1.0.1
2024-04-27 22:06:42,458 [WARN] PackLoader:240 - Cannot read IP mode file for STMicroelectronics.X-CUBE-AI.8.1.0
2024-04-27 22:06:42,534 [WARN] ConditionMgr:438 - getConditionDescription Invalid condition id : LAN8742 Phy interface Condition cause : null
2024-04-27 22:06:42,536 [WARN] PackLoader:240 - Cannot read IP mode file for STMicroelectronics.X-CUBE-AZRTOS-L4.2.0.0
2024-04-27 22:06:42,538 [WARN] ConditionMgr:1039 - genDependencies : Invalid condition id : LAN8742 Phy interface Condition cause : null
2024-04-27 22:06:42,538 [WARN] ConditionMgr:1039 - genDependencies : Invalid condition id : LAN8742 Phy interface Condition cause : null
2024-04-27 22:06:42,540 [WARN] ConditionMgr:1039 - genDependencies : Invalid condition id : LAN8742 Phy interface Condition cause : null
2024-04-27 22:06:42,566 [WARN] PackLoader:240 - Cannot read IP mode file for STMicroelectronics.X-CUBE-SFXS2LP1.4.0.0
2024-04-27 22:06:42,614 [WARN] ConditionMgr:438 - getConditionDescription Invalid condition id : UX DEVICE CLASS RTOS Condition cause : null
2024-04-27 22:06:42,615 [WARN] ConditionMgr:438 - getConditionDescription Invalid condition id : UX DEVICE CLASS RTOS Condition cause : null
2024-04-27 22:06:42,619 [WARN] PackLoader:240 - Cannot read IP mode file for STMicroelectronics.X-CUBE-AZRTOS-WB.2.0.0
2024-04-27 22:06:42,620 [WARN] ConditionMgr:1039 - genDependencies : Invalid condition id : UX DEVICE CLASS RTOS Condition cause : null
2024-04-27 22:06:42,620 [WARN] ConditionMgr:1039 - genDependencies : Invalid condition id : UX DEVICE CLASS RTOS Condition cause : null
2024-04-27 22:06:42,621 [WARN] ConditionMgr:1039 - genDependencies : Invalid condition id : UX DEVICE CLASS RTOS Condition cause : null
2024-04-27 22:06:42,622 [WARN] ConditionMgr:1039 - genDependencies : Invalid condition id : UX DEVICE CLASS RTOS Condition cause : null
2024-04-27 22:06:42,622 [WARN] ConditionMgr:1039 - genDependencies : Invalid condition id : UX DEVICE CLASS RTOS Condition cause : null
2024-04-27 22:06:42,648 [WARN] PackLoader:240 - Cannot read IP mode file for STMicroelectronics.X-CUBE-SUBG2.5.0.0
2024-04-27 22:06:42,704 [WARN] PackLoader:240 - Cannot read IP mode file for STMicroelectronics.X-CUBE-AZRTOS-G4.2.0.0
2024-04-27 22:06:42,726 [WARN] PackLoader:240 - Cannot read IP mode file for STMicroelectronics.FP-SNS-MOTENVWB1.1.3.1
2024-04-27 22:06:42,745 [WARN] PackLoader:240 - Cannot read IP mode file for STMicroelectronics.X-CUBE-ISPU.2.0.0
2024-04-27 22:06:42,829 [WARN] PackLoader:240 - Cannot read IP mode file for STMicroelectronics.X-CUBE-MEMS1.10.0.0
2024-04-27 22:06:43,076 [WARN] PackLoader:240 - Cannot read IP mode file for STMicroelectronics.X-CUBE-FREERTOS.1.1.0
2024-04-27 22:06:43,097 [WARN] PackLoader:240 - Cannot read IP mode file for portGmbH.I-Cube-SoM-uGOAL.1.1.0
2024-04-27 22:06:43,116 [WARN] PackLoader:240 - Cannot read IP mode file for STMicroelectronics.X-CUBE-ALS.1.0.1
2024-04-27 22:06:43,160 [WARN] PackLoader:240 - Cannot read IP mode file for STMicroelectronics.X-CUBE-AZRTOS-H7RS.1.0.0
2024-04-27 22:06:43,182 [WARN] PackLoader:240 - Cannot read IP mode file for STMicroelectronics.FP-ATR-ASTRA1.2.0.0
2024-04-27 22:06:43,214 [WARN] PackLoader:240 - Cannot read IP mode file for STMicroelectronics.X-CUBE-TOF1.3.4.1
2024-04-27 22:06:43,287 [WARN] PackLoader:240 - Cannot read IP mode file for STMicroelectronics.X-CUBE-AZRTOS-H7.3.2.0
2024-04-27 22:06:43,324 [WARN] PackLoader:240 - Cannot read IP mode file for Infineon.AIROC-Wi-Fi-Bluetooth-STM32.1.6.0
2024-04-27 22:06:43,328 [INFO] ThirdParty:978 - Integrity check success = true
2024-04-27 22:06:43,328 [INFO] IntegrityCheckThread:100 - exiting critical section [integrity check]
2024-04-27 22:06:43,328 [INFO] IntegrityCheckThread:103 - End integrity checks thread
2024-04-27 22:06:48,904 [INFO] WebApp:161 - Instantiating new browser for Auth
2024-04-27 22:06:49,848 [INFO] WebApp:779 - Register for checkConnection events
2024-04-27 22:06:49,848 [INFO] WebApp:414 - Apply proxy settings
2024-04-27 22:06:49,849 [INFO] WebApp:499 - Chromium requires no authentication
2024-04-27 22:06:49,859 [INFO] WebApp:442 - Direct internet connection detected
2024-04-27 22:06:50,218 [INFO] WebApp:192 - Starting web application
2024-04-27 22:06:50,218 [INFO] WebApp:544 - Web application path used C:\ST\STM32CubeIDE_1.15.0\STM32CubeIDE\plugins\com.st.stm32cube.common.mx_6.11.0.202403141607\db\plugins\mcufinder\reactClient1\index.html
2024-04-27 23:08:08,701 [ERROR] LogOutputStream:75 - [STDERR_REDIRECT] 
2024-04-27 23:49:07,074 [INFO] Activator:176 - 


2024-04-27 23:49:07,078 [INFO] Activator:177 - !SESSION log4j initialized
2024-04-27 23:49:16,240 [INFO] LogOutputStream:77 - [STDOUT_REDIRECT] 
2024-04-27 23:49:18,924 [INFO] ApplicationProperties:184 - Using Application install path: C:\ST\STM32CubeIDE_1.15.0\STM32CubeIDE\plugins\com.st.stm32cube.common.mx_6.11.0.202403141607
2024-04-27 23:49:18,963 [INFO] DbMcusXml:78 - Set database path to: C:\ST\STM32CubeIDE_1.15.0\STM32CubeIDE\plugins\com.st.stm32cube.common.mx_6.11.0.202403141607\\db\/mcu/
2024-04-27 23:49:18,963 [INFO] ApiDb:274 - Set plugin database path to: C:\ST\STM32CubeIDE_1.15.0\STM32CubeIDE\plugins\com.st.stm32cube.common.mx_6.11.0.202403141607\\db\/plugins/boardmanager/
2024-04-27 23:49:18,964 [WARN] ApiDb:259 - Overriding images path with different value:  => C:\ST\STM32CubeIDE_1.15.0\STM32CubeIDE\plugins\com.st.stm32cube.common.mx_6.11.0.202403141607\\db\/plugins/mcufinder/images/
2024-04-27 23:49:18,982 [INFO] ApiDb:250 - Set database path to: C:\Users\Sandip\.stmcufinder\plugins\mcufinder//mcu/
2024-04-27 23:49:18,984 [INFO] DbMcusAds:125 - Set database path to: C:\Users\Sandip\.stmcufinder\plugins\mcufinder//mcu/
2024-04-27 23:49:18,988 [INFO] CrossReferenceDbSqlite:203 - Set database path to: C:\Users\Sandip\.stmcufinder\plugins\mcufinder//mcu/cs/
2024-04-27 23:49:19,243 [INFO] RulesReader:64 - Compatibility file has been processed (297 Rules)
2024-04-27 23:49:19,449 [INFO] DbMcusXml:78 - Set database path to: C:\ST\STM32CubeIDE_1.15.0\STM32CubeIDE\plugins\com.st.stm32cube.common.mx_6.11.0.202403141607\\db\/mcu/
2024-04-27 23:49:19,450 [INFO] ApiDb:274 - Set plugin database path to: C:\ST\STM32CubeIDE_1.15.0\STM32CubeIDE\plugins\com.st.stm32cube.common.mx_6.11.0.202403141607\\db\/plugins/boardmanager/
2024-04-27 23:49:19,450 [INFO] ApiDb:261 - Set plugin images path to: C:\ST\STM32CubeIDE_1.15.0\STM32CubeIDE\plugins\com.st.stm32cube.common.mx_6.11.0.202403141607\\db\/plugins/mcufinder/images/
2024-04-27 23:49:19,450 [WARN] DbFile:41 - Overriding database path with different value: C:\Users\Sandip\.stmcufinder\plugins\mcufinder/ => C:\Users\Sandip\.stmcufinder\plugins\mcufinder
2024-04-27 23:49:19,451 [INFO] ApiDb:250 - Set database path to: C:\Users\Sandip\.stmcufinder\plugins\mcufinder//mcu/
2024-04-27 23:49:19,451 [WARN] DbFile:41 - Overriding database path with different value: C:\Users\Sandip\.stmcufinder\plugins\mcufinder/ => C:\Users\Sandip\.stmcufinder\plugins\mcufinder
2024-04-27 23:49:19,451 [INFO] DbMcusAds:125 - Set database path to: C:\Users\Sandip\.stmcufinder\plugins\mcufinder//mcu/
2024-04-27 23:49:19,451 [WARN] DbFile:41 - Overriding database path with different value: C:\Users\Sandip\.stmcufinder\plugins\mcufinder/ => C:\Users\Sandip\.stmcufinder\plugins\mcufinder
2024-04-27 23:49:19,451 [WARN] DbFile:41 - Overriding database path with different value: C:\Users\Sandip\.stmcufinder\plugins\mcufinder/ => C:\Users\Sandip\.stmcufinder\plugins\mcufinder
2024-04-27 23:49:19,451 [INFO] CrossReferenceDbSqlite:203 - Set database path to: C:\Users\Sandip\.stmcufinder\plugins\mcufinder//mcu/cs/
2024-04-27 23:49:19,607 [INFO] MainPanel:264 - HeapMemory: 268435456
2024-04-27 23:49:19,800 [INFO] DbMcusXml:78 - Set database path to: C:\ST\STM32CubeIDE_1.15.0\STM32CubeIDE\plugins\com.st.stm32cube.common.mx_6.11.0.202403141607\\db\/mcu/
2024-04-27 23:49:19,801 [INFO] ApiDb:274 - Set plugin database path to: C:\ST\STM32CubeIDE_1.15.0\STM32CubeIDE\plugins\com.st.stm32cube.common.mx_6.11.0.202403141607\\db\/plugins/boardmanager/
2024-04-27 23:49:19,801 [INFO] ApiDb:261 - Set plugin images path to: C:\ST\STM32CubeIDE_1.15.0\STM32CubeIDE\plugins\com.st.stm32cube.common.mx_6.11.0.202403141607\\db\/plugins/mcufinder/images/
2024-04-27 23:49:19,802 [WARN] DbFile:41 - Overriding database path with different value: C:\Users\Sandip\.stmcufinder\plugins\mcufinder/ => C:\Users\Sandip\.stmcufinder\plugins\mcufinder
2024-04-27 23:49:19,802 [INFO] ApiDb:250 - Set database path to: C:\Users\Sandip\.stmcufinder\plugins\mcufinder//mcu/
2024-04-27 23:49:19,802 [WARN] DbFile:41 - Overriding database path with different value: C:\Users\Sandip\.stmcufinder\plugins\mcufinder/ => C:\Users\Sandip\.stmcufinder\plugins\mcufinder
2024-04-27 23:49:19,802 [INFO] DbMcusAds:125 - Set database path to: C:\Users\Sandip\.stmcufinder\plugins\mcufinder//mcu/
2024-04-27 23:49:19,802 [WARN] DbFile:41 - Overriding database path with different value: C:\Users\Sandip\.stmcufinder\plugins\mcufinder/ => C:\Users\Sandip\.stmcufinder\plugins\mcufinder
2024-04-27 23:49:19,803 [WARN] DbFile:41 - Overriding database path with different value: C:\Users\Sandip\.stmcufinder\plugins\mcufinder/ => C:\Users\Sandip\.stmcufinder\plugins\mcufinder
2024-04-27 23:49:19,803 [INFO] CrossReferenceDbSqlite:203 - Set database path to: C:\Users\Sandip\.stmcufinder\plugins\mcufinder//mcu/cs/
2024-04-27 23:49:19,835 [INFO] ApplicationProperties:184 - Using Application install path: C:\ST\STM32CubeIDE_1.15.0\STM32CubeIDE\plugins\com.st.stm32cube.common.mx_6.11.0.202403141607
2024-04-27 23:49:19,838 [INFO] PluginManage:196 - Search for loadable plugins [exclusion list=, ]
2024-04-27 23:49:19,841 [INFO] PluginManage:310 - Check plugin analytics
2024-04-27 23:49:20,323 [INFO] AnalyticsPlugin:253 - Accepted Software Licenses: STM32CubeMX.6.11.0
2024-04-27 23:49:20,324 [INFO] AnalyticsPlugin:255 - Accepted CMSIS Pack Licenses: 
2024-04-27 23:49:20,324 [INFO] AnalyticsPlugin:257 - Accepted Firmware Licenses: FW.F4.1.28.0
2024-04-27 23:49:20,329 [INFO] PluginManage:359 - Loaded plugin analytics (category:tool,tabindex:-1)
2024-04-27 23:49:20,330 [INFO] PluginManage:310 - Check plugin cadmodel
2024-04-27 23:49:20,356 [INFO] CADModel:105 - Init CAD model plugin
2024-04-27 23:49:20,357 [INFO] PluginManage:359 - Loaded plugin cadmodel (category:power,tabindex:5)
2024-04-27 23:49:20,357 [INFO] PluginManage:310 - Check plugin clock
2024-04-27 23:49:20,391 [INFO] PluginManage:359 - Loaded plugin clock (category:base,tabindex:2)
2024-04-27 23:49:20,391 [INFO] PluginManage:310 - Check plugin ddr
2024-04-27 23:49:20,396 [INFO] PluginManage:359 - Loaded plugin ddr (category:tool,tabindex:6)
2024-04-27 23:49:20,397 [INFO] PluginManage:310 - Check plugin filemanager
2024-04-27 23:49:20,689 [INFO] PluginManage:359 - Loaded plugin filemanager (category:base,tabindex:10)
2024-04-27 23:49:20,689 [INFO] PluginManage:310 - Check plugin ipmanager
2024-04-27 23:49:20,703 [INFO] PluginManage:359 - Loaded plugin ipmanager (category:base,tabindex:5)
2024-04-27 23:49:20,703 [INFO] PluginManage:310 - Check plugin lpbam
2024-04-27 23:49:20,741 [INFO] PluginManage:359 - Loaded plugin lpbam (category:base,tabindex:0)
2024-04-27 23:49:20,741 [INFO] PluginManage:310 - Check plugin memorymap
2024-04-27 23:49:20,783 [INFO] PluginManage:359 - Loaded plugin memorymap (category:base,tabindex:4)
2024-04-27 23:49:20,783 [INFO] PluginManage:310 - Check plugin pinoutandconfiguration
2024-04-27 23:49:20,818 [INFO] PluginManage:359 - Loaded plugin pinoutandconfiguration (category:base,tabindex:1)
2024-04-27 23:49:20,819 [INFO] PluginManage:310 - Check plugin pinoutconfig
2024-04-27 23:49:21,011 [WARN] SupportedApi:132 - Cannot load RTOS API schema: s4s-elt-must-match.1: The content of 'definitions' must match (annotation?, (simpleType | complexType)?, (unique | key | keyref)*)). A problem was found starting at: attribute.
2024-04-27 23:49:21,342 [INFO] PluginManage:359 - Loaded plugin pinoutconfig (category:base,tabindex:0)
2024-04-27 23:49:21,342 [INFO] PluginManage:310 - Check plugin power
2024-04-27 23:49:21,422 [INFO] PluginManage:359 - Loaded plugin power (category:power,tabindex:4)
2024-04-27 23:49:21,422 [INFO] PluginManage:310 - Check plugin projectmanager
2024-04-27 23:49:21,497 [INFO] PluginManage:359 - Loaded plugin projectmanager (category:projectmanager,tabindex:3)
2024-04-27 23:49:21,497 [INFO] PluginManage:310 - Check plugin thirdparty
2024-04-27 23:49:22,004 [INFO] PluginManage:359 - Loaded plugin thirdparty (category:base,tabindex:-1)
2024-04-27 23:49:22,004 [WARN] IntegrityCheckThread:84 - waiting for thirdparty lock release [integrity check]
2024-04-27 23:49:22,004 [INFO] PluginManage:310 - Check plugin tools
2024-04-27 23:49:22,004 [INFO] IntegrityCheckThread:86 - entering critical section [integrity check]
2024-04-27 23:49:22,005 [INFO] ThirdPartyUpdaterWithRetryManager:70 - Updater plugin not ready yet. [1/15]
2024-04-27 23:49:22,082 [INFO] PluginManage:359 - Loaded plugin tools (category:base,tabindex:7)
2024-04-27 23:49:22,083 [INFO] PluginManage:310 - Check plugin tutovideos
2024-04-27 23:49:22,514 [INFO] PluginManage:359 - Loaded plugin tutovideos (category:base,tabindex:-1)
2024-04-27 23:49:22,514 [INFO] PluginManage:310 - Check plugin updater
2024-04-27 23:49:22,535 [INFO] PluginManage:359 - Loaded plugin updater (category:base,tabindex:12)
2024-04-27 23:49:22,535 [INFO] PluginManage:310 - Check plugin userauth
2024-04-27 23:49:22,545 [INFO] UserAuth:114 - Init User Auth plugin
2024-04-27 23:49:22,545 [INFO] PluginManage:359 - Loaded plugin userauth (category:base,tabindex:14)
2024-04-27 23:49:22,546 [INFO] PluginManage:283 - PluginManage : Loaded plugins [17]
2024-04-27 23:49:23,009 [INFO] PinOutPanel:1561 - setPackage(No Configuration,No Configuration)
2024-04-27 23:49:23,146 [INFO] CADModel:165 - CPN selected for project level
2024-04-27 23:49:23,146 [INFO] CADModel:114 - Register for checkConnection events
2024-04-27 23:49:23,187 [INFO] IPUIPlugin:80 - create IPUIPlugin
2024-04-27 23:49:23,187 [INFO] PluginManager:220 - loadIPPluginJar : add adc
2024-04-27 23:49:23,261 [INFO] IPUIPlugin:80 - create IPUIPlugin
2024-04-27 23:49:23,261 [INFO] PluginManager:220 - loadIPPluginJar : add aes
2024-04-27 23:49:23,350 [INFO] IPUIPlugin:80 - create IPUIPlugin
2024-04-27 23:49:23,350 [INFO] PluginManager:220 - loadIPPluginJar : add can
2024-04-27 23:49:23,397 [INFO] IPUIPlugin:80 - create IPUIPlugin
2024-04-27 23:49:23,397 [INFO] PluginManager:220 - loadIPPluginJar : add comp
2024-04-27 23:49:23,456 [INFO] IPUIPlugin:80 - create IPUIPlugin
2024-04-27 23:49:23,456 [INFO] PluginManager:220 - loadIPPluginJar : add cryp
2024-04-27 23:49:23,517 [INFO] IPUIPlugin:80 - create IPUIPlugin
2024-04-27 23:49:23,517 [INFO] PluginManager:220 - loadIPPluginJar : add dfsdm
2024-04-27 23:49:23,547 [INFO] IPUIPlugin:80 - create IPUIPlugin
2024-04-27 23:49:23,548 [INFO] PluginManager:220 - loadIPPluginJar : add dma
2024-04-27 23:49:23,650 [INFO] IPUIPlugin:80 - create IPUIPlugin
2024-04-27 23:49:23,651 [INFO] PluginManager:220 - loadIPPluginJar : add dma3
2024-04-27 23:49:23,739 [INFO] IPUIPlugin:80 - create IPUIPlugin
2024-04-27 23:49:23,740 [INFO] PluginManager:220 - loadIPPluginJar : add extmemmanager
2024-04-27 23:49:23,777 [INFO] IPUIPlugin:80 - create IPUIPlugin
2024-04-27 23:49:23,777 [INFO] PluginManager:220 - loadIPPluginJar : add fatfs
2024-04-27 23:49:23,862 [INFO] IPUIPlugin:80 - create IPUIPlugin
2024-04-27 23:49:23,862 [INFO] PluginManager:220 - loadIPPluginJar : add fmc
2024-04-27 23:49:23,892 [INFO] IPUIPlugin:80 - create IPUIPlugin
2024-04-27 23:49:23,893 [INFO] PluginManager:220 - loadIPPluginJar : add freertos
2024-04-27 23:49:23,929 [INFO] IPUIPlugin:80 - create IPUIPlugin
2024-04-27 23:49:23,929 [INFO] PluginManager:220 - loadIPPluginJar : add genericplugin
2024-04-27 23:49:24,131 [INFO] IPUIPlugin:80 - create IPUIPlugin
2024-04-27 23:49:24,131 [INFO] PluginManager:220 - loadIPPluginJar : add gfxmmu
2024-04-27 23:49:24,390 [INFO] IPUIPlugin:80 - create IPUIPlugin
2024-04-27 23:49:24,390 [INFO] PluginManager:220 - loadIPPluginJar : add gic
2024-04-27 23:49:24,411 [INFO] IPUIPlugin:80 - create IPUIPlugin
2024-04-27 23:49:24,412 [INFO] PluginManager:220 - loadIPPluginJar : add gpio
2024-04-27 23:49:24,606 [INFO] IPUIPlugin:80 - create IPUIPlugin
2024-04-27 23:49:24,606 [INFO] PluginManager:220 - loadIPPluginJar : add gtzc
2024-04-27 23:49:24,670 [INFO] IPUIPlugin:80 - create IPUIPlugin
2024-04-27 23:49:24,670 [INFO] PluginManager:220 - loadIPPluginJar : add hash
2024-04-27 23:49:24,788 [INFO] IPUIPlugin:80 - create IPUIPlugin
2024-04-27 23:49:24,788 [INFO] PluginManager:220 - loadIPPluginJar : add i2c
2024-04-27 23:49:24,856 [INFO] IPUIPlugin:80 - create IPUIPlugin
2024-04-27 23:49:24,857 [INFO] PluginManager:220 - loadIPPluginJar : add i2s
2024-04-27 23:49:24,920 [INFO] IPUIPlugin:80 - create IPUIPlugin
2024-04-27 23:49:24,921 [INFO] PluginManager:220 - loadIPPluginJar : add i3c
2024-04-27 23:49:25,006 [INFO] ThirdPartyUpdaterWithRetryManager:70 - Updater plugin not ready yet. [2/15]
2024-04-27 23:49:25,064 [INFO] IPUIPlugin:80 - create IPUIPlugin
2024-04-27 23:49:25,065 [INFO] PluginManager:220 - loadIPPluginJar : add ipddr
2024-04-27 23:49:25,178 [INFO] IPUIPlugin:80 - create IPUIPlugin
2024-04-27 23:49:25,179 [INFO] PluginManager:220 - loadIPPluginJar : add linkedlist
2024-04-27 23:49:25,217 [INFO] IPUIPlugin:80 - create IPUIPlugin
2024-04-27 23:49:25,217 [INFO] PluginManager:220 - loadIPPluginJar : add lorawan
2024-04-27 23:49:25,257 [INFO] IPUIPlugin:80 - create IPUIPlugin
2024-04-27 23:49:25,257 [INFO] PluginManager:220 - loadIPPluginJar : add ltdc
2024-04-27 23:49:25,275 [INFO] IPUIPlugin:80 - create IPUIPlugin
2024-04-27 23:49:25,276 [INFO] PluginManager:220 - loadIPPluginJar : add mdma
2024-04-27 23:49:25,290 [INFO] IPUIPlugin:80 - create IPUIPlugin
2024-04-27 23:49:25,290 [INFO] PluginManager:220 - loadIPPluginJar : add nvic
2024-04-27 23:49:25,328 [INFO] IPUIPlugin:80 - create IPUIPlugin
2024-04-27 23:49:25,328 [INFO] PluginManager:220 - loadIPPluginJar : add opamp
2024-04-27 23:49:25,462 [INFO] IPUIPlugin:80 - create IPUIPlugin
2024-04-27 23:49:25,462 [INFO] PluginManager:220 - loadIPPluginJar : add openamp
2024-04-27 23:49:25,528 [INFO] IPUIPlugin:80 - create IPUIPlugin
2024-04-27 23:49:25,528 [INFO] PluginManager:220 - loadIPPluginJar : add pdm2pcm
2024-04-27 23:49:25,545 [INFO] IPUIPlugin:80 - create IPUIPlugin
2024-04-27 23:49:25,548 [INFO] PluginManager:220 - loadIPPluginJar : add plateformsettings
2024-04-27 23:49:25,574 [INFO] IPUIPlugin:80 - create IPUIPlugin
2024-04-27 23:49:25,574 [INFO] PluginManager:220 - loadIPPluginJar : add quadspi
2024-04-27 23:49:25,589 [INFO] IPUIPlugin:80 - create IPUIPlugin
2024-04-27 23:49:25,589 [INFO] PluginManager:220 - loadIPPluginJar : add resmgrutility
2024-04-27 23:49:25,664 [INFO] IPUIPlugin:80 - create IPUIPlugin
2024-04-27 23:49:25,664 [INFO] PluginManager:220 - loadIPPluginJar : add sai
2024-04-27 23:49:25,706 [INFO] IPUIPlugin:80 - create IPUIPlugin
2024-04-27 23:49:25,706 [INFO] PluginManager:220 - loadIPPluginJar : add spi
2024-04-27 23:49:25,788 [INFO] IPUIPlugin:80 - create IPUIPlugin
2024-04-27 23:49:25,789 [INFO] PluginManager:220 - loadIPPluginJar : add stm32_wpan
2024-04-27 23:49:25,816 [INFO] IPUIPlugin:80 - create IPUIPlugin
2024-04-27 23:49:25,816 [INFO] PluginManager:220 - loadIPPluginJar : add tim
2024-04-27 23:49:25,886 [INFO] IPUIPlugin:80 - create IPUIPlugin
2024-04-27 23:49:25,887 [INFO] PluginManager:220 - loadIPPluginJar : add touchsensing
2024-04-27 23:49:25,912 [INFO] IPUIPlugin:80 - create IPUIPlugin
2024-04-27 23:49:25,913 [INFO] PluginManager:220 - loadIPPluginJar : add tracer_emb
2024-04-27 23:49:25,940 [INFO] IPUIPlugin:80 - create IPUIPlugin
2024-04-27 23:49:25,940 [INFO] PluginManager:220 - loadIPPluginJar : add ts
2024-04-27 23:49:25,965 [INFO] IPUIPlugin:80 - create IPUIPlugin
2024-04-27 23:49:25,965 [INFO] PluginManager:220 - loadIPPluginJar : add tsc
2024-04-27 23:49:25,988 [INFO] IPUIPlugin:80 - create IPUIPlugin
2024-04-27 23:49:25,988 [INFO] PluginManager:220 - loadIPPluginJar : add ucpd
2024-04-27 23:49:26,041 [INFO] IPUIPlugin:80 - create IPUIPlugin
2024-04-27 23:49:26,042 [INFO] PluginManager:220 - loadIPPluginJar : add usart
2024-04-27 23:49:26,114 [INFO] IPUIPlugin:80 - create IPUIPlugin
2024-04-27 23:49:26,114 [INFO] PluginManager:220 - loadIPPluginJar : add usbx
2024-04-27 23:49:26,279 [INFO] CADModel:165 - CPN selected for project level
2024-04-27 23:49:26,279 [INFO] CADModel:114 - Register for checkConnection events
2024-04-27 23:49:26,279 [FATAL] Updater:308 - Updater called before beeing initialized
2024-04-27 23:49:26,279 [ERROR] CADModel:125 - Updater not yet initialized, retry later 
2024-04-27 23:49:26,531 [INFO] CADModel:165 - CPN selected for project level
2024-04-27 23:49:26,531 [INFO] CADModel:114 - Register for checkConnection events
2024-04-27 23:49:26,531 [FATAL] Updater:308 - Updater called before beeing initialized
2024-04-27 23:49:26,531 [ERROR] CADModel:125 - Updater not yet initialized, retry later 
2024-04-27 23:49:26,536 [FATAL] Updater:308 - Updater called before beeing initialized
2024-04-27 23:49:26,737 [FATAL] Updater:308 - Updater called before beeing initialized
2024-04-27 23:49:26,751 [INFO] DbMcusAds:53 - JSON generation date=Wed Nov 29 16:22:27 IST 2023 (1701255147349)
2024-04-27 23:49:26,751 [FATAL] Updater:308 - Updater called before beeing initialized
2024-04-27 23:49:26,807 [WARN] DetailPanel:346 - Failed to get advertising image, set to default
2024-04-27 23:49:26,926 [FATAL] Updater:308 - Updater called before beeing initialized
2024-04-27 23:49:26,928 [FATAL] Updater:308 - Updater called before beeing initialized
2024-04-27 23:49:26,928 [FATAL] Updater:308 - Updater called before beeing initialized
2024-04-27 23:49:26,929 [WARN] DetailPanel:346 - Failed to get advertising image, set to default
2024-04-27 23:49:26,930 [FATAL] Updater:308 - Updater called before beeing initialized
2024-04-27 23:49:27,025 [ERROR] Updater:1120 - MainUpdater not yet initialized. External WinMGr cannot be set.
2024-04-27 23:49:27,040 [INFO] Updater:1056 - Updater Version found : 6.11.0
2024-04-27 23:49:27,069 [INFO] ApplicationProperties:184 - Using Application install path: C:\ST\STM32CubeIDE_1.15.0\STM32CubeIDE\plugins\com.st.stm32cube.common.mx_6.11.0.202403141607
2024-04-27 23:49:27,536 [INFO] MainUpdater:2873 - connection check result : 10
2024-04-27 23:49:27,537 [INFO] MainUpdater:290 - Updater Check For Update Now.
2024-04-27 23:49:27,538 [INFO] MicroXplorer:498 - Change Database Version : DB.6.0.110
2024-04-27 23:49:27,565 [INFO] McuFinderGlobals:63 - Set McuFinder mode to 2 (CubeIDE integrated)
2024-04-27 23:49:27,565 [INFO] UserAuth:179 - activating auth plugin
2024-04-27 23:49:27,570 [INFO] UserAuth:415 - Internet connection configuration mode: 1
2024-04-27 23:49:27,610 [INFO] JxBrowserEngine:152 - Initiate JxBrowser Engine with user profile folder
2024-04-27 23:49:27,806 [INFO] CheckServerUpdateThread:120 - End of CheckServer Thread
2024-04-27 23:49:28,248 [WARN] PackLoader:240 - Cannot read IP mode file for STMicroelectronics.FP-SNS-MOTENVWB1.1.4.0
2024-04-27 23:49:28,277 [WARN] PackLoader:240 - Cannot read IP mode file for STMicroelectronics.X-CUBE-SMBUS.2.1.0
2024-04-27 23:49:28,350 [WARN] PackLoader:240 - Cannot read IP mode file for STMicroelectronics.X-CUBE-AZRTOS-F7.1.1.0
2024-04-27 23:49:28,390 [WARN] PackLoader:240 - Cannot read IP mode file for STMicroelectronics.FP-SNS-FLIGHT1.5.0.2
2024-04-27 23:49:28,416 [WARN] PackLoader:240 - Cannot read IP mode file for STMicroelectronics.X-CUBE-DISPLAY.3.0.0
2024-04-27 23:49:28,449 [WARN] PackLoader:240 - Cannot read IP mode file for STMicroelectronics.X-CUBE-BLE1.7.0.0
2024-04-27 23:49:28,481 [WARN] PackLoader:240 - Cannot read IP mode file for emotas.I-CUBE-CANOPEN.1.3.0
2024-04-27 23:49:28,508 [WARN] PackLoader:240 - Cannot read IP mode file for STMicroelectronics.X-CUBE-BLEMGR.3.1.0
2024-04-27 23:49:28,535 [WARN] PackLoader:240 - Cannot read IP mode file for STMicroelectronics.FP-SNS-SMARTAG2.1.2.0
2024-04-27 23:49:28,571 [INFO] LogOutputStream:77 - [STDOUT_REDIRECT] 1 : Invalid condition id : UX_CORESTACK_Condition cause : null
2024-04-27 23:49:28,572 [INFO] LogOutputStream:77 - [STDOUT_REDIRECT] 1 : Invalid condition id : UX_CORESTACK_Condition cause : null
2024-04-27 23:49:28,573 [INFO] LogOutputStream:77 - [STDOUT_REDIRECT] 1 : Invalid condition id : UX_CORESTACK_Condition cause : null
2024-04-27 23:49:28,575 [INFO] LogOutputStream:77 - [STDOUT_REDIRECT] 1 : Invalid condition id : UX_CORESTACK_Condition cause : null
2024-04-27 23:49:28,577 [INFO] LogOutputStream:77 - [STDOUT_REDIRECT] 1 : Invalid condition id : UX_CORESTACK_Condition cause : null
2024-04-27 23:49:28,583 [WARN] PackLoader:240 - Cannot read IP mode file for STMicroelectronics.X-CUBE-AZRTOS-WL.2.0.0
2024-04-27 23:49:28,606 [WARN] PackLoader:240 - Cannot read IP mode file for WES.I-CUBE-Cesium.1.3.0
2024-04-27 23:49:28,624 [WARN] PackLoader:240 - Cannot read IP mode file for STMicroelectronics.X-CUBE-BLE2.3.3.0
2024-04-27 23:49:28,646 [WARN] PackLoader:240 - Cannot read IP mode file for STMicroelectronics.X-CUBE-ALGOBUILD.1.3.0
2024-04-27 23:49:28,704 [WARN] PackLoader:240 - Cannot read IP mode file for STMicroelectronics.X-CUBE-AZRTOS-G0.1.1.0
2024-04-27 23:49:28,729 [WARN] PackLoader:240 - Cannot read IP mode file for STMicroelectronics.X-CUBE-NFC4.3.0.0
2024-04-27 23:49:28,748 [WARN] PackLoader:240 - Cannot read IP mode file for STMicroelectronics.FP-ATR-SIGFOX1.3.2.0
2024-04-27 23:49:28,771 [WARN] PackLoader:240 - Cannot read IP mode file for STMicroelectronics.X-CUBE-EEPRMA1.5.1.0
2024-04-27 23:49:28,798 [WARN] PackLoader:240 - Cannot read IP mode file for ITTIA_DB.I-CUBE-ITTIADB.8.9.0
2024-04-27 23:49:28,898 [WARN] PackLoader:240 - Cannot read IP mode file for SEGGER.I-CUBE-embOS.1.3.1
2024-04-27 23:49:28,989 [WARN] PackLoader:240 - Cannot read IP mode file for STMicroelectronics.X-CUBE-GNSS1.6.0.0
2024-04-27 23:49:29,041 [WARN] PackLoader:240 - Cannot read IP mode file for STMicroelectronics.X-CUBE-AZRTOS-F4.1.1.0
2024-04-27 23:49:29,069 [WARN] PackLoader:240 - Cannot read IP mode file for STMicroelectronics.X-CUBE-FREERTOS.1.2.0
2024-04-27 23:49:29,125 [WARN] PackLoader:240 - Cannot read IP mode file for STMicroelectronics.X-CUBE-AZRTOS-L5.2.0.0
2024-04-27 23:49:29,152 [WARN] PackLoader:240 - Cannot read IP mode file for STMicroelectronics.X-CUBE-AI.9.0.0
2024-04-27 23:49:29,175 [WARN] PackLoader:240 - Cannot read IP mode file for STMicroelectronics.X-CUBE-NFC7.1.0.1
2024-04-27 23:49:29,214 [WARN] PackLoader:240 - Cannot read IP mode file for STMicroelectronics.X-CUBE-AI.8.1.0
2024-04-27 23:49:29,275 [WARN] ConditionMgr:438 - getConditionDescription Invalid condition id : LAN8742 Phy interface Condition cause : null
2024-04-27 23:49:29,276 [WARN] PackLoader:240 - Cannot read IP mode file for STMicroelectronics.X-CUBE-AZRTOS-L4.2.0.0
2024-04-27 23:49:29,279 [WARN] ConditionMgr:1039 - genDependencies : Invalid condition id : LAN8742 Phy interface Condition cause : null
2024-04-27 23:49:29,279 [WARN] ConditionMgr:1039 - genDependencies : Invalid condition id : LAN8742 Phy interface Condition cause : null
2024-04-27 23:49:29,280 [WARN] ConditionMgr:1039 - genDependencies : Invalid condition id : LAN8742 Phy interface Condition cause : null
2024-04-27 23:49:29,304 [WARN] PackLoader:240 - Cannot read IP mode file for STMicroelectronics.X-CUBE-SFXS2LP1.4.0.0
2024-04-27 23:49:29,346 [WARN] ConditionMgr:438 - getConditionDescription Invalid condition id : UX DEVICE CLASS RTOS Condition cause : null
2024-04-27 23:49:29,346 [WARN] ConditionMgr:438 - getConditionDescription Invalid condition id : UX DEVICE CLASS RTOS Condition cause : null
2024-04-27 23:49:29,350 [WARN] PackLoader:240 - Cannot read IP mode file for STMicroelectronics.X-CUBE-AZRTOS-WB.2.0.0
2024-04-27 23:49:29,351 [WARN] ConditionMgr:1039 - genDependencies : Invalid condition id : UX DEVICE CLASS RTOS Condition cause : null
2024-04-27 23:49:29,352 [WARN] ConditionMgr:1039 - genDependencies : Invalid condition id : UX DEVICE CLASS RTOS Condition cause : null
2024-04-27 23:49:29,352 [WARN] ConditionMgr:1039 - genDependencies : Invalid condition id : UX DEVICE CLASS RTOS Condition cause : null
2024-04-27 23:49:29,353 [WARN] ConditionMgr:1039 - genDependencies : Invalid condition id : UX DEVICE CLASS RTOS Condition cause : null
2024-04-27 23:49:29,353 [WARN] ConditionMgr:1039 - genDependencies : Invalid condition id : UX DEVICE CLASS RTOS Condition cause : null
2024-04-27 23:49:29,388 [WARN] PackLoader:240 - Cannot read IP mode file for STMicroelectronics.X-CUBE-SUBG2.5.0.0
2024-04-27 23:49:29,441 [WARN] PackLoader:240 - Cannot read IP mode file for STMicroelectronics.X-CUBE-AZRTOS-G4.2.0.0
2024-04-27 23:49:29,463 [WARN] PackLoader:240 - Cannot read IP mode file for STMicroelectronics.FP-SNS-MOTENVWB1.1.3.1
2024-04-27 23:49:29,480 [WARN] PackLoader:240 - Cannot read IP mode file for STMicroelectronics.X-CUBE-ISPU.2.0.0
2024-04-27 23:49:29,561 [WARN] PackLoader:240 - Cannot read IP mode file for STMicroelectronics.X-CUBE-MEMS1.10.0.0
2024-04-27 23:49:29,839 [WARN] PackLoader:240 - Cannot read IP mode file for STMicroelectronics.X-CUBE-FREERTOS.1.1.0
2024-04-27 23:49:29,860 [WARN] PackLoader:240 - Cannot read IP mode file for portGmbH.I-Cube-SoM-uGOAL.1.1.0
2024-04-27 23:49:29,880 [WARN] PackLoader:240 - Cannot read IP mode file for STMicroelectronics.X-CUBE-ALS.1.0.1
2024-04-27 23:49:29,931 [WARN] PackLoader:240 - Cannot read IP mode file for STMicroelectronics.X-CUBE-AZRTOS-H7RS.1.0.0
2024-04-27 23:49:29,952 [WARN] PackLoader:240 - Cannot read IP mode file for STMicroelectronics.FP-ATR-ASTRA1.2.0.0
2024-04-27 23:49:29,989 [WARN] PackLoader:240 - Cannot read IP mode file for STMicroelectronics.X-CUBE-TOF1.3.4.1
2024-04-27 23:49:30,074 [WARN] PackLoader:240 - Cannot read IP mode file for STMicroelectronics.X-CUBE-AZRTOS-H7.3.2.0
2024-04-27 23:49:30,116 [WARN] PackLoader:240 - Cannot read IP mode file for Infineon.AIROC-Wi-Fi-Bluetooth-STM32.1.6.0
2024-04-27 23:49:30,122 [INFO] ThirdParty:978 - Integrity check success = true
2024-04-27 23:49:30,122 [INFO] IntegrityCheckThread:100 - exiting critical section [integrity check]
2024-04-27 23:49:30,122 [INFO] IntegrityCheckThread:103 - End integrity checks thread
2024-04-27 23:49:34,814 [INFO] WebApp:161 - Instantiating new browser for Auth
2024-04-27 23:49:35,715 [INFO] WebApp:779 - Register for checkConnection events
2024-04-27 23:49:35,715 [INFO] WebApp:414 - Apply proxy settings
2024-04-27 23:49:35,715 [INFO] WebApp:499 - Chromium requires no authentication
2024-04-27 23:49:35,726 [INFO] WebApp:442 - Direct internet connection detected
2024-04-27 23:49:35,966 [INFO] WebApp:192 - Starting web application
2024-04-27 23:49:35,966 [INFO] WebApp:544 - Web application path used C:\ST\STM32CubeIDE_1.15.0\STM32CubeIDE\plugins\com.st.stm32cube.common.mx_6.11.0.202403141607\db\plugins\mcufinder\reactClient1\index.html
2024-04-27 23:51:42,233 [ERROR] LogOutputStream:75 - [STDERR_REDIRECT] 
