2024-09-04 21:57:06,710 [INFO] Activator:176 - 


2024-09-04 21:57:06,720 [INFO] Activator:177 - !SESSION log4j initialized
2024-09-04 21:57:15,377 [INFO] LogOutputStream:77 - [STDOUT_REDIRECT] 
2024-09-04 21:57:23,352 [INFO] ApplicationProperties:184 - Using Application install path: C:\ST\STM32CubeIDE_1.15.0\STM32CubeIDE\plugins\com.st.stm32cube.common.mx_6.11.0.202403141607
2024-09-04 21:57:23,385 [INFO] DbMcusXml:78 - Set database path to: C:\ST\STM32CubeIDE_1.15.0\STM32CubeIDE\plugins\com.st.stm32cube.common.mx_6.11.0.202403141607\\db\/mcu/
2024-09-04 21:57:23,385 [INFO] ApiDb:274 - Set plugin database path to: C:\ST\STM32CubeIDE_1.15.0\STM32CubeIDE\plugins\com.st.stm32cube.common.mx_6.11.0.202403141607\\db\/plugins/boardmanager/
2024-09-04 21:57:23,385 [WARN] ApiDb:259 - Overriding images path with different value:  => C:\ST\STM32CubeIDE_1.15.0\STM32CubeIDE\plugins\com.st.stm32cube.common.mx_6.11.0.202403141607\\db\/plugins/mcufinder/images/
2024-09-04 21:57:23,404 [INFO] ApiDb:250 - Set database path to: C:\Users\Sandip\.stmcufinder\plugins\mcufinder//mcu/
2024-09-04 21:57:23,404 [INFO] DbMcusAds:125 - Set database path to: C:\Users\Sandip\.stmcufinder\plugins\mcufinder//mcu/
2024-09-04 21:57:23,404 [INFO] CrossReferenceDbSqlite:203 - Set database path to: C:\Users\Sandip\.stmcufinder\plugins\mcufinder//mcu/cs/
2024-09-04 21:57:23,578 [INFO] RulesReader:64 - Compatibility file has been processed (297 Rules)
2024-09-04 21:57:23,718 [INFO] DbMcusXml:78 - Set database path to: C:\ST\STM32CubeIDE_1.15.0\STM32CubeIDE\plugins\com.st.stm32cube.common.mx_6.11.0.202403141607\\db\/mcu/
2024-09-04 21:57:23,718 [INFO] ApiDb:274 - Set plugin database path to: C:\ST\STM32CubeIDE_1.15.0\STM32CubeIDE\plugins\com.st.stm32cube.common.mx_6.11.0.202403141607\\db\/plugins/boardmanager/
2024-09-04 21:57:23,718 [INFO] ApiDb:261 - Set plugin images path to: C:\ST\STM32CubeIDE_1.15.0\STM32CubeIDE\plugins\com.st.stm32cube.common.mx_6.11.0.202403141607\\db\/plugins/mcufinder/images/
2024-09-04 21:57:23,718 [WARN] DbFile:41 - Overriding database path with different value: C:\Users\Sandip\.stmcufinder\plugins\mcufinder/ => C:\Users\Sandip\.stmcufinder\plugins\mcufinder
2024-09-04 21:57:23,718 [INFO] ApiDb:250 - Set database path to: C:\Users\Sandip\.stmcufinder\plugins\mcufinder//mcu/
2024-09-04 21:57:23,718 [WARN] DbFile:41 - Overriding database path with different value: C:\Users\Sandip\.stmcufinder\plugins\mcufinder/ => C:\Users\Sandip\.stmcufinder\plugins\mcufinder
2024-09-04 21:57:23,718 [INFO] DbMcusAds:125 - Set database path to: C:\Users\Sandip\.stmcufinder\plugins\mcufinder//mcu/
2024-09-04 21:57:23,718 [WARN] DbFile:41 - Overriding database path with different value: C:\Users\Sandip\.stmcufinder\plugins\mcufinder/ => C:\Users\Sandip\.stmcufinder\plugins\mcufinder
2024-09-04 21:57:23,718 [WARN] DbFile:41 - Overriding database path with different value: C:\Users\Sandip\.stmcufinder\plugins\mcufinder/ => C:\Users\Sandip\.stmcufinder\plugins\mcufinder
2024-09-04 21:57:23,718 [INFO] CrossReferenceDbSqlite:203 - Set database path to: C:\Users\Sandip\.stmcufinder\plugins\mcufinder//mcu/cs/
2024-09-04 21:57:23,893 [INFO] MainPanel:264 - HeapMemory: 268435456
2024-09-04 21:57:24,065 [INFO] DbMcusXml:78 - Set database path to: C:\ST\STM32CubeIDE_1.15.0\STM32CubeIDE\plugins\com.st.stm32cube.common.mx_6.11.0.202403141607\\db\/mcu/
2024-09-04 21:57:24,065 [INFO] ApiDb:274 - Set plugin database path to: C:\ST\STM32CubeIDE_1.15.0\STM32CubeIDE\plugins\com.st.stm32cube.common.mx_6.11.0.202403141607\\db\/plugins/boardmanager/
2024-09-04 21:57:24,065 [INFO] ApiDb:261 - Set plugin images path to: C:\ST\STM32CubeIDE_1.15.0\STM32CubeIDE\plugins\com.st.stm32cube.common.mx_6.11.0.202403141607\\db\/plugins/mcufinder/images/
2024-09-04 21:57:24,065 [WARN] DbFile:41 - Overriding database path with different value: C:\Users\Sandip\.stmcufinder\plugins\mcufinder/ => C:\Users\Sandip\.stmcufinder\plugins\mcufinder
2024-09-04 21:57:24,065 [INFO] ApiDb:250 - Set database path to: C:\Users\Sandip\.stmcufinder\plugins\mcufinder//mcu/
2024-09-04 21:57:24,067 [WARN] DbFile:41 - Overriding database path with different value: C:\Users\Sandip\.stmcufinder\plugins\mcufinder/ => C:\Users\Sandip\.stmcufinder\plugins\mcufinder
2024-09-04 21:57:24,067 [INFO] DbMcusAds:125 - Set database path to: C:\Users\Sandip\.stmcufinder\plugins\mcufinder//mcu/
2024-09-04 21:57:24,067 [WARN] DbFile:41 - Overriding database path with different value: C:\Users\Sandip\.stmcufinder\plugins\mcufinder/ => C:\Users\Sandip\.stmcufinder\plugins\mcufinder
2024-09-04 21:57:24,067 [WARN] DbFile:41 - Overriding database path with different value: C:\Users\Sandip\.stmcufinder\plugins\mcufinder/ => C:\Users\Sandip\.stmcufinder\plugins\mcufinder
2024-09-04 21:57:24,067 [INFO] CrossReferenceDbSqlite:203 - Set database path to: C:\Users\Sandip\.stmcufinder\plugins\mcufinder//mcu/cs/
2024-09-04 21:57:24,084 [INFO] ApplicationProperties:184 - Using Application install path: C:\ST\STM32CubeIDE_1.15.0\STM32CubeIDE\plugins\com.st.stm32cube.common.mx_6.11.0.202403141607
2024-09-04 21:57:24,084 [INFO] PluginManage:196 - Search for loadable plugins [exclusion list=, ]
2024-09-04 21:57:24,102 [INFO] PluginManage:310 - Check plugin analytics
2024-09-04 21:57:24,433 [INFO] AnalyticsPlugin:253 - Accepted Software Licenses: STM32CubeMX.6.11.0
2024-09-04 21:57:24,433 [INFO] AnalyticsPlugin:255 - Accepted CMSIS Pack Licenses: 
2024-09-04 21:57:24,433 [INFO] AnalyticsPlugin:257 - Accepted Firmware Licenses: FW.F4.1.28.0
2024-09-04 21:57:24,433 [INFO] PluginManage:359 - Loaded plugin analytics (category:tool,tabindex:-1)
2024-09-04 21:57:24,433 [INFO] PluginManage:310 - Check plugin cadmodel
2024-09-04 21:57:24,468 [INFO] CADModel:105 - Init CAD model plugin
2024-09-04 21:57:24,468 [INFO] PluginManage:359 - Loaded plugin cadmodel (category:power,tabindex:5)
2024-09-04 21:57:24,468 [INFO] PluginManage:310 - Check plugin clock
2024-09-04 21:57:24,487 [INFO] PluginManage:359 - Loaded plugin clock (category:base,tabindex:2)
2024-09-04 21:57:24,487 [INFO] PluginManage:310 - Check plugin ddr
2024-09-04 21:57:24,487 [INFO] PluginManage:359 - Loaded plugin ddr (category:tool,tabindex:6)
2024-09-04 21:57:24,487 [INFO] PluginManage:310 - Check plugin filemanager
2024-09-04 21:57:24,730 [INFO] PluginManage:359 - Loaded plugin filemanager (category:base,tabindex:10)
2024-09-04 21:57:24,730 [INFO] PluginManage:310 - Check plugin ipmanager
2024-09-04 21:57:24,748 [INFO] PluginManage:359 - Loaded plugin ipmanager (category:base,tabindex:5)
2024-09-04 21:57:24,748 [INFO] PluginManage:310 - Check plugin lpbam
2024-09-04 21:57:24,782 [INFO] PluginManage:359 - Loaded plugin lpbam (category:base,tabindex:0)
2024-09-04 21:57:24,782 [INFO] PluginManage:310 - Check plugin memorymap
2024-09-04 21:57:24,835 [INFO] PluginManage:359 - Loaded plugin memorymap (category:base,tabindex:4)
2024-09-04 21:57:24,835 [INFO] PluginManage:310 - Check plugin pinoutandconfiguration
2024-09-04 21:57:24,870 [INFO] PluginManage:359 - Loaded plugin pinoutandconfiguration (category:base,tabindex:1)
2024-09-04 21:57:24,870 [INFO] PluginManage:310 - Check plugin pinoutconfig
2024-09-04 21:57:25,027 [WARN] SupportedApi:132 - Cannot load RTOS API schema: s4s-elt-must-match.1: The content of 'definitions' must match (annotation?, (simpleType | complexType)?, (unique | key | keyref)*)). A problem was found starting at: attribute.
2024-09-04 21:57:25,324 [INFO] PluginManage:359 - Loaded plugin pinoutconfig (category:base,tabindex:0)
2024-09-04 21:57:25,324 [INFO] PluginManage:310 - Check plugin power
2024-09-04 21:57:25,377 [INFO] PluginManage:359 - Loaded plugin power (category:power,tabindex:4)
2024-09-04 21:57:25,377 [INFO] PluginManage:310 - Check plugin projectmanager
2024-09-04 21:57:25,411 [INFO] PluginManage:359 - Loaded plugin projectmanager (category:projectmanager,tabindex:3)
2024-09-04 21:57:25,426 [INFO] PluginManage:310 - Check plugin thirdparty
2024-09-04 21:57:25,934 [INFO] PluginManage:359 - Loaded plugin thirdparty (category:base,tabindex:-1)
2024-09-04 21:57:25,934 [WARN] IntegrityCheckThread:84 - waiting for thirdparty lock release [integrity check]
2024-09-04 21:57:25,934 [INFO] PluginManage:310 - Check plugin tools
2024-09-04 21:57:25,946 [INFO] IntegrityCheckThread:86 - entering critical section [integrity check]
2024-09-04 21:57:25,946 [INFO] ThirdPartyUpdaterWithRetryManager:70 - Updater plugin not ready yet. [1/15]
2024-09-04 21:57:26,002 [INFO] PluginManage:359 - Loaded plugin tools (category:base,tabindex:7)
2024-09-04 21:57:26,002 [INFO] PluginManage:310 - Check plugin tutovideos
2024-09-04 21:57:26,301 [INFO] PluginManage:359 - Loaded plugin tutovideos (category:base,tabindex:-1)
2024-09-04 21:57:26,301 [INFO] PluginManage:310 - Check plugin updater
2024-09-04 21:57:26,318 [INFO] PluginManage:359 - Loaded plugin updater (category:base,tabindex:12)
2024-09-04 21:57:26,318 [INFO] PluginManage:310 - Check plugin userauth
2024-09-04 21:57:26,336 [INFO] UserAuth:114 - Init User Auth plugin
2024-09-04 21:57:26,336 [INFO] PluginManage:359 - Loaded plugin userauth (category:base,tabindex:14)
2024-09-04 21:57:26,336 [INFO] PluginManage:283 - PluginManage : Loaded plugins [17]
2024-09-04 21:57:26,667 [INFO] PinOutPanel:1561 - setPackage(No Configuration,No Configuration)
2024-09-04 21:57:26,772 [INFO] CADModel:165 - CPN selected for project level
2024-09-04 21:57:26,772 [INFO] CADModel:114 - Register for checkConnection events
2024-09-04 21:57:26,806 [INFO] IPUIPlugin:80 - create IPUIPlugin
2024-09-04 21:57:26,806 [INFO] PluginManager:220 - loadIPPluginJar : add adc
2024-09-04 21:57:26,859 [INFO] IPUIPlugin:80 - create IPUIPlugin
2024-09-04 21:57:26,859 [INFO] PluginManager:220 - loadIPPluginJar : add aes
2024-09-04 21:57:26,912 [INFO] IPUIPlugin:80 - create IPUIPlugin
2024-09-04 21:57:26,912 [INFO] PluginManager:220 - loadIPPluginJar : add can
2024-09-04 21:57:26,946 [INFO] IPUIPlugin:80 - create IPUIPlugin
2024-09-04 21:57:26,946 [INFO] PluginManager:220 - loadIPPluginJar : add comp
2024-09-04 21:57:26,997 [INFO] IPUIPlugin:80 - create IPUIPlugin
2024-09-04 21:57:26,999 [INFO] PluginManager:220 - loadIPPluginJar : add cryp
2024-09-04 21:57:27,034 [INFO] IPUIPlugin:80 - create IPUIPlugin
2024-09-04 21:57:27,034 [INFO] PluginManager:220 - loadIPPluginJar : add dfsdm
2024-09-04 21:57:27,051 [INFO] IPUIPlugin:80 - create IPUIPlugin
2024-09-04 21:57:27,051 [INFO] PluginManager:220 - loadIPPluginJar : add dma
2024-09-04 21:57:27,121 [INFO] IPUIPlugin:80 - create IPUIPlugin
2024-09-04 21:57:27,121 [INFO] PluginManager:220 - loadIPPluginJar : add dma3
2024-09-04 21:57:27,173 [INFO] IPUIPlugin:80 - create IPUIPlugin
2024-09-04 21:57:27,173 [INFO] PluginManager:220 - loadIPPluginJar : add extmemmanager
2024-09-04 21:57:27,206 [INFO] IPUIPlugin:80 - create IPUIPlugin
2024-09-04 21:57:27,206 [INFO] PluginManager:220 - loadIPPluginJar : add fatfs
2024-09-04 21:57:27,260 [INFO] IPUIPlugin:80 - create IPUIPlugin
2024-09-04 21:57:27,260 [INFO] PluginManager:220 - loadIPPluginJar : add fmc
2024-09-04 21:57:27,278 [INFO] IPUIPlugin:80 - create IPUIPlugin
2024-09-04 21:57:27,278 [INFO] PluginManager:220 - loadIPPluginJar : add freertos
2024-09-04 21:57:27,313 [INFO] IPUIPlugin:80 - create IPUIPlugin
2024-09-04 21:57:27,313 [INFO] PluginManager:220 - loadIPPluginJar : add genericplugin
2024-09-04 21:57:27,417 [INFO] IPUIPlugin:80 - create IPUIPlugin
2024-09-04 21:57:27,417 [INFO] PluginManager:220 - loadIPPluginJar : add gfxmmu
2024-09-04 21:57:27,610 [INFO] IPUIPlugin:80 - create IPUIPlugin
2024-09-04 21:57:27,610 [INFO] PluginManager:220 - loadIPPluginJar : add gic
2024-09-04 21:57:27,610 [INFO] IPUIPlugin:80 - create IPUIPlugin
2024-09-04 21:57:27,610 [INFO] PluginManager:220 - loadIPPluginJar : add gpio
2024-09-04 21:57:27,749 [INFO] IPUIPlugin:80 - create IPUIPlugin
2024-09-04 21:57:27,749 [INFO] PluginManager:220 - loadIPPluginJar : add gtzc
2024-09-04 21:57:27,803 [INFO] IPUIPlugin:80 - create IPUIPlugin
2024-09-04 21:57:27,803 [INFO] PluginManager:220 - loadIPPluginJar : add hash
2024-09-04 21:57:27,889 [INFO] IPUIPlugin:80 - create IPUIPlugin
2024-09-04 21:57:27,889 [INFO] PluginManager:220 - loadIPPluginJar : add i2c
2024-09-04 21:57:27,941 [INFO] IPUIPlugin:80 - create IPUIPlugin
2024-09-04 21:57:27,941 [INFO] PluginManager:220 - loadIPPluginJar : add i2s
2024-09-04 21:57:28,011 [INFO] IPUIPlugin:80 - create IPUIPlugin
2024-09-04 21:57:28,011 [INFO] PluginManager:220 - loadIPPluginJar : add i3c
2024-09-04 21:57:28,150 [INFO] IPUIPlugin:80 - create IPUIPlugin
2024-09-04 21:57:28,150 [INFO] PluginManager:220 - loadIPPluginJar : add ipddr
2024-09-04 21:57:28,290 [INFO] IPUIPlugin:80 - create IPUIPlugin
2024-09-04 21:57:28,290 [INFO] PluginManager:220 - loadIPPluginJar : add linkedlist
2024-09-04 21:57:28,344 [INFO] IPUIPlugin:80 - create IPUIPlugin
2024-09-04 21:57:28,344 [INFO] PluginManager:220 - loadIPPluginJar : add lorawan
2024-09-04 21:57:28,393 [INFO] IPUIPlugin:80 - create IPUIPlugin
2024-09-04 21:57:28,395 [INFO] PluginManager:220 - loadIPPluginJar : add ltdc
2024-09-04 21:57:28,412 [INFO] IPUIPlugin:80 - create IPUIPlugin
2024-09-04 21:57:28,412 [INFO] PluginManager:220 - loadIPPluginJar : add mdma
2024-09-04 21:57:28,430 [INFO] IPUIPlugin:80 - create IPUIPlugin
2024-09-04 21:57:28,430 [INFO] PluginManager:220 - loadIPPluginJar : add nvic
2024-09-04 21:57:28,482 [INFO] IPUIPlugin:80 - create IPUIPlugin
2024-09-04 21:57:28,482 [INFO] PluginManager:220 - loadIPPluginJar : add opamp
2024-09-04 21:57:28,569 [INFO] IPUIPlugin:80 - create IPUIPlugin
2024-09-04 21:57:28,569 [INFO] PluginManager:220 - loadIPPluginJar : add openamp
2024-09-04 21:57:28,639 [INFO] IPUIPlugin:80 - create IPUIPlugin
2024-09-04 21:57:28,639 [INFO] PluginManager:220 - loadIPPluginJar : add pdm2pcm
2024-09-04 21:57:28,657 [INFO] IPUIPlugin:80 - create IPUIPlugin
2024-09-04 21:57:28,657 [INFO] PluginManager:220 - loadIPPluginJar : add plateformsettings
2024-09-04 21:57:28,691 [INFO] IPUIPlugin:80 - create IPUIPlugin
2024-09-04 21:57:28,691 [INFO] PluginManager:220 - loadIPPluginJar : add quadspi
2024-09-04 21:57:28,709 [INFO] IPUIPlugin:80 - create IPUIPlugin
2024-09-04 21:57:28,709 [INFO] PluginManager:220 - loadIPPluginJar : add resmgrutility
2024-09-04 21:57:28,761 [INFO] IPUIPlugin:80 - create IPUIPlugin
2024-09-04 21:57:28,761 [INFO] PluginManager:220 - loadIPPluginJar : add sai
2024-09-04 21:57:28,796 [INFO] IPUIPlugin:80 - create IPUIPlugin
2024-09-04 21:57:28,796 [INFO] PluginManager:220 - loadIPPluginJar : add spi
2024-09-04 21:57:28,883 [INFO] IPUIPlugin:80 - create IPUIPlugin
2024-09-04 21:57:28,883 [INFO] PluginManager:220 - loadIPPluginJar : add stm32_wpan
2024-09-04 21:57:28,918 [INFO] IPUIPlugin:80 - create IPUIPlugin
2024-09-04 21:57:28,918 [INFO] PluginManager:220 - loadIPPluginJar : add tim
2024-09-04 21:57:28,951 [INFO] ThirdPartyUpdaterWithRetryManager:70 - Updater plugin not ready yet. [2/15]
2024-09-04 21:57:29,006 [INFO] IPUIPlugin:80 - create IPUIPlugin
2024-09-04 21:57:29,006 [INFO] PluginManager:220 - loadIPPluginJar : add touchsensing
2024-09-04 21:57:29,023 [INFO] IPUIPlugin:80 - create IPUIPlugin
2024-09-04 21:57:29,023 [INFO] PluginManager:220 - loadIPPluginJar : add tracer_emb
2024-09-04 21:57:29,058 [INFO] IPUIPlugin:80 - create IPUIPlugin
2024-09-04 21:57:29,058 [INFO] PluginManager:220 - loadIPPluginJar : add ts
2024-09-04 21:57:29,091 [INFO] IPUIPlugin:80 - create IPUIPlugin
2024-09-04 21:57:29,091 [INFO] PluginManager:220 - loadIPPluginJar : add tsc
2024-09-04 21:57:29,110 [INFO] IPUIPlugin:80 - create IPUIPlugin
2024-09-04 21:57:29,110 [INFO] PluginManager:220 - loadIPPluginJar : add ucpd
2024-09-04 21:57:29,162 [INFO] IPUIPlugin:80 - create IPUIPlugin
2024-09-04 21:57:29,178 [INFO] PluginManager:220 - loadIPPluginJar : add usart
2024-09-04 21:57:29,232 [INFO] IPUIPlugin:80 - create IPUIPlugin
2024-09-04 21:57:29,232 [INFO] PluginManager:220 - loadIPPluginJar : add usbx
2024-09-04 21:57:29,410 [INFO] CADModel:165 - CPN selected for project level
2024-09-04 21:57:29,410 [INFO] CADModel:114 - Register for checkConnection events
2024-09-04 21:57:29,410 [FATAL] Updater:308 - Updater called before beeing initialized
2024-09-04 21:57:29,410 [ERROR] CADModel:125 - Updater not yet initialized, retry later 
2024-09-04 21:57:29,668 [INFO] CADModel:165 - CPN selected for project level
2024-09-04 21:57:29,668 [INFO] CADModel:114 - Register for checkConnection events
2024-09-04 21:57:29,668 [FATAL] Updater:308 - Updater called before beeing initialized
2024-09-04 21:57:29,668 [ERROR] CADModel:125 - Updater not yet initialized, retry later 
2024-09-04 21:57:29,668 [FATAL] Updater:308 - Updater called before beeing initialized
2024-09-04 21:57:29,878 [FATAL] Updater:308 - Updater called before beeing initialized
2024-09-04 21:57:29,896 [INFO] DbMcusAds:53 - JSON generation date=Thu May 16 14:52:00 IST 2024 (1715851320667)
2024-09-04 21:57:29,896 [FATAL] Updater:308 - Updater called before beeing initialized
2024-09-04 21:57:29,983 [WARN] DetailPanel:346 - Failed to get advertising image, set to default
2024-09-04 21:57:30,122 [FATAL] Updater:308 - Updater called before beeing initialized
2024-09-04 21:57:30,122 [FATAL] Updater:308 - Updater called before beeing initialized
2024-09-04 21:57:30,122 [FATAL] Updater:308 - Updater called before beeing initialized
2024-09-04 21:57:30,122 [WARN] DetailPanel:346 - Failed to get advertising image, set to default
2024-09-04 21:57:30,122 [FATAL] Updater:308 - Updater called before beeing initialized
2024-09-04 21:57:30,229 [ERROR] Updater:1120 - MainUpdater not yet initialized. External WinMGr cannot be set.
2024-09-04 21:57:30,245 [INFO] Updater:1056 - Updater Version found : 6.11.0
2024-09-04 21:57:30,262 [INFO] ApplicationProperties:184 - Using Application install path: C:\ST\STM32CubeIDE_1.15.0\STM32CubeIDE\plugins\com.st.stm32cube.common.mx_6.11.0.202403141607
2024-09-04 21:57:31,953 [INFO] ThirdPartyUpdaterWithRetryManager:70 - Updater plugin not ready yet. [3/15]
2024-09-04 21:57:32,915 [WARN] CheckConnectionManager:291 - Warning during Server Connection :  timeout Read timed out
2024-09-04 21:57:33,682 [INFO] MainUpdater:2873 - connection check result : 10
2024-09-04 21:57:33,682 [INFO] MainUpdater:3567 - Updater definition file requires update
2024-09-04 21:57:33,682 [INFO] MainUpdater:290 - Updater Check For Update Now.
2024-09-04 21:57:33,682 [INFO] MicroXplorer:498 - Change Database Version : DB.6.0.110
2024-09-04 21:57:33,700 [INFO] McuFinderGlobals:63 - Set McuFinder mode to 2 (CubeIDE integrated)
2024-09-04 21:57:33,700 [INFO] UserAuth:179 - activating auth plugin
2024-09-04 21:57:33,718 [INFO] UserAuth:415 - Internet connection configuration mode: 1
2024-09-04 21:57:33,752 [INFO] JxBrowserEngine:152 - Initiate JxBrowser Engine with user profile folder
2024-09-04 21:57:33,857 [INFO] ServerAccessManage:473 - Download File updaters.zip
2024-09-04 21:57:34,153 [INFO] FileExtend:240 - Unzip File : updaters.zip
2024-09-04 21:57:34,153 [INFO] FileExtend:255 - Standard Zip Deflate
2024-09-04 21:57:34,989 [WARN] MainUpdater:1194 - Updater busy. Cannot search thirdparties
2024-09-04 21:57:34,989 [INFO] ThirdPartyUpdaterWithRetryManager:96 - Updater plugin is busy. [1/15]
2024-09-04 21:57:35,968 [INFO] ServerAccessManage:473 - Download File PacksControlFlags.xml
2024-09-04 21:57:36,143 [INFO] ServerAccessManage:473 - Download File cubemx.pidx
2024-09-04 21:57:36,350 [INFO] LoadServerUpdatesThread:375 - End of LoadServerUpdate Thread
2024-09-04 21:57:36,600 [INFO] CheckServerUpdateThread:120 - End of CheckServer Thread
2024-09-04 21:57:38,341 [WARN] PackLoader:240 - Cannot read IP mode file for STMicroelectronics.FP-SNS-MOTENVWB1.1.4.0
2024-09-04 21:57:38,376 [WARN] PackLoader:240 - Cannot read IP mode file for STMicroelectronics.X-CUBE-SMBUS.2.1.0
2024-09-04 21:57:38,394 [WARN] PackLoader:240 - Cannot read IP mode file for STMicroelectronics.X-CUBE-TOUCHGFX.4.23.2
2024-09-04 21:57:38,464 [WARN] PackLoader:240 - Cannot read IP mode file for STMicroelectronics.X-CUBE-AZRTOS-F7.1.1.0
2024-09-04 21:57:38,654 [WARN] PackLoader:240 - Cannot read IP mode file for STMicroelectronics.X-CUBE-MEMS1.11.0.0
2024-09-04 21:57:39,075 [WARN] PackLoader:240 - Cannot read IP mode file for STMicroelectronics.FP-SNS-FLIGHT1.5.0.2
2024-09-04 21:57:39,107 [WARN] PackLoader:240 - Cannot read IP mode file for STMicroelectronics.X-CUBE-DISPLAY.3.0.0
2024-09-04 21:57:39,127 [WARN] PackLoader:240 - Cannot read IP mode file for STMicroelectronics.X-CUBE-BLE1.7.0.0
2024-09-04 21:57:39,162 [WARN] PackLoader:240 - Cannot read IP mode file for emotas.I-CUBE-CANOPEN.1.3.0
2024-09-04 21:57:39,197 [WARN] PackLoader:240 - Cannot read IP mode file for STMicroelectronics.X-CUBE-BLEMGR.3.1.0
2024-09-04 21:57:39,232 [WARN] PackLoader:240 - Cannot read IP mode file for STMicroelectronics.FP-SNS-SMARTAG2.1.2.0
2024-09-04 21:57:39,266 [INFO] LogOutputStream:77 - [STDOUT_REDIRECT] 1 : Invalid condition id : UX_CORESTACK_Condition cause : null
2024-09-04 21:57:39,266 [INFO] LogOutputStream:77 - [STDOUT_REDIRECT] 1 : Invalid condition id : UX_CORESTACK_Condition cause : null
2024-09-04 21:57:39,266 [INFO] LogOutputStream:77 - [STDOUT_REDIRECT] 1 : Invalid condition id : UX_CORESTACK_Condition cause : null
2024-09-04 21:57:39,266 [INFO] LogOutputStream:77 - [STDOUT_REDIRECT] 1 : Invalid condition id : UX_CORESTACK_Condition cause : null
2024-09-04 21:57:39,284 [INFO] LogOutputStream:77 - [STDOUT_REDIRECT] 1 : Invalid condition id : UX_CORESTACK_Condition cause : null
2024-09-04 21:57:39,284 [WARN] PackLoader:240 - Cannot read IP mode file for STMicroelectronics.X-CUBE-AZRTOS-WL.2.0.0
2024-09-04 21:57:39,301 [WARN] PackLoader:240 - Cannot read IP mode file for wolfSSL.I-CUBE-wolfMQTT.1.19.0
2024-09-04 21:57:39,336 [WARN] PackLoader:240 - Cannot read IP mode file for WES.I-CUBE-Cesium.1.3.0
2024-09-04 21:57:39,353 [WARN] PackLoader:240 - Cannot read IP mode file for STMicroelectronics.X-CUBE-BLE2.3.3.0
2024-09-04 21:57:39,371 [WARN] PackLoader:240 - Cannot read IP mode file for STMicroelectronics.X-CUBE-ALGOBUILD.1.3.0
2024-09-04 21:57:39,422 [WARN] PackLoader:240 - Cannot read IP mode file for STMicroelectronics.X-CUBE-AZRTOS-G0.1.1.0
2024-09-04 21:57:39,441 [WARN] PackLoader:240 - Cannot read IP mode file for STMicroelectronics.X-CUBE-NFC4.3.0.0
2024-09-04 21:57:39,458 [WARN] PackLoader:240 - Cannot read IP mode file for EmbeddedOffice.I-CUBE-FS-RTOS.1.0.1
2024-09-04 21:57:39,458 [ERROR] ConditionMgr:805 - Attr not supported : Dmpu
2024-09-04 21:57:39,458 [ERROR] ConditionMgr:805 - Attr not supported : Dmpu
2024-09-04 21:57:39,458 [ERROR] ConditionMgr:805 - Attr not supported : Dmpu
2024-09-04 21:57:39,458 [ERROR] ConditionMgr:805 - Attr not supported : Dmpu
2024-09-04 21:57:39,458 [ERROR] ConditionMgr:805 - Attr not supported : Dmpu
2024-09-04 21:57:39,458 [ERROR] ConditionMgr:805 - Attr not supported : Dmpu
2024-09-04 21:57:39,458 [ERROR] ConditionMgr:805 - Attr not supported : Dmpu
2024-09-04 21:57:39,458 [ERROR] ConditionMgr:805 - Attr not supported : Dmpu
2024-09-04 21:57:39,458 [ERROR] ConditionMgr:805 - Attr not supported : Dmpu
2024-09-04 21:57:39,458 [ERROR] ConditionMgr:805 - Attr not supported : Dmpu
2024-09-04 21:57:39,458 [ERROR] ConditionMgr:805 - Attr not supported : Dmpu
2024-09-04 21:57:39,458 [ERROR] ConditionMgr:805 - Attr not supported : Dmpu
2024-09-04 21:57:39,458 [ERROR] ConditionMgr:805 - Attr not supported : Dmpu
2024-09-04 21:57:39,458 [ERROR] ConditionMgr:805 - Attr not supported : Dmpu
2024-09-04 21:57:39,458 [ERROR] ConditionMgr:805 - Attr not supported : Dmpu
2024-09-04 21:57:39,458 [ERROR] ConditionMgr:805 - Attr not supported : Dmpu
2024-09-04 21:57:39,458 [ERROR] ConditionMgr:805 - Attr not supported : Dmpu
2024-09-04 21:57:39,458 [ERROR] ConditionMgr:805 - Attr not supported : Dmpu
2024-09-04 21:57:39,458 [ERROR] ConditionMgr:805 - Attr not supported : Dmpu
2024-09-04 21:57:39,458 [ERROR] ConditionMgr:805 - Attr not supported : Dmpu
2024-09-04 21:57:39,458 [ERROR] ConditionMgr:805 - Attr not supported : Dmpu
2024-09-04 21:57:39,458 [ERROR] ConditionMgr:805 - Attr not supported : Dmpu
2024-09-04 21:57:39,458 [ERROR] ConditionMgr:805 - Attr not supported : Dmpu
2024-09-04 21:57:39,458 [ERROR] ConditionMgr:805 - Attr not supported : Dmpu
2024-09-04 21:57:39,458 [ERROR] ConditionMgr:805 - Attr not supported : Dmpu
2024-09-04 21:57:39,458 [ERROR] ConditionMgr:805 - Attr not supported : Dmpu
2024-09-04 21:57:39,458 [ERROR] ConditionMgr:805 - Attr not supported : Dmpu
2024-09-04 21:57:39,458 [ERROR] ConditionMgr:805 - Attr not supported : Dmpu
2024-09-04 21:57:39,458 [ERROR] ConditionMgr:805 - Attr not supported : Dmpu
2024-09-04 21:57:39,458 [ERROR] ConditionMgr:805 - Attr not supported : Dmpu
2024-09-04 21:57:39,458 [ERROR] ConditionMgr:805 - Attr not supported : Dmpu
2024-09-04 21:57:39,458 [ERROR] ConditionMgr:805 - Attr not supported : Dmpu
2024-09-04 21:57:39,458 [ERROR] ConditionMgr:805 - Attr not supported : Dmpu
2024-09-04 21:57:39,458 [ERROR] ConditionMgr:805 - Attr not supported : Dmpu
2024-09-04 21:57:39,458 [ERROR] ConditionMgr:805 - Attr not supported : Dmpu
2024-09-04 21:57:39,458 [ERROR] ConditionMgr:805 - Attr not supported : Dmpu
2024-09-04 21:57:39,474 [ERROR] ConditionMgr:805 - Attr not supported : Dmpu
2024-09-04 21:57:39,474 [ERROR] ConditionMgr:805 - Attr not supported : Dmpu
2024-09-04 21:57:39,474 [ERROR] ConditionMgr:805 - Attr not supported : Dmpu
2024-09-04 21:57:39,474 [ERROR] ConditionMgr:805 - Attr not supported : Dmpu
2024-09-04 21:57:39,474 [ERROR] ConditionMgr:805 - Attr not supported : Dmpu
2024-09-04 21:57:39,474 [ERROR] ConditionMgr:805 - Attr not supported : Dmpu
2024-09-04 21:57:39,474 [ERROR] ConditionMgr:805 - Attr not supported : Dmpu
2024-09-04 21:57:39,474 [ERROR] ConditionMgr:805 - Attr not supported : Dmpu
2024-09-04 21:57:39,474 [ERROR] ConditionMgr:805 - Attr not supported : Dmpu
2024-09-04 21:57:39,474 [ERROR] ConditionMgr:805 - Attr not supported : Dmpu
2024-09-04 21:57:39,474 [ERROR] ConditionMgr:805 - Attr not supported : Dmpu
2024-09-04 21:57:39,474 [ERROR] ConditionMgr:805 - Attr not supported : Dmpu
2024-09-04 21:57:39,475 [ERROR] ConditionMgr:805 - Attr not supported : Dmpu
2024-09-04 21:57:39,476 [ERROR] ConditionMgr:805 - Attr not supported : Dmpu
2024-09-04 21:57:39,476 [ERROR] ConditionMgr:805 - Attr not supported : Dmpu
2024-09-04 21:57:39,476 [ERROR] ConditionMgr:805 - Attr not supported : Dmpu
2024-09-04 21:57:39,476 [ERROR] ConditionMgr:805 - Attr not supported : Dmpu
2024-09-04 21:57:39,476 [ERROR] ConditionMgr:805 - Attr not supported : Dmpu
2024-09-04 21:57:39,476 [ERROR] ConditionMgr:805 - Attr not supported : Dmpu
2024-09-04 21:57:39,476 [ERROR] ConditionMgr:805 - Attr not supported : Dmpu
2024-09-04 21:57:39,476 [ERROR] ConditionMgr:805 - Attr not supported : Dmpu
2024-09-04 21:57:39,476 [ERROR] ConditionMgr:805 - Attr not supported : Dmpu
2024-09-04 21:57:39,476 [ERROR] ConditionMgr:805 - Attr not supported : Dmpu
2024-09-04 21:57:39,476 [ERROR] ConditionMgr:805 - Attr not supported : Dmpu
2024-09-04 21:57:39,476 [ERROR] ConditionMgr:805 - Attr not supported : Dmpu
2024-09-04 21:57:39,476 [ERROR] ConditionMgr:805 - Attr not supported : Dmpu
2024-09-04 21:57:39,476 [ERROR] ConditionMgr:805 - Attr not supported : Dmpu
2024-09-04 21:57:39,476 [ERROR] ConditionMgr:805 - Attr not supported : Dmpu
2024-09-04 21:57:39,493 [WARN] PackLoader:240 - Cannot read IP mode file for RealThread.X-CUBE-RT-Thread_Nano.4.1.1
2024-09-04 21:57:39,511 [WARN] PackLoader:240 - Cannot read IP mode file for STMicroelectronics.FP-ATR-SIGFOX1.3.2.0
2024-09-04 21:57:39,528 [WARN] PackLoader:240 - Cannot read IP mode file for STMicroelectronics.X-CUBE-EEPRMA1.5.1.0
2024-09-04 21:57:39,563 [WARN] PackLoader:240 - Cannot read IP mode file for ITTIA_DB.I-CUBE-ITTIADB.8.9.0
2024-09-04 21:57:39,633 [WARN] PackLoader:240 - Cannot read IP mode file for SEGGER.I-CUBE-embOS.1.3.1
2024-09-04 21:57:39,720 [WARN] PackLoader:240 - Cannot read IP mode file for STMicroelectronics.X-CUBE-ALGOBUILD.1.4.0
2024-09-04 21:57:39,737 [WARN] PackLoader:240 - Cannot read IP mode file for STMicroelectronics.X-CUBE-GNSS1.6.0.0
2024-09-04 21:57:39,790 [WARN] PackLoader:240 - Cannot read IP mode file for STMicroelectronics.X-CUBE-AZRTOS-F4.1.1.0
2024-09-04 21:57:39,807 [WARN] PackLoader:240 - Cannot read IP mode file for STMicroelectronics.X-CUBE-FREERTOS.1.2.0
2024-09-04 21:57:39,860 [WARN] PackLoader:240 - Cannot read IP mode file for STMicroelectronics.X-CUBE-AZRTOS-L5.2.0.0
2024-09-04 21:57:39,893 [WARN] PackLoader:240 - Cannot read IP mode file for STMicroelectronics.X-CUBE-DPower.1.2.0
2024-09-04 21:57:39,908 [WARN] PackLoader:240 - Cannot read IP mode file for STMicroelectronics.X-CUBE-AI.9.0.0
2024-09-04 21:57:39,929 [WARN] PackLoader:240 - Cannot read IP mode file for STMicroelectronics.X-CUBE-NFC7.1.0.1
2024-09-04 21:57:39,964 [WARN] PackLoader:240 - Cannot read IP mode file for wolfSSL.I-CUBE-wolfTPM.3.2.0
2024-09-04 21:57:39,982 [WARN] PackLoader:240 - Cannot read IP mode file for STMicroelectronics.X-CUBE-AI.8.1.0
2024-09-04 21:57:40,050 [WARN] ConditionMgr:438 - getConditionDescription Invalid condition id : LAN8742 Phy interface Condition cause : null
2024-09-04 21:57:40,052 [WARN] PackLoader:240 - Cannot read IP mode file for STMicroelectronics.X-CUBE-AZRTOS-L4.2.0.0
2024-09-04 21:57:40,052 [WARN] ConditionMgr:1039 - genDependencies : Invalid condition id : LAN8742 Phy interface Condition cause : null
2024-09-04 21:57:40,052 [WARN] ConditionMgr:1039 - genDependencies : Invalid condition id : LAN8742 Phy interface Condition cause : null
2024-09-04 21:57:40,052 [WARN] ConditionMgr:1039 - genDependencies : Invalid condition id : LAN8742 Phy interface Condition cause : null
2024-09-04 21:57:40,086 [WARN] PackLoader:240 - Cannot read IP mode file for STMicroelectronics.X-CUBE-SFXS2LP1.4.0.0
2024-09-04 21:57:40,156 [WARN] PackLoader:240 - Cannot read IP mode file for STMicroelectronics.X-CUBE-AZRTOS-H7.3.3.0
2024-09-04 21:57:40,209 [WARN] ConditionMgr:438 - getConditionDescription Invalid condition id : UX DEVICE CLASS RTOS Condition cause : null
2024-09-04 21:57:40,209 [WARN] ConditionMgr:438 - getConditionDescription Invalid condition id : UX DEVICE CLASS RTOS Condition cause : null
2024-09-04 21:57:40,209 [WARN] PackLoader:240 - Cannot read IP mode file for STMicroelectronics.X-CUBE-AZRTOS-WB.2.0.0
2024-09-04 21:57:40,224 [WARN] ConditionMgr:1039 - genDependencies : Invalid condition id : UX DEVICE CLASS RTOS Condition cause : null
2024-09-04 21:57:40,224 [WARN] ConditionMgr:1039 - genDependencies : Invalid condition id : UX DEVICE CLASS RTOS Condition cause : null
2024-09-04 21:57:40,226 [WARN] ConditionMgr:1039 - genDependencies : Invalid condition id : UX DEVICE CLASS RTOS Condition cause : null
2024-09-04 21:57:40,226 [WARN] ConditionMgr:1039 - genDependencies : Invalid condition id : UX DEVICE CLASS RTOS Condition cause : null
2024-09-04 21:57:40,226 [WARN] ConditionMgr:1039 - genDependencies : Invalid condition id : UX DEVICE CLASS RTOS Condition cause : null
2024-09-04 21:57:40,259 [WARN] PackLoader:240 - Cannot read IP mode file for STMicroelectronics.FP-SNS-STBOX1.2.0.0
2024-09-04 21:57:40,296 [WARN] PackLoader:240 - Cannot read IP mode file for STMicroelectronics.X-CUBE-SUBG2.5.0.0
2024-09-04 21:57:40,331 [WARN] PackLoader:240 - Cannot read IP mode file for Cesanta.I-CUBE-Mongoose.7.13.0
2024-09-04 21:57:40,383 [WARN] PackLoader:240 - Cannot read IP mode file for STMicroelectronics.X-CUBE-AZRTOS-G4.2.0.0
2024-09-04 21:57:40,401 [WARN] PackLoader:240 - Cannot read IP mode file for STMicroelectronics.FP-SNS-MOTENVWB1.1.3.1
2024-09-04 21:57:40,434 [WARN] PackLoader:240 - Cannot read IP mode file for STMicroelectronics.X-CUBE-ISPU.2.0.0
2024-09-04 21:57:40,453 [WARN] PackLoader:240 - Cannot read IP mode file for STMicroelectronics.X-CUBE-ALS.1.0.2
2024-09-04 21:57:40,540 [WARN] PackLoader:240 - Cannot read IP mode file for STMicroelectronics.X-CUBE-MEMS1.10.0.0
2024-09-04 21:57:40,765 [WARN] PackLoader:240 - Cannot read IP mode file for STMicroelectronics.X-CUBE-FREERTOS.1.1.0
2024-09-04 21:57:40,784 [WARN] PackLoader:240 - Cannot read IP mode file for STMicroelectronics.X-CUBE-TOUCHGFX.4.24.0
2024-09-04 21:57:40,802 [WARN] PackLoader:240 - Cannot read IP mode file for portGmbH.I-Cube-SoM-uGOAL.1.1.0
2024-09-04 21:57:40,819 [WARN] PackLoader:240 - Cannot read IP mode file for STMicroelectronics.X-CUBE-ALS.1.0.1
2024-09-04 21:57:40,872 [WARN] PackLoader:240 - Cannot read IP mode file for STMicroelectronics.X-CUBE-AZRTOS-H7RS.1.0.0
2024-09-04 21:57:40,889 [WARN] PackLoader:240 - Cannot read IP mode file for STMicroelectronics.FP-ATR-ASTRA1.2.0.0
2024-09-04 21:57:40,940 [WARN] PackLoader:240 - Cannot read IP mode file for STMicroelectronics.X-CUBE-TOF1.3.4.2
2024-09-04 21:57:40,976 [WARN] PackLoader:240 - Cannot read IP mode file for STMicroelectronics.X-CUBE-TOF1.3.4.1
2024-09-04 21:57:41,046 [WARN] PackLoader:240 - Cannot read IP mode file for STMicroelectronics.X-CUBE-AZRTOS-H7.3.2.0
2024-09-04 21:57:41,099 [WARN] PackLoader:240 - Cannot read IP mode file for Infineon.AIROC-Wi-Fi-Bluetooth-STM32.1.6.0
2024-09-04 21:57:41,116 [WARN] PackLoader:240 - Cannot read IP mode file for wolfSSL.I-CUBE-wolfSSH.1.4.17
2024-09-04 21:57:41,116 [INFO] ThirdParty:978 - Integrity check success = true
2024-09-04 21:57:41,116 [INFO] IntegrityCheckThread:100 - exiting critical section [integrity check]
2024-09-04 21:57:41,116 [INFO] IntegrityCheckThread:103 - End integrity checks thread
2024-09-04 21:57:44,065 [INFO] WebApp:161 - Instantiating new browser for Auth
2024-09-04 21:57:45,097 [INFO] WebApp:779 - Register for checkConnection events
2024-09-04 21:57:45,097 [INFO] WebApp:414 - Apply proxy settings
2024-09-04 21:57:45,098 [INFO] WebApp:499 - Chromium requires no authentication
2024-09-04 21:57:45,110 [INFO] WebApp:442 - Direct internet connection detected
2024-09-04 21:57:45,461 [INFO] WebApp:192 - Starting web application
2024-09-04 21:57:45,461 [INFO] WebApp:544 - Web application path used C:\ST\STM32CubeIDE_1.15.0\STM32CubeIDE\plugins\com.st.stm32cube.common.mx_6.11.0.202403141607\db\plugins\mcufinder\reactClient1\index.html
2024-09-04 21:57:57,345 [ERROR] LogOutputStream:75 - [STDERR_REDIRECT] 
